2019-05-30 13:31:23,881 DEBUG (BaseJdbcLogger.java:159)- ==>  Preparing: select * from Admin where admin_username=? 
2019-05-30 13:31:23,890 DEBUG (BaseJdbcLogger.java:159)- ==> Parameters: admin(String)
2019-05-30 13:31:23,894 DEBUG (BaseJdbcLogger.java:159)- <==      Total: 1
2019-05-30 13:31:23,899 DEBUG (BaseJdbcLogger.java:159)- ==>  Preparing: select * from admin where admin_username=? and admin_password=? 
2019-05-30 13:31:23,900 DEBUG (BaseJdbcLogger.java:159)- ==> Parameters: admin(String), af7e0928fcba501d8ed0385c794e690fe151bf16(String)
2019-05-30 13:31:23,901 DEBUG (BaseJdbcLogger.java:159)- <==      Total: 0
2019-05-30 13:31:26,212 DEBUG (BaseJdbcLogger.java:159)- ==>  Preparing: select * from Admin where admin_username=? 
2019-05-30 13:31:26,214 DEBUG (BaseJdbcLogger.java:159)- ==> Parameters: admin(String)
2019-05-30 13:31:26,217 DEBUG (BaseJdbcLogger.java:159)- <==      Total: 1
2019-05-30 13:31:26,219 DEBUG (BaseJdbcLogger.java:159)- ==>  Preparing: select * from admin where admin_username=? and admin_password=? 
2019-05-30 13:31:26,220 DEBUG (BaseJdbcLogger.java:159)- ==> Parameters: admin(String), ce7675d0d7c06d17fdd54684e645318c0f26f3a1(String)
2019-05-30 13:31:26,222 DEBUG (BaseJdbcLogger.java:159)- <==      Total: 1
2019-05-30 13:31:26,225 DEBUG (BaseJdbcLogger.java:159)- ==>  Preparing: update admin set admin_lastip = ? where admin_id =? 
2019-05-30 13:31:26,225 DEBUG (BaseJdbcLogger.java:159)- ==> Parameters: 0:0:0:0:0:0:0:1(String), 1(Integer)
2019-05-30 13:31:26,290 DEBUG (BaseJdbcLogger.java:159)- <==    Updates: 1
2019-05-30 13:31:29,343 DEBUG (BaseJdbcLogger.java:159)- ==>  Preparing: select count(*) from advertise 
2019-05-30 13:31:29,344 DEBUG (BaseJdbcLogger.java:159)- ==> Parameters: 
2019-05-30 13:31:29,734 DEBUG (BaseJdbcLogger.java:159)- ==>  Preparing: select count(*) from admin 
2019-05-30 13:31:29,735 DEBUG (BaseJdbcLogger.java:159)- ==> Parameters: 
2019-05-30 13:31:29,736 DEBUG (BaseJdbcLogger.java:159)- <==      Total: 1
2019-05-30 13:31:29,738 DEBUG (BaseJdbcLogger.java:159)- ==>  Preparing: select * from admin 
2019-05-30 13:31:29,739 DEBUG (BaseJdbcLogger.java:159)- ==> Parameters: 
2019-05-30 13:31:29,740 DEBUG (BaseJdbcLogger.java:159)- <==      Total: 2
2019-05-30 13:31:31,020 DEBUG (LoggingCache.java:62)- Cache Hit Ratio [com.yc.dao.Merchant_baseinfoMapper]: 0.07692307692307693
2019-05-30 13:31:31,021 DEBUG (BaseJdbcLogger.java:159)- ==>  Preparing: select count(*) from merchant_baseinfo 
2019-05-30 13:31:31,022 DEBUG (BaseJdbcLogger.java:159)- ==> Parameters: 
2019-05-30 13:31:31,025 DEBUG (BaseJdbcLogger.java:159)- <==      Total: 1
2019-05-30 13:31:31,026 DEBUG (LoggingCache.java:62)- Cache Hit Ratio [com.yc.dao.Merchant_baseinfoMapper]: 0.07142857142857142
2019-05-30 13:31:31,026 DEBUG (BaseJdbcLogger.java:159)- ==>  Preparing: select * from merchant_baseinfo 
2019-05-30 13:31:31,027 DEBUG (BaseJdbcLogger.java:159)- ==> Parameters: 
2019-05-30 13:31:31,029 DEBUG (BaseJdbcLogger.java:159)- <==      Total: 1
2019-05-30 13:31:31,570 DEBUG (BaseJdbcLogger.java:159)- ==>  Preparing: select count(*) from admin 
2019-05-30 13:31:31,571 DEBUG (BaseJdbcLogger.java:159)- ==> Parameters: 
2019-05-30 13:31:31,572 DEBUG (BaseJdbcLogger.java:159)- <==      Total: 1
2019-05-30 13:31:31,573 DEBUG (BaseJdbcLogger.java:159)- ==>  Preparing: select * from admin 
2019-05-30 13:31:31,573 DEBUG (BaseJdbcLogger.java:159)- ==> Parameters: 
2019-05-30 13:31:31,575 DEBUG (BaseJdbcLogger.java:159)- <==      Total: 2
2019-05-30 13:34:22,642 DEBUG (LoggingCache.java:62)- Cache Hit Ratio [com.yc.dao.Merchant_wantedjobMapper]: 0.6881720430107527
2019-05-30 13:34:22,643 DEBUG (BaseJdbcLogger.java:159)- ==>  Preparing: select count(1) from merchant_wantedjob 
2019-05-30 13:34:22,644 DEBUG (BaseJdbcLogger.java:159)- ==> Parameters: 
2019-05-30 13:34:22,647 DEBUG (BaseJdbcLogger.java:159)- <==      Total: 1
2019-05-30 13:34:22,648 DEBUG (LoggingCache.java:62)- Cache Hit Ratio [com.yc.dao.Merchant_wantedjobMapper]: 0.6808510638297872
2019-05-30 13:34:22,649 DEBUG (BaseJdbcLogger.java:159)- ==>  Preparing: select * from merchant_wantedjob limit ?,? 
2019-05-30 13:34:22,650 DEBUG (BaseJdbcLogger.java:159)- ==> Parameters: 0(Integer), 3(Integer)
2019-05-30 13:34:22,651 DEBUG (BaseJdbcLogger.java:159)- <==      Total: 1
2019-05-30 13:34:22,659 DEBUG (LoggingCache.java:62)- Cache Hit Ratio [com.yc.dao.Merchant_wantedjobMapper]: 0.6842105263157895
2019-05-30 13:34:22,660 DEBUG (LoggingCache.java:62)- Cache Hit Ratio [com.yc.dao.Merchant_wantedjobMapper]: 0.6875
2019-05-30 15:14:37,519 DEBUG (LoggingCache.java:62)- Cache Hit Ratio [com.yc.dao.Merchant_baseinfoMapper]: 0.06666666666666667
2019-05-30 15:14:37,525 DEBUG (BaseJdbcLogger.java:159)- ==>  Preparing: select count(1) from merchant_baseinfo where merchant_username=? 
2019-05-30 15:14:37,528 DEBUG (BaseJdbcLogger.java:159)- ==> Parameters: 18374720450(String)
2019-05-30 15:14:37,535 DEBUG (BaseJdbcLogger.java:159)- <==      Total: 1
2019-05-30 15:14:37,536 DEBUG (LoggingCache.java:62)- Cache Hit Ratio [com.yc.dao.Merchant_baseinfoMapper]: 0.0625
2019-05-30 15:14:37,536 DEBUG (BaseJdbcLogger.java:159)- ==>  Preparing: select * from merchant_baseinfo where merchant_username=? and merchant_password=? 
2019-05-30 15:14:37,537 DEBUG (BaseJdbcLogger.java:159)- ==> Parameters: 18374720450(String), ce7675d0d7c06d17fdd54684e645318c0f26f3a1(String)
2019-05-30 15:14:37,539 DEBUG (BaseJdbcLogger.java:159)- <==      Total: 1
2019-05-30 15:14:38,444 DEBUG (LoggingCache.java:62)- Cache Hit Ratio [com.yc.dao.Merchant_wantedjobMapper]: 0.6804123711340206
2019-05-30 15:14:38,445 DEBUG (BaseJdbcLogger.java:159)- ==>  Preparing: select count(1) from merchant_wantedjob 
2019-05-30 15:14:38,445 DEBUG (BaseJdbcLogger.java:159)- ==> Parameters: 
2019-05-30 15:14:38,447 DEBUG (LoggingCache.java:62)- Cache Hit Ratio [com.yc.dao.Merchant_wantedjobMapper]: 0.673469387755102
2019-05-30 15:14:38,447 DEBUG (BaseJdbcLogger.java:159)- ==>  Preparing: select count(1) from merchant_wantedjob 
2019-05-30 15:14:38,448 DEBUG (BaseJdbcLogger.java:159)- <==      Total: 1
2019-05-30 15:14:38,448 DEBUG (BaseJdbcLogger.java:159)- ==> Parameters: 
2019-05-30 15:14:38,450 DEBUG (LoggingCache.java:62)- Cache Hit Ratio [com.yc.dao.Merchant_wantedjobMapper]: 0.6666666666666666
2019-05-30 15:14:38,452 DEBUG (BaseJdbcLogger.java:159)- ==>  Preparing: select * from merchant_wantedjob limit ?,? 
2019-05-30 15:14:38,452 DEBUG (BaseJdbcLogger.java:159)- <==      Total: 1
2019-05-30 15:14:38,452 DEBUG (BaseJdbcLogger.java:159)- ==> Parameters: 0(Integer), 3(Integer)
2019-05-30 15:14:38,453 DEBUG (LoggingCache.java:62)- Cache Hit Ratio [com.yc.dao.Merchant_wantedjobMapper]: 0.66
2019-05-30 15:14:38,454 DEBUG (BaseJdbcLogger.java:159)- ==>  Preparing: select * from merchant_wantedjob limit ?,? 
2019-05-30 15:14:38,454 DEBUG (BaseJdbcLogger.java:159)- ==> Parameters: 0(Integer), 3(Integer)
2019-05-30 15:14:38,454 DEBUG (BaseJdbcLogger.java:159)- <==      Total: 1
2019-05-30 15:14:38,472 DEBUG (BaseJdbcLogger.java:159)- <==      Total: 1
2019-05-30 15:14:39,285 DEBUG (LoggingCache.java:62)- Cache Hit Ratio [com.yc.dao.Merchant_wantedjobMapper]: 0.6633663366336634
2019-05-30 15:14:39,286 DEBUG (LoggingCache.java:62)- Cache Hit Ratio [com.yc.dao.Merchant_wantedjobMapper]: 0.6666666666666666
2019-05-30 18:04:53,420 DEBUG (LoggingCache.java:62)- Cache Hit Ratio [com.yc.dao.Merchant_wantedjobMapper]: 0.6601941747572816
2019-05-30 18:04:53,428 DEBUG (BaseJdbcLogger.java:159)- ==>  Preparing: select count(1) from merchant_wantedjob 
2019-05-30 18:04:53,430 DEBUG (BaseJdbcLogger.java:159)- ==> Parameters: 
2019-05-30 18:04:53,431 DEBUG (LoggingCache.java:62)- Cache Hit Ratio [com.yc.dao.Merchant_wantedjobMapper]: 0.6538461538461539
2019-05-30 18:04:53,432 DEBUG (BaseJdbcLogger.java:159)- ==>  Preparing: select count(1) from merchant_wantedjob 
2019-05-30 18:04:53,433 DEBUG (BaseJdbcLogger.java:159)- ==> Parameters: 
2019-05-30 18:04:53,436 DEBUG (BaseJdbcLogger.java:159)- <==      Total: 1
2019-05-30 18:04:53,437 DEBUG (BaseJdbcLogger.java:159)- <==      Total: 1
2019-05-30 18:04:53,440 DEBUG (LoggingCache.java:62)- Cache Hit Ratio [com.yc.dao.Merchant_wantedjobMapper]: 0.6476190476190476
2019-05-30 18:04:53,440 DEBUG (LoggingCache.java:62)- Cache Hit Ratio [com.yc.dao.Merchant_wantedjobMapper]: 0.6415094339622641
2019-05-30 18:04:53,440 DEBUG (BaseJdbcLogger.java:159)- ==>  Preparing: select * from merchant_wantedjob limit ?,? 
2019-05-30 18:04:53,441 DEBUG (BaseJdbcLogger.java:159)- ==>  Preparing: select * from merchant_wantedjob limit ?,? 
2019-05-30 18:04:53,442 DEBUG (BaseJdbcLogger.java:159)- ==> Parameters: 0(Integer), 3(Integer)
2019-05-30 18:04:53,442 DEBUG (BaseJdbcLogger.java:159)- ==> Parameters: 0(Integer), 3(Integer)
2019-05-30 18:04:53,451 DEBUG (BaseJdbcLogger.java:159)- <==      Total: 1
2019-05-30 18:04:53,451 DEBUG (BaseJdbcLogger.java:159)- <==      Total: 1
2019-05-30 18:04:54,646 DEBUG (LoggingCache.java:62)- Cache Hit Ratio [com.yc.dao.Merchant_wantedjobMapper]: 0.6448598130841121
2019-05-30 18:04:54,647 DEBUG (LoggingCache.java:62)- Cache Hit Ratio [com.yc.dao.Merchant_wantedjobMapper]: 0.6481481481481481
2019-05-30 18:04:54,649 DEBUG (LoggingCache.java:62)- Cache Hit Ratio [com.yc.dao.Merchant_wantedjobMapper]: 0.6513761467889908
2019-05-30 18:04:54,652 DEBUG (LoggingCache.java:62)- Cache Hit Ratio [com.yc.dao.Merchant_wantedjobMapper]: 0.6545454545454545
2019-05-30 18:09:35,442 DEBUG (LoggingCache.java:62)- Cache Hit Ratio [com.yc.dao.Merchant_baseinfoMapper]: 0.058823529411764705
2019-05-30 18:09:35,443 DEBUG (BaseJdbcLogger.java:159)- ==>  Preparing: select count(1) from merchant_baseinfo where merchant_username=? 
2019-05-30 18:09:35,444 DEBUG (BaseJdbcLogger.java:159)- ==> Parameters: 18374720450(String)
2019-05-30 18:09:35,446 DEBUG (BaseJdbcLogger.java:159)- <==      Total: 1
2019-05-30 18:09:35,448 DEBUG (LoggingCache.java:62)- Cache Hit Ratio [com.yc.dao.Merchant_baseinfoMapper]: 0.05555555555555555
2019-05-30 18:09:35,448 DEBUG (BaseJdbcLogger.java:159)- ==>  Preparing: select * from merchant_baseinfo where merchant_username=? and merchant_password=? 
2019-05-30 18:09:35,450 DEBUG (BaseJdbcLogger.java:159)- ==> Parameters: 18374720450(String), ce7675d0d7c06d17fdd54684e645318c0f26f3a1(String)
2019-05-30 18:09:35,452 DEBUG (BaseJdbcLogger.java:159)- <==      Total: 1
2019-05-30 18:09:36,619 DEBUG (LoggingCache.java:62)- Cache Hit Ratio [com.yc.dao.Merchant_wantedjobMapper]: 0.6486486486486487
2019-05-30 18:09:36,620 DEBUG (BaseJdbcLogger.java:159)- ==>  Preparing: select count(1) from merchant_wantedjob 
2019-05-30 18:09:36,620 DEBUG (BaseJdbcLogger.java:159)- ==> Parameters: 
2019-05-30 18:09:36,622 DEBUG (BaseJdbcLogger.java:159)- <==      Total: 1
2019-05-30 18:09:36,623 DEBUG (LoggingCache.java:62)- Cache Hit Ratio [com.yc.dao.Merchant_wantedjobMapper]: 0.6428571428571429
2019-05-30 18:09:36,624 DEBUG (BaseJdbcLogger.java:159)- ==>  Preparing: select * from merchant_wantedjob limit ?,? 
2019-05-30 18:09:36,625 DEBUG (BaseJdbcLogger.java:159)- ==> Parameters: 0(Integer), 3(Integer)
2019-05-30 18:09:36,626 DEBUG (LoggingCache.java:62)- Cache Hit Ratio [com.yc.dao.Merchant_wantedjobMapper]: 0.6371681415929203
2019-05-30 18:09:36,626 DEBUG (BaseJdbcLogger.java:159)- <==      Total: 1
2019-05-30 18:09:36,626 DEBUG (BaseJdbcLogger.java:159)- ==>  Preparing: select count(1) from merchant_wantedjob 
2019-05-30 18:09:36,627 DEBUG (BaseJdbcLogger.java:159)- ==> Parameters: 
2019-05-30 18:09:36,628 DEBUG (BaseJdbcLogger.java:159)- <==      Total: 1
2019-05-30 18:09:36,629 DEBUG (LoggingCache.java:62)- Cache Hit Ratio [com.yc.dao.Merchant_wantedjobMapper]: 0.6403508771929824
2019-05-30 18:14:49,114 DEBUG (LoggingCache.java:62)- Cache Hit Ratio [com.yc.dao.Merchant_wantedjobMapper]: 0.6347826086956522
2019-05-30 18:14:49,116 DEBUG (BaseJdbcLogger.java:159)- ==>  Preparing: select count(1) from merchant_wantedjob 
2019-05-30 18:14:49,117 DEBUG (BaseJdbcLogger.java:159)- ==> Parameters: 
2019-05-30 18:14:49,118 DEBUG (BaseJdbcLogger.java:159)- <==      Total: 1
2019-05-30 18:14:49,120 DEBUG (LoggingCache.java:62)- Cache Hit Ratio [com.yc.dao.Merchant_wantedjobMapper]: 0.6293103448275862
2019-05-30 18:14:49,120 DEBUG (BaseJdbcLogger.java:159)- ==>  Preparing: select * from merchant_wantedjob limit ?,? 
2019-05-30 18:14:49,121 DEBUG (BaseJdbcLogger.java:159)- ==> Parameters: 0(Integer), 3(Integer)
2019-05-30 18:14:49,123 DEBUG (BaseJdbcLogger.java:159)- <==      Total: 1
2019-05-30 18:15:02,761 DEBUG (LoggingCache.java:62)- Cache Hit Ratio [com.yc.dao.Merchant_baseinfoMapper]: 0.05263157894736842
2019-05-30 18:15:02,762 DEBUG (BaseJdbcLogger.java:159)- ==>  Preparing: select * from merchant_baseinfo where merchant_username=? 
2019-05-30 18:15:02,763 DEBUG (BaseJdbcLogger.java:159)- ==> Parameters: 18374720450(String)
2019-05-30 18:15:02,764 DEBUG (BaseJdbcLogger.java:159)- <==      Total: 1
2019-05-30 18:17:23,663 DEBUG (LoggingCache.java:62)- Cache Hit Ratio [com.yc.dao.Merchant_wantedjobMapper]: 0.6239316239316239
2019-05-30 18:17:23,664 DEBUG (BaseJdbcLogger.java:159)- ==>  Preparing: select count(1) from merchant_wantedjob 
2019-05-30 18:17:23,665 DEBUG (BaseJdbcLogger.java:159)- ==> Parameters: 
2019-05-30 18:17:23,666 DEBUG (BaseJdbcLogger.java:159)- <==      Total: 1
2019-05-30 18:17:23,667 DEBUG (LoggingCache.java:62)- Cache Hit Ratio [com.yc.dao.Merchant_wantedjobMapper]: 0.6186440677966102
2019-05-30 18:17:23,668 DEBUG (BaseJdbcLogger.java:159)- ==>  Preparing: select * from merchant_wantedjob limit ?,? 
2019-05-30 18:17:23,668 DEBUG (BaseJdbcLogger.java:159)- ==> Parameters: 0(Integer), 3(Integer)
2019-05-30 18:17:23,670 DEBUG (BaseJdbcLogger.java:159)- <==      Total: 1
2019-05-30 18:17:25,081 DEBUG (LoggingCache.java:62)- Cache Hit Ratio [com.yc.dao.Merchant_baseinfoMapper]: 0.05
2019-05-30 18:17:25,082 DEBUG (BaseJdbcLogger.java:159)- ==>  Preparing: select * from merchant_baseinfo where merchant_username=? 
2019-05-30 18:17:25,083 DEBUG (BaseJdbcLogger.java:159)- ==> Parameters: 18374720450(String)
2019-05-30 18:17:25,084 DEBUG (BaseJdbcLogger.java:159)- <==      Total: 1
2019-05-30 18:20:36,337 DEBUG (LoggingCache.java:62)- Cache Hit Ratio [com.yc.dao.Merchant_wantedjobMapper]: 0.6134453781512605
2019-05-30 18:20:36,338 DEBUG (BaseJdbcLogger.java:159)- ==>  Preparing: select count(1) from merchant_wantedjob 
2019-05-30 18:20:36,339 DEBUG (BaseJdbcLogger.java:159)- ==> Parameters: 
2019-05-30 18:20:36,340 DEBUG (BaseJdbcLogger.java:159)- <==      Total: 1
2019-05-30 18:20:36,342 DEBUG (LoggingCache.java:62)- Cache Hit Ratio [com.yc.dao.Merchant_wantedjobMapper]: 0.6083333333333333
2019-05-30 18:20:36,342 DEBUG (BaseJdbcLogger.java:159)- ==>  Preparing: select * from merchant_wantedjob limit ?,? 
2019-05-30 18:20:36,344 DEBUG (BaseJdbcLogger.java:159)- ==> Parameters: 0(Integer), 3(Integer)
2019-05-30 18:20:36,345 DEBUG (BaseJdbcLogger.java:159)- <==      Total: 1
2019-05-30 18:20:41,435 DEBUG (LoggingCache.java:62)- Cache Hit Ratio [com.yc.dao.Merchant_baseinfoMapper]: 0.047619047619047616
2019-05-30 18:20:41,436 DEBUG (BaseJdbcLogger.java:159)- ==>  Preparing: select * from merchant_baseinfo where merchant_username=? 
2019-05-30 18:20:41,436 DEBUG (BaseJdbcLogger.java:159)- ==> Parameters: 18374720450(String)
2019-05-30 18:20:41,438 DEBUG (BaseJdbcLogger.java:159)- <==      Total: 1
2019-05-30 18:20:55,928 DEBUG (LoggingCache.java:62)- Cache Hit Ratio [com.yc.dao.Merchant_baseinfoMapper]: 0.09090909090909091
2019-05-30 18:21:29,288 DEBUG (LoggingCache.java:62)- Cache Hit Ratio [com.yc.dao.Merchant_wantedjobMapper]: 0.6033057851239669
2019-05-30 18:21:29,289 DEBUG (BaseJdbcLogger.java:159)- ==>  Preparing: select merchant_wantedjob_id, title,posttime from merchant_wantedjob where merchant_id=? 
2019-05-30 18:21:29,289 DEBUG (BaseJdbcLogger.java:159)- ==> Parameters: 3(Integer)
2019-05-30 18:21:29,290 DEBUG (BaseJdbcLogger.java:159)- <==      Total: 1
2019-05-30 18:21:31,058 DEBUG (LoggingCache.java:62)- Cache Hit Ratio [com.yc.dao.Merchant_wantedjobMapper]: 0.5983606557377049
2019-05-30 18:21:31,059 DEBUG (BaseJdbcLogger.java:159)- ==>  Preparing: select * from merchant_wantedjob where merchant_wantedjob_id=? 
2019-05-30 18:21:31,060 DEBUG (BaseJdbcLogger.java:159)- ==> Parameters: 7(Integer)
2019-05-30 18:21:31,064 DEBUG (BaseJdbcLogger.java:159)- <==      Total: 1
2019-05-30 18:22:00,248 DEBUG (LoggingCache.java:62)- Cache Hit Ratio [com.yc.dao.Merchant_wantedjobMapper]: 0.5934959349593496
2019-05-30 18:22:00,249 DEBUG (BaseJdbcLogger.java:159)- ==>  Preparing: select count(1) from merchant_wantedjob 
2019-05-30 18:22:00,250 DEBUG (BaseJdbcLogger.java:159)- ==> Parameters: 
2019-05-30 18:22:00,251 DEBUG (BaseJdbcLogger.java:159)- <==      Total: 1
2019-05-30 18:22:00,252 DEBUG (LoggingCache.java:62)- Cache Hit Ratio [com.yc.dao.Merchant_wantedjobMapper]: 0.5887096774193549
2019-05-30 18:22:00,253 DEBUG (BaseJdbcLogger.java:159)- ==>  Preparing: select * from merchant_wantedjob limit ?,? 
2019-05-30 18:22:00,255 DEBUG (BaseJdbcLogger.java:159)- ==> Parameters: 0(Integer), 3(Integer)
2019-05-30 18:22:00,257 DEBUG (BaseJdbcLogger.java:159)- <==      Total: 1
2019-05-30 18:22:01,313 DEBUG (LoggingCache.java:62)- Cache Hit Ratio [com.yc.dao.Merchant_wantedjobMapper]: 0.584
2019-05-30 18:22:01,314 DEBUG (BaseJdbcLogger.java:159)- ==>  Preparing: select merchant_wantedjob_id, title,posttime from merchant_wantedjob where merchant_id=? 
2019-05-30 18:22:01,314 DEBUG (BaseJdbcLogger.java:159)- ==> Parameters: 3(Integer)
2019-05-30 18:22:01,316 DEBUG (BaseJdbcLogger.java:159)- <==      Total: 1
2019-05-30 18:22:02,725 DEBUG (LoggingCache.java:62)- Cache Hit Ratio [com.yc.dao.Merchant_wantedjobMapper]: 0.5793650793650794
2019-05-30 18:22:02,726 DEBUG (BaseJdbcLogger.java:159)- ==>  Preparing: select * from merchant_wantedjob where merchant_wantedjob_id=? 
2019-05-30 18:22:02,727 DEBUG (BaseJdbcLogger.java:159)- ==> Parameters: 7(Integer)
2019-05-30 18:22:02,729 DEBUG (BaseJdbcLogger.java:159)- <==      Total: 1
2019-05-30 18:22:16,346 DEBUG (LoggingCache.java:62)- Cache Hit Ratio [com.yc.dao.Merchant_wantedjobMapper]: 0.5826771653543307
2019-05-30 18:22:16,347 DEBUG (LoggingCache.java:62)- Cache Hit Ratio [com.yc.dao.Merchant_wantedjobMapper]: 0.5859375
2019-05-30 18:23:51,029 DEBUG (LoggingCache.java:62)- Cache Hit Ratio [com.yc.dao.Merchant_wantedjobMapper]: 0.5813953488372093
2019-05-30 18:23:51,029 DEBUG (BaseJdbcLogger.java:159)- ==>  Preparing: select merchant_wantedjob_id, title,posttime from merchant_wantedjob where merchant_id=? 
2019-05-30 18:23:51,031 DEBUG (BaseJdbcLogger.java:159)- ==> Parameters: 3(Integer)
2019-05-30 18:23:51,032 DEBUG (BaseJdbcLogger.java:159)- <==      Total: 1
2019-05-30 18:23:51,800 DEBUG (LoggingCache.java:62)- Cache Hit Ratio [com.yc.dao.Merchant_wantedjobMapper]: 0.5769230769230769
2019-05-30 18:23:51,800 DEBUG (BaseJdbcLogger.java:159)- ==>  Preparing: select * from merchant_wantedjob where merchant_wantedjob_id=? 
2019-05-30 18:23:51,801 DEBUG (BaseJdbcLogger.java:159)- ==> Parameters: 7(Integer)
2019-05-30 18:23:51,802 DEBUG (BaseJdbcLogger.java:159)- <==      Total: 1
2019-05-30 18:23:57,144 DEBUG (LoggingCache.java:62)- Cache Hit Ratio [com.yc.dao.Merchant_wantedjobMapper]: 0.5801526717557252
2019-05-30 18:24:55,323 INFO (StartupInfoLogger.java:48)- Starting RecruitApplication on Hsiao with PID 8400 (F:\workspace\college_parttimejob1\target\classes started by Hsiao in F:\workspace\college_parttimejob1)
2019-05-30 18:24:55,323 DEBUG (StartupInfoLogger.java:51)- Running with Spring Boot v1.5.4.RELEASE, Spring v4.3.9.RELEASE
2019-05-30 18:24:55,323 INFO (SpringApplication.java:597)- The following profiles are active: dev
2019-05-30 18:24:57,504 DEBUG (LoggingCache.java:62)- Cache Hit Ratio [com.yc.dao.JobMapper]: 0.0
2019-05-30 18:24:57,552 DEBUG (BaseJdbcLogger.java:159)- ==>  Preparing: select * from job 
2019-05-30 18:24:57,552 DEBUG (BaseJdbcLogger.java:159)- ==> Parameters: 
2019-05-30 18:24:57,558 DEBUG (BaseJdbcLogger.java:159)- <==      Total: 60
2019-05-30 18:24:59,007 INFO (StartupInfoLogger.java:57)- Started RecruitApplication in 3.761 seconds (JVM running for 214199.43)
2019-05-30 18:24:59,805 DEBUG (LoggingCache.java:62)- Cache Hit Ratio [com.yc.dao.Merchant_wantedjobMapper]: 0.0
2019-05-30 18:24:59,807 DEBUG (BaseJdbcLogger.java:159)- ==>  Preparing: select count(1) from merchant_wantedjob 
2019-05-30 18:24:59,809 DEBUG (BaseJdbcLogger.java:159)- ==> Parameters: 
2019-05-30 18:24:59,812 DEBUG (BaseJdbcLogger.java:159)- <==      Total: 1
2019-05-30 18:24:59,821 DEBUG (LoggingCache.java:62)- Cache Hit Ratio [com.yc.dao.Merchant_wantedjobMapper]: 0.0
2019-05-30 18:24:59,823 DEBUG (BaseJdbcLogger.java:159)- ==>  Preparing: select * from merchant_wantedjob limit ?,? 
2019-05-30 18:24:59,824 DEBUG (BaseJdbcLogger.java:159)- ==> Parameters: 0(Integer), 3(Integer)
2019-05-30 18:24:59,826 DEBUG (BaseJdbcLogger.java:159)- <==      Total: 1
2019-05-30 18:25:02,620 DEBUG (LoggingCache.java:62)- Cache Hit Ratio [com.yc.dao.Merchant_wantedjobMapper]: 0.0
2019-05-30 18:25:02,621 DEBUG (BaseJdbcLogger.java:159)- ==>  Preparing: select merchant_wantedjob_id, title,posttime from merchant_wantedjob where merchant_id=? 
2019-05-30 18:25:02,622 DEBUG (BaseJdbcLogger.java:159)- ==> Parameters: 3(Integer)
2019-05-30 18:25:02,623 DEBUG (BaseJdbcLogger.java:159)- <==      Total: 1
2019-05-30 18:25:04,620 DEBUG (LoggingCache.java:62)- Cache Hit Ratio [com.yc.dao.Merchant_wantedjobMapper]: 0.0
2019-05-30 18:25:04,620 DEBUG (BaseJdbcLogger.java:159)- ==>  Preparing: select * from merchant_wantedjob where merchant_wantedjob_id=? 
2019-05-30 18:25:04,622 DEBUG (BaseJdbcLogger.java:159)- ==> Parameters: 7(Integer)
2019-05-30 18:25:04,624 DEBUG (BaseJdbcLogger.java:159)- <==      Total: 1
2019-05-30 18:25:47,804 DEBUG (BaseJdbcLogger.java:159)- ==>  Preparing: update merchant_wantedjob set title=?, salary=?, ,workdescp=?,workcleanform=?,workdemand=?,workcontent=? where merchant_wantedjob_id=? 
2019-05-30 18:25:47,807 DEBUG (BaseJdbcLogger.java:159)- ==> Parameters: 洗碗工(String), 100.0(Double), 餐厅洗碗(String), 日结(String), 洗碗(String), 洗碗(String), 7(Integer)
2019-05-30 18:26:55,546 INFO (StartupInfoLogger.java:48)- Starting RecruitApplication on Hsiao with PID 8400 (F:\workspace\college_parttimejob1\target\classes started by Hsiao in F:\workspace\college_parttimejob1)
2019-05-30 18:26:55,546 DEBUG (StartupInfoLogger.java:51)- Running with Spring Boot v1.5.4.RELEASE, Spring v4.3.9.RELEASE
2019-05-30 18:26:55,546 INFO (SpringApplication.java:597)- The following profiles are active: dev
2019-05-30 18:26:56,762 DEBUG (LoggingCache.java:62)- Cache Hit Ratio [com.yc.dao.JobMapper]: 0.0
2019-05-30 18:26:56,799 DEBUG (BaseJdbcLogger.java:159)- ==>  Preparing: select * from job 
2019-05-30 18:26:56,799 DEBUG (BaseJdbcLogger.java:159)- ==> Parameters: 
2019-05-30 18:26:56,803 DEBUG (BaseJdbcLogger.java:159)- <==      Total: 60
2019-05-30 18:26:57,914 INFO (StartupInfoLogger.java:57)- Started RecruitApplication in 2.41 seconds (JVM running for 214318.337)
2019-05-30 18:27:21,504 DEBUG (LoggingCache.java:62)- Cache Hit Ratio [com.yc.dao.Merchant_wantedjobMapper]: 0.0
2019-05-30 18:27:21,505 DEBUG (BaseJdbcLogger.java:159)- ==>  Preparing: select count(1) from merchant_wantedjob 
2019-05-30 18:27:21,505 DEBUG (BaseJdbcLogger.java:159)- ==> Parameters: 
2019-05-30 18:27:21,507 DEBUG (BaseJdbcLogger.java:159)- <==      Total: 1
2019-05-30 18:27:21,508 DEBUG (LoggingCache.java:62)- Cache Hit Ratio [com.yc.dao.Merchant_wantedjobMapper]: 0.0
2019-05-30 18:27:21,509 DEBUG (BaseJdbcLogger.java:159)- ==>  Preparing: select * from merchant_wantedjob limit ?,? 
2019-05-30 18:27:21,509 DEBUG (BaseJdbcLogger.java:159)- ==> Parameters: 0(Integer), 3(Integer)
2019-05-30 18:27:21,511 DEBUG (BaseJdbcLogger.java:159)- <==      Total: 1
2019-05-30 18:27:23,609 DEBUG (LoggingCache.java:62)- Cache Hit Ratio [com.yc.dao.Merchant_wantedjobMapper]: 0.0
2019-05-30 18:27:23,610 DEBUG (BaseJdbcLogger.java:159)- ==>  Preparing: select merchant_wantedjob_id, title,posttime from merchant_wantedjob where merchant_id=? 
2019-05-30 18:27:23,611 DEBUG (BaseJdbcLogger.java:159)- ==> Parameters: 3(Integer)
2019-05-30 18:27:23,613 DEBUG (BaseJdbcLogger.java:159)- <==      Total: 1
2019-05-30 18:27:25,291 DEBUG (LoggingCache.java:62)- Cache Hit Ratio [com.yc.dao.Merchant_wantedjobMapper]: 0.0
2019-05-30 18:27:25,291 DEBUG (BaseJdbcLogger.java:159)- ==>  Preparing: select * from merchant_wantedjob where merchant_wantedjob_id=? 
2019-05-30 18:27:25,292 DEBUG (BaseJdbcLogger.java:159)- ==> Parameters: 7(Integer)
2019-05-30 18:27:25,294 DEBUG (BaseJdbcLogger.java:159)- <==      Total: 1
2019-05-30 18:28:12,807 DEBUG (BaseJdbcLogger.java:159)- ==>  Preparing: update merchant_wantedjob set title=?, salary=? ,workdescp=?,workcleanform=?,workdemand=?,workcontent=? where merchant_wantedjob_id=? 
2019-05-30 18:28:12,808 DEBUG (BaseJdbcLogger.java:159)- ==> Parameters: 洗碗工(String), 100.0(Double), 餐厅洗碗 (String), 日结(String), 最好一个星期能上4天班以上 (String), 餐厅洗碗(String), 7(Integer)
2019-05-30 18:28:12,810 DEBUG (BaseJdbcLogger.java:159)- <==    Updates: 1
2019-05-30 18:31:40,196 INFO (StartupInfoLogger.java:48)- Starting RecruitApplication on Hsiao with PID 8400 (F:\workspace\college_parttimejob1\target\classes started by Hsiao in F:\workspace\college_parttimejob1)
2019-05-30 18:31:40,196 DEBUG (StartupInfoLogger.java:51)- Running with Spring Boot v1.5.4.RELEASE, Spring v4.3.9.RELEASE
2019-05-30 18:31:40,197 INFO (SpringApplication.java:597)- The following profiles are active: dev
2019-05-30 18:31:41,504 DEBUG (LoggingCache.java:62)- Cache Hit Ratio [com.yc.dao.JobMapper]: 0.0
2019-05-30 18:31:41,548 DEBUG (BaseJdbcLogger.java:159)- ==>  Preparing: select * from job 
2019-05-30 18:31:41,548 DEBUG (BaseJdbcLogger.java:159)- ==> Parameters: 
2019-05-30 18:31:41,553 DEBUG (BaseJdbcLogger.java:159)- <==      Total: 60
2019-05-30 18:31:42,771 INFO (StartupInfoLogger.java:57)- Started RecruitApplication in 2.632 seconds (JVM running for 214603.194)
2019-05-30 18:33:32,938 DEBUG (BaseJdbcLogger.java:159)- ==>  Preparing: update merchant_wantedjob set title=?, salary=? ,workdescp=?,workcleanform=?,workdemand=?,workcontent=? where merchant_wantedjob_id=? 
2019-05-30 18:33:32,939 DEBUG (BaseJdbcLogger.java:159)- ==> Parameters: 洗碗工(String), 100.0(Double), 餐厅洗碗 (String), 日结(String), 最好一个星期能上4天班以上 (String), 餐厅洗碗(String), 7(Integer)
2019-05-30 18:33:32,941 DEBUG (BaseJdbcLogger.java:159)- <==    Updates: 1
2019-05-30 18:34:16,419 DEBUG (LoggingCache.java:62)- Cache Hit Ratio [com.yc.dao.Merchant_wantedjobMapper]: 0.0
2019-05-30 18:34:16,420 DEBUG (BaseJdbcLogger.java:159)- ==>  Preparing: select count(1) from merchant_wantedjob 
2019-05-30 18:34:16,421 DEBUG (BaseJdbcLogger.java:159)- ==> Parameters: 
2019-05-30 18:34:16,423 DEBUG (BaseJdbcLogger.java:159)- <==      Total: 1
2019-05-30 18:34:16,424 DEBUG (LoggingCache.java:62)- Cache Hit Ratio [com.yc.dao.Merchant_wantedjobMapper]: 0.0
2019-05-30 18:34:16,425 DEBUG (BaseJdbcLogger.java:159)- ==>  Preparing: select * from merchant_wantedjob limit ?,? 
2019-05-30 18:34:16,425 DEBUG (BaseJdbcLogger.java:159)- ==> Parameters: 0(Integer), 3(Integer)
2019-05-30 18:34:16,427 DEBUG (BaseJdbcLogger.java:159)- <==      Total: 1
2019-05-30 18:34:19,008 DEBUG (LoggingCache.java:62)- Cache Hit Ratio [com.yc.dao.Merchant_wantedjobMapper]: 0.0
2019-05-30 18:34:19,009 DEBUG (BaseJdbcLogger.java:159)- ==>  Preparing: select merchant_wantedjob_id, title,posttime from merchant_wantedjob where merchant_id=? 
2019-05-30 18:34:19,010 DEBUG (BaseJdbcLogger.java:159)- ==> Parameters: 3(Integer)
2019-05-30 18:34:19,011 DEBUG (BaseJdbcLogger.java:159)- <==      Total: 1
2019-05-30 18:34:35,120 DEBUG (LoggingCache.java:62)- Cache Hit Ratio [com.yc.dao.ApplyinfoMapper]: 0.0
2019-05-30 18:34:35,121 DEBUG (BaseJdbcLogger.java:159)- ==>  Preparing: select * from applyinfo app left join student_baseinfo stu on app.stu_id=stu.stu_id where app.merchant_wantedjob_id = ? 
2019-05-30 18:34:35,121 DEBUG (BaseJdbcLogger.java:159)- ==> Parameters: 7(Integer)
2019-05-30 18:34:35,124 DEBUG (BaseJdbcLogger.java:159)- <==      Total: 0
2019-05-30 18:34:36,083 DEBUG (LoggingCache.java:62)- Cache Hit Ratio [com.yc.dao.Merchant_wantedjobMapper]: 0.0
2019-05-30 18:34:36,084 DEBUG (BaseJdbcLogger.java:159)- ==>  Preparing: select * from merchant_wantedjob where merchant_wantedjob_id=? 
2019-05-30 18:34:36,085 DEBUG (BaseJdbcLogger.java:159)- ==> Parameters: 7(Integer)
2019-05-30 18:34:36,086 DEBUG (BaseJdbcLogger.java:159)- <==      Total: 1
2019-05-30 18:35:08,683 INFO (StartupInfoLogger.java:48)- Starting RecruitApplication on Hsiao with PID 8400 (F:\workspace\college_parttimejob1\target\classes started by Hsiao in F:\workspace\college_parttimejob1)
2019-05-30 18:35:08,683 DEBUG (StartupInfoLogger.java:51)- Running with Spring Boot v1.5.4.RELEASE, Spring v4.3.9.RELEASE
2019-05-30 18:35:08,684 INFO (SpringApplication.java:597)- The following profiles are active: dev
2019-05-30 18:35:09,997 DEBUG (LoggingCache.java:62)- Cache Hit Ratio [com.yc.dao.JobMapper]: 0.0
2019-05-30 18:35:10,027 DEBUG (BaseJdbcLogger.java:159)- ==>  Preparing: select * from job 
2019-05-30 18:35:10,027 DEBUG (BaseJdbcLogger.java:159)- ==> Parameters: 
2019-05-30 18:35:10,031 DEBUG (BaseJdbcLogger.java:159)- <==      Total: 60
2019-05-30 18:35:10,924 INFO (StartupInfoLogger.java:57)- Started RecruitApplication in 2.294 seconds (JVM running for 214811.348)
2019-05-30 18:35:18,882 DEBUG (BaseJdbcLogger.java:159)- ==>  Preparing: update merchant_wantedjob set title=?, salary=? ,workdescp=?,workcleanform=?,workdemand=?,workcontent=? where merchant_wantedjob_id=? 
2019-05-30 18:35:18,883 DEBUG (BaseJdbcLogger.java:159)- ==> Parameters: 洗碗工(String), 100.0(Double), 餐厅洗碗  (String), 日结(String), 最好一个星期能上4天班以上  (String), 餐厅洗碗 (String), 7(Integer)
2019-05-30 18:35:18,884 DEBUG (BaseJdbcLogger.java:159)- <==    Updates: 1
2019-05-30 18:35:20,573 DEBUG (LoggingCache.java:62)- Cache Hit Ratio [com.yc.dao.Merchant_wantedjobMapper]: 0.0
2019-05-30 18:35:20,574 DEBUG (BaseJdbcLogger.java:159)- ==>  Preparing: select count(1) from merchant_wantedjob 
2019-05-30 18:35:20,574 DEBUG (BaseJdbcLogger.java:159)- ==> Parameters: 
2019-05-30 18:35:20,576 DEBUG (BaseJdbcLogger.java:159)- <==      Total: 1
2019-05-30 18:35:20,577 DEBUG (LoggingCache.java:62)- Cache Hit Ratio [com.yc.dao.Merchant_wantedjobMapper]: 0.0
2019-05-30 18:35:20,579 DEBUG (BaseJdbcLogger.java:159)- ==>  Preparing: select * from merchant_wantedjob limit ?,? 
2019-05-30 18:35:20,580 DEBUG (BaseJdbcLogger.java:159)- ==> Parameters: 0(Integer), 3(Integer)
2019-05-30 18:35:20,581 DEBUG (BaseJdbcLogger.java:159)- <==      Total: 1
2019-05-30 18:35:45,450 DEBUG (LoggingCache.java:62)- Cache Hit Ratio [com.yc.dao.Merchant_baseinfoMapper]: 0.0
2019-05-30 18:35:45,451 DEBUG (BaseJdbcLogger.java:159)- ==>  Preparing: select * from merchant_baseinfo where merchant_username=? 
2019-05-30 18:35:45,451 DEBUG (BaseJdbcLogger.java:159)- ==> Parameters: 18374720450(String)
2019-05-30 18:35:45,453 DEBUG (BaseJdbcLogger.java:159)- <==      Total: 1
2019-05-30 18:35:48,886 DEBUG (LoggingCache.java:62)- Cache Hit Ratio [com.yc.dao.Merchant_wantedjobMapper]: 0.3333333333333333
2019-05-30 18:35:48,888 DEBUG (LoggingCache.java:62)- Cache Hit Ratio [com.yc.dao.Merchant_wantedjobMapper]: 0.5
2019-05-30 18:35:50,202 DEBUG (LoggingCache.java:62)- Cache Hit Ratio [com.yc.dao.Merchant_wantedjobMapper]: 0.6
2019-05-30 18:35:50,204 DEBUG (LoggingCache.java:62)- Cache Hit Ratio [com.yc.dao.Merchant_wantedjobMapper]: 0.6666666666666666
2019-05-30 18:35:50,215 DEBUG (LoggingCache.java:62)- Cache Hit Ratio [com.yc.dao.Merchant_wantedjobMapper]: 0.7142857142857143
2019-05-30 18:35:50,216 DEBUG (LoggingCache.java:62)- Cache Hit Ratio [com.yc.dao.Merchant_wantedjobMapper]: 0.75
2019-05-30 18:36:00,185 DEBUG (LoggingCache.java:62)- Cache Hit Ratio [com.yc.dao.Merchant_wantedjobMapper]: 0.7777777777777778
2019-05-30 18:36:00,186 DEBUG (LoggingCache.java:62)- Cache Hit Ratio [com.yc.dao.Merchant_wantedjobMapper]: 0.8
2019-05-30 18:36:00,190 DEBUG (LoggingCache.java:62)- Cache Hit Ratio [com.yc.dao.Merchant_wantedjobMapper]: 0.8181818181818182
2019-05-30 18:36:00,191 DEBUG (LoggingCache.java:62)- Cache Hit Ratio [com.yc.dao.Merchant_wantedjobMapper]: 0.8333333333333334
2019-05-30 18:36:02,124 DEBUG (LoggingCache.java:62)- Cache Hit Ratio [com.yc.dao.Merchant_wantedjobMapper]: 0.8461538461538461
2019-05-30 18:36:02,125 DEBUG (LoggingCache.java:62)- Cache Hit Ratio [com.yc.dao.Merchant_wantedjobMapper]: 0.8571428571428571
2019-05-30 18:36:02,952 DEBUG (LoggingCache.java:62)- Cache Hit Ratio [com.yc.dao.Merchant_wantedjobMapper]: 0.8
2019-05-30 18:36:02,953 DEBUG (BaseJdbcLogger.java:159)- ==>  Preparing: select merchant_wantedjob_id, title,posttime from merchant_wantedjob where merchant_id=? 
2019-05-30 18:36:02,953 DEBUG (BaseJdbcLogger.java:159)- ==> Parameters: 3(Integer)
2019-05-30 18:36:02,955 DEBUG (BaseJdbcLogger.java:159)- <==      Total: 1
2019-05-30 18:36:03,598 DEBUG (LoggingCache.java:62)- Cache Hit Ratio [com.yc.dao.ApplyinfoMapper]: 0.0
2019-05-30 18:36:03,599 DEBUG (BaseJdbcLogger.java:159)- ==>  Preparing: select * from applyinfo app left join student_baseinfo stu on app.stu_id=stu.stu_id where app.merchant_wantedjob_id = ? 
2019-05-30 18:36:03,600 DEBUG (BaseJdbcLogger.java:159)- ==> Parameters: 7(Integer)
2019-05-30 18:36:03,601 DEBUG (BaseJdbcLogger.java:159)- <==      Total: 0
2019-05-30 18:36:04,181 DEBUG (LoggingCache.java:62)- Cache Hit Ratio [com.yc.dao.ApplyinfoMapper]: 0.5
2019-05-30 18:36:04,524 DEBUG (LoggingCache.java:62)- Cache Hit Ratio [com.yc.dao.ApplyinfoMapper]: 0.6666666666666666
2019-05-30 18:36:05,714 DEBUG (LoggingCache.java:62)- Cache Hit Ratio [com.yc.dao.Merchant_wantedjobMapper]: 0.8125
2019-05-30 18:36:05,715 DEBUG (LoggingCache.java:62)- Cache Hit Ratio [com.yc.dao.Merchant_wantedjobMapper]: 0.8235294117647058
2019-05-30 18:36:05,728 DEBUG (LoggingCache.java:62)- Cache Hit Ratio [com.yc.dao.Merchant_wantedjobMapper]: 0.8333333333333334
2019-05-30 18:36:05,729 DEBUG (LoggingCache.java:62)- Cache Hit Ratio [com.yc.dao.Merchant_wantedjobMapper]: 0.8421052631578947
2019-05-30 18:36:06,447 DEBUG (LoggingCache.java:62)- Cache Hit Ratio [com.yc.dao.Merchant_wantedjobMapper]: 0.85
2019-05-30 18:36:06,448 DEBUG (LoggingCache.java:62)- Cache Hit Ratio [com.yc.dao.Merchant_wantedjobMapper]: 0.8571428571428571
2019-05-30 18:36:06,455 DEBUG (LoggingCache.java:62)- Cache Hit Ratio [com.yc.dao.Merchant_wantedjobMapper]: 0.8636363636363636
2019-05-30 18:36:06,456 DEBUG (LoggingCache.java:62)- Cache Hit Ratio [com.yc.dao.Merchant_wantedjobMapper]: 0.8695652173913043
2019-05-30 20:05:36,185 INFO (StartupInfoLogger.java:48)- Starting RecruitApplication on Hsiao with PID 7724 (F:\pattime_job\target\classes started by Hsiao in F:\pattime_job)
2019-05-30 20:05:36,187 DEBUG (StartupInfoLogger.java:51)- Running with Spring Boot v1.5.4.RELEASE, Spring v4.3.9.RELEASE
2019-05-30 20:05:36,187 INFO (SpringApplication.java:597)- The following profiles are active: dev
2019-05-30 20:05:43,428 DEBUG (LoggingCache.java:62)- Cache Hit Ratio [com.yc.dao.JobMapper]: 0.0
2019-05-30 20:05:43,827 DEBUG (BaseJdbcLogger.java:159)- ==>  Preparing: select * from job 
2019-05-30 20:05:43,871 DEBUG (BaseJdbcLogger.java:159)- ==> Parameters: 
2019-05-30 20:05:43,895 DEBUG (BaseJdbcLogger.java:159)- <==      Total: 60
2019-05-30 20:05:48,929 INFO (StartupInfoLogger.java:57)- Started RecruitApplication in 13.324 seconds (JVM running for 24.036)
2019-05-30 20:07:41,011 DEBUG (LoggingCache.java:62)- Cache Hit Ratio [com.yc.dao.Merchant_baseinfoMapper]: 0.0
2019-05-30 20:07:41,012 DEBUG (BaseJdbcLogger.java:159)- ==>  Preparing: select count(1) from merchant_baseinfo where merchant_username=? 
2019-05-30 20:07:41,014 DEBUG (BaseJdbcLogger.java:159)- ==> Parameters: 18374720450(String)
2019-05-30 20:07:41,017 DEBUG (BaseJdbcLogger.java:159)- <==      Total: 1
2019-05-30 20:07:41,020 DEBUG (LoggingCache.java:62)- Cache Hit Ratio [com.yc.dao.Merchant_baseinfoMapper]: 0.0
2019-05-30 20:07:41,021 DEBUG (BaseJdbcLogger.java:159)- ==>  Preparing: select * from merchant_baseinfo where merchant_username=? and merchant_password=? 
2019-05-30 20:07:41,036 DEBUG (BaseJdbcLogger.java:159)- ==> Parameters: 18374720450(String), ce7675d0d7c06d17fdd54684e645318c0f26f3a1(String)
2019-05-30 20:07:41,038 DEBUG (BaseJdbcLogger.java:159)- <==      Total: 1
2019-05-30 20:07:43,352 DEBUG (LoggingCache.java:62)- Cache Hit Ratio [com.yc.dao.Merchant_wantedjobMapper]: 0.0
2019-05-30 20:07:43,353 DEBUG (BaseJdbcLogger.java:159)- ==>  Preparing: select count(1) from merchant_wantedjob 
2019-05-30 20:07:43,354 DEBUG (BaseJdbcLogger.java:159)- ==> Parameters: 
2019-05-30 20:07:43,358 DEBUG (BaseJdbcLogger.java:159)- <==      Total: 1
2019-05-30 20:07:43,358 DEBUG (LoggingCache.java:62)- Cache Hit Ratio [com.yc.dao.Merchant_wantedjobMapper]: 0.0
2019-05-30 20:07:43,359 DEBUG (BaseJdbcLogger.java:159)- ==>  Preparing: select count(1) from merchant_wantedjob 
2019-05-30 20:07:43,360 DEBUG (LoggingCache.java:62)- Cache Hit Ratio [com.yc.dao.Merchant_wantedjobMapper]: 0.0
2019-05-30 20:07:43,360 DEBUG (BaseJdbcLogger.java:159)- ==> Parameters: 
2019-05-30 20:07:43,361 DEBUG (BaseJdbcLogger.java:159)- ==>  Preparing: select * from merchant_wantedjob limit ?,? 
2019-05-30 20:07:43,363 DEBUG (BaseJdbcLogger.java:159)- ==> Parameters: 0(Integer), 3(Integer)
2019-05-30 20:07:43,363 DEBUG (BaseJdbcLogger.java:159)- <==      Total: 1
2019-05-30 20:07:43,365 DEBUG (BaseJdbcLogger.java:159)- <==      Total: 1
2019-05-30 20:07:43,368 DEBUG (LoggingCache.java:62)- Cache Hit Ratio [com.yc.dao.Merchant_wantedjobMapper]: 0.25
2019-05-30 20:07:45,736 DEBUG (LoggingCache.java:62)- Cache Hit Ratio [com.yc.dao.Merchant_wantedjobMapper]: 0.4
2019-05-30 20:07:45,737 DEBUG (LoggingCache.java:62)- Cache Hit Ratio [com.yc.dao.Merchant_wantedjobMapper]: 0.5
2019-05-30 20:07:46,696 DEBUG (LoggingCache.java:62)- Cache Hit Ratio [com.yc.dao.Merchant_baseinfoMapper]: 0.0
2019-05-30 20:07:46,697 DEBUG (BaseJdbcLogger.java:159)- ==>  Preparing: select * from merchant_baseinfo where merchant_username=? 
2019-05-30 20:07:46,699 DEBUG (BaseJdbcLogger.java:159)- ==> Parameters: 18374720450(String)
2019-05-30 20:07:46,702 DEBUG (BaseJdbcLogger.java:159)- <==      Total: 1
2019-05-30 20:07:48,040 DEBUG (LoggingCache.java:62)- Cache Hit Ratio [com.yc.dao.Merchant_wantedjobMapper]: 0.42857142857142855
2019-05-30 20:07:48,040 DEBUG (BaseJdbcLogger.java:159)- ==>  Preparing: select merchant_wantedjob_id, title,posttime from merchant_wantedjob where merchant_id=? 
2019-05-30 20:07:48,041 DEBUG (BaseJdbcLogger.java:159)- ==> Parameters: 3(Integer)
2019-05-30 20:07:48,044 DEBUG (BaseJdbcLogger.java:159)- <==      Total: 1
2019-05-30 20:07:49,386 DEBUG (LoggingCache.java:62)- Cache Hit Ratio [com.yc.dao.ApplyinfoMapper]: 0.0
2019-05-30 20:07:49,388 DEBUG (BaseJdbcLogger.java:159)- ==>  Preparing: select * from applyinfo app left join student_baseinfo stu on app.stu_id=stu.stu_id where app.merchant_wantedjob_id = ? 
2019-05-30 20:07:49,389 DEBUG (BaseJdbcLogger.java:159)- ==> Parameters: 7(Integer)
2019-05-30 20:07:49,392 DEBUG (BaseJdbcLogger.java:159)- <==      Total: 0
2019-05-30 20:07:50,516 DEBUG (LoggingCache.java:62)- Cache Hit Ratio [com.yc.dao.Merchant_wantedjobMapper]: 0.375
2019-05-30 20:07:50,519 DEBUG (BaseJdbcLogger.java:159)- ==>  Preparing: select * from merchant_wantedjob where merchant_wantedjob_id=? 
2019-05-30 20:07:50,523 DEBUG (BaseJdbcLogger.java:159)- ==> Parameters: 7(Integer)
2019-05-30 20:07:50,534 DEBUG (BaseJdbcLogger.java:159)- <==      Total: 1
2019-05-30 20:07:52,317 DEBUG (BaseJdbcLogger.java:159)- ==>  Preparing: update merchant_wantedjob set title=?, salary=? ,workdescp=?,workcleanform=?,workdemand=?,workcontent=? where merchant_wantedjob_id=? 
2019-05-30 20:07:52,320 DEBUG (BaseJdbcLogger.java:159)- ==> Parameters: 洗碗工(String), 100.0(Double), 餐厅洗碗   (String), 日结(String), 最好一个星期能上4天班以上   (String), 餐厅洗碗  (String), 7(Integer)
2019-05-30 20:07:52,322 DEBUG (BaseJdbcLogger.java:159)- <==    Updates: 1
2019-05-30 20:07:53,645 DEBUG (LoggingCache.java:62)- Cache Hit Ratio [com.yc.dao.Merchant_wantedjobMapper]: 0.3333333333333333
2019-05-30 20:07:53,646 DEBUG (BaseJdbcLogger.java:159)- ==>  Preparing: select count(1) from merchant_wantedjob 
2019-05-30 20:07:53,647 DEBUG (BaseJdbcLogger.java:159)- ==> Parameters: 
2019-05-30 20:07:53,648 DEBUG (BaseJdbcLogger.java:159)- <==      Total: 1
2019-05-30 20:07:53,649 DEBUG (LoggingCache.java:62)- Cache Hit Ratio [com.yc.dao.Merchant_wantedjobMapper]: 0.3
2019-05-30 20:07:53,650 DEBUG (BaseJdbcLogger.java:159)- ==>  Preparing: select * from merchant_wantedjob limit ?,? 
2019-05-30 20:07:53,651 DEBUG (BaseJdbcLogger.java:159)- ==> Parameters: 0(Integer), 3(Integer)
2019-05-30 20:07:53,653 DEBUG (BaseJdbcLogger.java:159)- <==      Total: 1
2019-05-30 20:08:12,466 DEBUG (BaseJdbcLogger.java:159)- ==>  Preparing: select * from Admin where admin_username=? 
2019-05-30 20:08:12,468 DEBUG (BaseJdbcLogger.java:159)- ==> Parameters: admin(String)
2019-05-30 20:08:12,473 DEBUG (BaseJdbcLogger.java:159)- <==      Total: 1
2019-05-30 20:08:12,475 DEBUG (BaseJdbcLogger.java:159)- ==>  Preparing: select * from admin where admin_username=? and admin_password=? 
2019-05-30 20:08:12,476 DEBUG (BaseJdbcLogger.java:159)- ==> Parameters: admin(String), ce7675d0d7c06d17fdd54684e645318c0f26f3a1(String)
2019-05-30 20:08:12,478 DEBUG (BaseJdbcLogger.java:159)- <==      Total: 1
2019-05-30 20:08:12,481 DEBUG (BaseJdbcLogger.java:159)- ==>  Preparing: update admin set admin_lastip = ? where admin_id =? 
2019-05-30 20:08:12,483 DEBUG (BaseJdbcLogger.java:159)- ==> Parameters: 0:0:0:0:0:0:0:1(String), 1(Integer)
2019-05-30 20:08:12,582 DEBUG (BaseJdbcLogger.java:159)- <==    Updates: 1
2019-05-30 20:09:04,962 DEBUG (BaseJdbcLogger.java:159)- ==>  Preparing: select * from Admin where admin_username=? 
2019-05-30 20:09:04,963 DEBUG (BaseJdbcLogger.java:159)- ==> Parameters: admin(String)
2019-05-30 20:09:04,965 DEBUG (BaseJdbcLogger.java:159)- <==      Total: 1
2019-05-30 20:09:04,967 DEBUG (BaseJdbcLogger.java:159)- ==>  Preparing: select * from admin where admin_username=? and admin_password=? 
2019-05-30 20:09:04,968 DEBUG (BaseJdbcLogger.java:159)- ==> Parameters: admin(String), ce7675d0d7c06d17fdd54684e645318c0f26f3a1(String)
2019-05-30 20:09:04,971 DEBUG (BaseJdbcLogger.java:159)- <==      Total: 1
2019-05-30 20:09:04,972 DEBUG (BaseJdbcLogger.java:159)- ==>  Preparing: update admin set admin_lastip = ? where admin_id =? 
2019-05-30 20:09:04,973 DEBUG (BaseJdbcLogger.java:159)- ==> Parameters: 0:0:0:0:0:0:0:1(String), 1(Integer)
2019-05-30 20:09:05,041 DEBUG (BaseJdbcLogger.java:159)- <==    Updates: 1
2019-05-30 20:11:54,589 DEBUG (BaseJdbcLogger.java:159)- ==>  Preparing: select * from Admin where admin_username=? 
2019-05-30 20:11:54,591 DEBUG (BaseJdbcLogger.java:159)- ==> Parameters: admin(String)
2019-05-30 20:11:54,594 DEBUG (BaseJdbcLogger.java:159)- <==      Total: 1
2019-05-30 20:12:00,954 DEBUG (BaseJdbcLogger.java:159)- ==>  Preparing: select * from Admin where admin_username=? 
2019-05-30 20:12:00,955 DEBUG (BaseJdbcLogger.java:159)- ==> Parameters: admin(String)
2019-05-30 20:12:00,956 DEBUG (BaseJdbcLogger.java:159)- <==      Total: 1
2019-05-30 20:12:04,480 DEBUG (BaseJdbcLogger.java:159)- ==>  Preparing: select * from Admin where admin_username=? 
2019-05-30 20:12:04,482 DEBUG (BaseJdbcLogger.java:159)- ==> Parameters: admin(String)
2019-05-30 20:12:04,485 DEBUG (BaseJdbcLogger.java:159)- <==      Total: 1
2019-05-30 20:17:07,853 INFO (StartupInfoLogger.java:48)- Starting RecruitApplication on Hsiao with PID 9028 (F:\pattime_job\target\classes started by Hsiao in F:\pattime_job)
2019-05-30 20:17:07,855 DEBUG (StartupInfoLogger.java:51)- Running with Spring Boot v1.5.4.RELEASE, Spring v4.3.9.RELEASE
2019-05-30 20:17:07,855 INFO (SpringApplication.java:597)- The following profiles are active: dev
2019-05-30 20:17:14,593 DEBUG (LoggingCache.java:62)- Cache Hit Ratio [com.yc.dao.JobMapper]: 0.0
2019-05-30 20:17:14,985 DEBUG (BaseJdbcLogger.java:159)- ==>  Preparing: select * from job 
2019-05-30 20:17:15,014 DEBUG (BaseJdbcLogger.java:159)- ==> Parameters: 
2019-05-30 20:17:15,046 DEBUG (BaseJdbcLogger.java:159)- <==      Total: 60
2019-05-30 20:17:19,283 INFO (StartupInfoLogger.java:57)- Started RecruitApplication in 12.03 seconds (JVM running for 12.696)
2019-05-30 20:17:28,039 DEBUG (LoggingCache.java:62)- Cache Hit Ratio [com.yc.dao.Merchant_wantedjobMapper]: 0.0
2019-05-30 20:17:28,040 DEBUG (BaseJdbcLogger.java:159)- ==>  Preparing: select count(1) from merchant_wantedjob 
2019-05-30 20:17:28,043 DEBUG (BaseJdbcLogger.java:159)- ==> Parameters: 
2019-05-30 20:17:28,046 DEBUG (BaseJdbcLogger.java:159)- <==      Total: 1
2019-05-30 20:17:28,050 DEBUG (LoggingCache.java:62)- Cache Hit Ratio [com.yc.dao.Merchant_wantedjobMapper]: 0.0
2019-05-30 20:17:28,050 DEBUG (BaseJdbcLogger.java:159)- ==>  Preparing: select * from merchant_wantedjob limit ?,? 
2019-05-30 20:17:28,052 DEBUG (BaseJdbcLogger.java:159)- ==> Parameters: 0(Integer), 3(Integer)
2019-05-30 20:17:28,055 DEBUG (BaseJdbcLogger.java:159)- <==      Total: 1
2019-05-30 20:17:29,773 DEBUG (LoggingCache.java:62)- Cache Hit Ratio [com.yc.dao.Merchant_wantedjobMapper]: 0.3333333333333333
2019-05-30 20:17:29,776 DEBUG (LoggingCache.java:62)- Cache Hit Ratio [com.yc.dao.Merchant_wantedjobMapper]: 0.5
2019-05-30 20:17:29,778 DEBUG (LoggingCache.java:62)- Cache Hit Ratio [com.yc.dao.Merchant_wantedjobMapper]: 0.6
2019-05-30 20:17:29,780 DEBUG (LoggingCache.java:62)- Cache Hit Ratio [com.yc.dao.Merchant_wantedjobMapper]: 0.6666666666666666
2019-05-30 20:19:38,237 DEBUG (LoggingCache.java:62)- Cache Hit Ratio [com.yc.dao.Merchant_baseinfoMapper]: 0.0
2019-05-30 20:19:38,238 DEBUG (BaseJdbcLogger.java:159)- ==>  Preparing: select count(1) from merchant_baseinfo where merchant_username=? 
2019-05-30 20:19:38,239 DEBUG (BaseJdbcLogger.java:159)- ==> Parameters: null
2019-05-30 20:19:38,243 DEBUG (BaseJdbcLogger.java:159)- <==      Total: 1
2019-05-30 20:20:15,177 DEBUG (BaseJdbcLogger.java:159)- ==>  Preparing: select * from Admin where admin_username=? 
2019-05-30 20:20:15,178 DEBUG (BaseJdbcLogger.java:159)- ==> Parameters: admin(String)
2019-05-30 20:20:15,181 DEBUG (BaseJdbcLogger.java:159)- <==      Total: 1
2019-05-30 20:20:15,219 DEBUG (BaseJdbcLogger.java:159)- ==>  Preparing: select * from admin where admin_username=? and admin_password=? 
2019-05-30 20:20:15,220 DEBUG (BaseJdbcLogger.java:159)- ==> Parameters: admin(String), ce7675d0d7c06d17fdd54684e645318c0f26f3a1(String)
2019-05-30 20:20:15,222 DEBUG (BaseJdbcLogger.java:159)- <==      Total: 1
2019-05-30 20:20:15,224 DEBUG (BaseJdbcLogger.java:159)- ==>  Preparing: update admin set admin_lastip = ? where admin_id =? 
2019-05-30 20:20:15,225 DEBUG (BaseJdbcLogger.java:159)- ==> Parameters: 0:0:0:0:0:0:0:1(String), 1(Integer)
2019-05-30 20:20:15,294 DEBUG (BaseJdbcLogger.java:159)- <==    Updates: 1
2019-05-30 20:20:18,281 DEBUG (BaseJdbcLogger.java:159)- ==>  Preparing: select count(*) from advertise 
2019-05-30 20:20:18,283 DEBUG (BaseJdbcLogger.java:159)- ==> Parameters: 
2019-05-30 20:20:19,254 DEBUG (BaseJdbcLogger.java:159)- ==>  Preparing: select count(*) from admin 
2019-05-30 20:20:19,255 DEBUG (BaseJdbcLogger.java:159)- ==> Parameters: 
2019-05-30 20:20:19,257 DEBUG (BaseJdbcLogger.java:159)- <==      Total: 1
2019-05-30 20:20:19,260 DEBUG (BaseJdbcLogger.java:159)- ==>  Preparing: select * from admin 
2019-05-30 20:20:19,261 DEBUG (BaseJdbcLogger.java:159)- ==> Parameters: 
2019-05-30 20:20:19,264 DEBUG (BaseJdbcLogger.java:159)- <==      Total: 2
2019-05-30 20:20:20,219 DEBUG (LoggingCache.java:62)- Cache Hit Ratio [com.yc.dao.Merchant_baseinfoMapper]: 0.0
2019-05-30 20:20:20,220 DEBUG (BaseJdbcLogger.java:159)- ==>  Preparing: select count(*) from merchant_baseinfo 
2019-05-30 20:20:20,221 DEBUG (BaseJdbcLogger.java:159)- ==> Parameters: 
2019-05-30 20:20:20,223 DEBUG (BaseJdbcLogger.java:159)- <==      Total: 1
2019-05-30 20:20:20,225 DEBUG (LoggingCache.java:62)- Cache Hit Ratio [com.yc.dao.Merchant_baseinfoMapper]: 0.0
2019-05-30 20:20:20,226 DEBUG (BaseJdbcLogger.java:159)- ==>  Preparing: select * from merchant_baseinfo 
2019-05-30 20:20:20,227 DEBUG (BaseJdbcLogger.java:159)- ==> Parameters: 
2019-05-30 20:20:20,228 DEBUG (BaseJdbcLogger.java:159)- <==      Total: 1
2019-05-30 20:27:56,181 DEBUG (LoggingCache.java:62)- Cache Hit Ratio [com.yc.dao.Merchant_baseinfoMapper]: 0.0
2019-05-30 20:27:56,182 DEBUG (BaseJdbcLogger.java:159)- ==>  Preparing: select count(1) from merchant_baseinfo where merchant_username=? 
2019-05-30 20:27:56,182 DEBUG (BaseJdbcLogger.java:159)- ==> Parameters: 18374720450(String)
2019-05-30 20:27:56,184 DEBUG (BaseJdbcLogger.java:159)- <==      Total: 1
2019-05-30 20:27:56,185 DEBUG (LoggingCache.java:62)- Cache Hit Ratio [com.yc.dao.Merchant_baseinfoMapper]: 0.0
2019-05-30 20:27:56,186 DEBUG (BaseJdbcLogger.java:159)- ==>  Preparing: select * from merchant_baseinfo where merchant_username=? and merchant_password=? 
2019-05-30 20:27:56,187 DEBUG (BaseJdbcLogger.java:159)- ==> Parameters: 18374720450(String), ce7675d0d7c06d17fdd54684e645318c0f26f3a1(String)
2019-05-30 20:27:56,189 DEBUG (BaseJdbcLogger.java:159)- <==      Total: 1
2019-05-30 20:27:57,453 DEBUG (LoggingCache.java:62)- Cache Hit Ratio [com.yc.dao.Merchant_wantedjobMapper]: 0.5714285714285714
2019-05-30 20:27:57,454 DEBUG (LoggingCache.java:62)- Cache Hit Ratio [com.yc.dao.Merchant_wantedjobMapper]: 0.5
2019-05-30 20:27:57,454 DEBUG (BaseJdbcLogger.java:159)- ==>  Preparing: select count(1) from merchant_wantedjob 
2019-05-30 20:27:57,455 DEBUG (BaseJdbcLogger.java:159)- ==>  Preparing: select count(1) from merchant_wantedjob 
2019-05-30 20:27:57,455 DEBUG (BaseJdbcLogger.java:159)- ==> Parameters: 
2019-05-30 20:27:57,457 DEBUG (BaseJdbcLogger.java:159)- <==      Total: 1
2019-05-30 20:27:57,457 DEBUG (BaseJdbcLogger.java:159)- ==> Parameters: 
2019-05-30 20:27:57,459 DEBUG (LoggingCache.java:62)- Cache Hit Ratio [com.yc.dao.Merchant_wantedjobMapper]: 0.4444444444444444
2019-05-30 20:27:57,459 DEBUG (BaseJdbcLogger.java:159)- <==      Total: 1
2019-05-30 20:27:57,459 DEBUG (BaseJdbcLogger.java:159)- ==>  Preparing: select * from merchant_wantedjob limit ?,? 
2019-05-30 20:27:57,461 DEBUG (LoggingCache.java:62)- Cache Hit Ratio [com.yc.dao.Merchant_wantedjobMapper]: 0.4
2019-05-30 20:27:57,461 DEBUG (BaseJdbcLogger.java:159)- ==> Parameters: 0(Integer), 3(Integer)
2019-05-30 20:27:57,462 DEBUG (BaseJdbcLogger.java:159)- ==>  Preparing: select * from merchant_wantedjob limit ?,? 
2019-05-30 20:27:57,463 DEBUG (BaseJdbcLogger.java:159)- ==> Parameters: 0(Integer), 3(Integer)
2019-05-30 20:27:57,464 DEBUG (BaseJdbcLogger.java:159)- <==      Total: 1
2019-05-30 20:27:57,467 DEBUG (BaseJdbcLogger.java:159)- <==      Total: 1
2019-05-30 20:27:58,521 DEBUG (LoggingCache.java:62)- Cache Hit Ratio [com.yc.dao.Merchant_wantedjobMapper]: 0.45454545454545453
2019-05-30 20:27:58,523 DEBUG (LoggingCache.java:62)- Cache Hit Ratio [com.yc.dao.Merchant_wantedjobMapper]: 0.5
2019-05-30 20:27:59,600 DEBUG (LoggingCache.java:62)- Cache Hit Ratio [com.yc.dao.Merchant_wantedjobMapper]: 0.46153846153846156
2019-05-30 20:27:59,601 DEBUG (BaseJdbcLogger.java:159)- ==>  Preparing: select merchant_wantedjob_id, title,posttime from merchant_wantedjob where merchant_id=? 
2019-05-30 20:27:59,603 DEBUG (BaseJdbcLogger.java:159)- ==> Parameters: 3(Integer)
2019-05-30 20:27:59,605 DEBUG (BaseJdbcLogger.java:159)- <==      Total: 1
2019-05-30 20:28:01,547 DEBUG (LoggingCache.java:62)- Cache Hit Ratio [com.yc.dao.Merchant_wantedjobMapper]: 0.42857142857142855
2019-05-30 20:28:01,548 DEBUG (BaseJdbcLogger.java:159)- ==>  Preparing: select * from merchant_wantedjob where merchant_wantedjob_id=? 
2019-05-30 20:28:01,549 DEBUG (BaseJdbcLogger.java:159)- ==> Parameters: 7(Integer)
2019-05-30 20:28:01,551 DEBUG (BaseJdbcLogger.java:159)- <==      Total: 1
2019-05-30 20:28:32,536 DEBUG (LoggingCache.java:62)- Cache Hit Ratio [com.yc.dao.Merchant_wantedjobMapper]: 0.4666666666666667
2019-05-30 20:28:33,338 DEBUG (LoggingCache.java:62)- Cache Hit Ratio [com.yc.dao.ApplyinfoMapper]: 0.0
2019-05-30 20:28:33,339 DEBUG (BaseJdbcLogger.java:159)- ==>  Preparing: select * from applyinfo app left join student_baseinfo stu on app.stu_id=stu.stu_id where app.merchant_wantedjob_id = ? 
2019-05-30 20:28:33,340 DEBUG (BaseJdbcLogger.java:159)- ==> Parameters: 7(Integer)
2019-05-30 20:28:33,341 DEBUG (BaseJdbcLogger.java:159)- <==      Total: 0
2019-05-30 20:28:33,979 DEBUG (LoggingCache.java:62)- Cache Hit Ratio [com.yc.dao.ApplyinfoMapper]: 0.5
2019-05-30 20:28:34,147 DEBUG (LoggingCache.java:62)- Cache Hit Ratio [com.yc.dao.ApplyinfoMapper]: 0.6666666666666666
2019-05-30 20:32:23,950 INFO (StartupInfoLogger.java:48)- Starting RecruitApplication on Hsiao with PID 9028 (F:\pattime_job\target\classes started by Hsiao in F:\pattime_job)
2019-05-30 20:32:23,951 DEBUG (StartupInfoLogger.java:51)- Running with Spring Boot v1.5.4.RELEASE, Spring v4.3.9.RELEASE
2019-05-30 20:32:23,953 INFO (SpringApplication.java:597)- The following profiles are active: dev
2019-05-30 20:32:26,707 DEBUG (LoggingCache.java:62)- Cache Hit Ratio [com.yc.dao.JobMapper]: 0.0
2019-05-30 20:32:26,759 DEBUG (BaseJdbcLogger.java:159)- ==>  Preparing: select * from job 
2019-05-30 20:32:26,759 DEBUG (BaseJdbcLogger.java:159)- ==> Parameters: 
2019-05-30 20:32:26,768 DEBUG (BaseJdbcLogger.java:159)- <==      Total: 60
2019-05-30 20:32:28,807 INFO (StartupInfoLogger.java:57)- Started RecruitApplication in 4.962 seconds (JVM running for 922.22)
2019-05-30 20:33:13,364 INFO (StartupInfoLogger.java:48)- Starting RecruitApplication on Hsiao with PID 9028 (F:\pattime_job\target\classes started by Hsiao in F:\pattime_job)
2019-05-30 20:33:13,365 DEBUG (StartupInfoLogger.java:51)- Running with Spring Boot v1.5.4.RELEASE, Spring v4.3.9.RELEASE
2019-05-30 20:33:13,365 INFO (SpringApplication.java:597)- The following profiles are active: dev
2019-05-30 20:33:15,184 DEBUG (LoggingCache.java:62)- Cache Hit Ratio [com.yc.dao.JobMapper]: 0.0
2019-05-30 20:33:15,235 DEBUG (BaseJdbcLogger.java:159)- ==>  Preparing: select * from job 
2019-05-30 20:33:15,236 DEBUG (BaseJdbcLogger.java:159)- ==> Parameters: 
2019-05-30 20:33:15,244 DEBUG (BaseJdbcLogger.java:159)- <==      Total: 60
2019-05-30 20:33:27,122 INFO (StartupInfoLogger.java:48)- Starting RecruitApplication on Hsiao with PID 9028 (F:\pattime_job\target\classes started by Hsiao in F:\pattime_job)
2019-05-30 20:33:27,122 DEBUG (StartupInfoLogger.java:51)- Running with Spring Boot v1.5.4.RELEASE, Spring v4.3.9.RELEASE
2019-05-30 20:33:27,123 INFO (SpringApplication.java:597)- The following profiles are active: dev
2019-05-30 20:33:30,193 DEBUG (LoggingCache.java:62)- Cache Hit Ratio [com.yc.dao.JobMapper]: 0.0
2019-05-30 20:33:30,338 DEBUG (BaseJdbcLogger.java:159)- ==>  Preparing: select * from job 
2019-05-30 20:33:30,339 DEBUG (BaseJdbcLogger.java:159)- ==> Parameters: 
2019-05-30 20:33:30,344 DEBUG (BaseJdbcLogger.java:159)- <==      Total: 60
2019-05-30 20:33:34,397 INFO (StartupInfoLogger.java:57)- Started RecruitApplication in 7.355 seconds (JVM running for 987.811)
2019-05-30 20:33:35,625 INFO (StartupInfoLogger.java:48)- Starting RecruitApplication on Hsiao with PID 9028 (F:\pattime_job\target\classes started by Hsiao in F:\pattime_job)
2019-05-30 20:33:35,626 DEBUG (StartupInfoLogger.java:51)- Running with Spring Boot v1.5.4.RELEASE, Spring v4.3.9.RELEASE
2019-05-30 20:33:35,627 INFO (SpringApplication.java:597)- The following profiles are active: dev
2019-05-30 20:33:37,678 DEBUG (LoggingCache.java:62)- Cache Hit Ratio [com.yc.dao.JobMapper]: 0.0
2019-05-30 20:33:37,784 DEBUG (BaseJdbcLogger.java:159)- ==>  Preparing: select * from job 
2019-05-30 20:33:37,784 DEBUG (BaseJdbcLogger.java:159)- ==> Parameters: 
2019-05-30 20:33:37,790 DEBUG (BaseJdbcLogger.java:159)- <==      Total: 60
2019-05-30 20:33:39,504 INFO (StartupInfoLogger.java:57)- Started RecruitApplication in 3.934 seconds (JVM running for 992.917)
2019-05-30 20:33:55,894 INFO (StartupInfoLogger.java:48)- Starting RecruitApplication on Hsiao with PID 9028 (F:\pattime_job\target\classes started by Hsiao in F:\pattime_job)
2019-05-30 20:33:55,895 DEBUG (StartupInfoLogger.java:51)- Running with Spring Boot v1.5.4.RELEASE, Spring v4.3.9.RELEASE
2019-05-30 20:33:55,895 INFO (SpringApplication.java:597)- The following profiles are active: dev
2019-05-30 20:33:57,531 DEBUG (LoggingCache.java:62)- Cache Hit Ratio [com.yc.dao.JobMapper]: 0.0
2019-05-30 20:33:57,577 DEBUG (BaseJdbcLogger.java:159)- ==>  Preparing: select * from job 
2019-05-30 20:33:57,578 DEBUG (BaseJdbcLogger.java:159)- ==> Parameters: 
2019-05-30 20:33:57,582 DEBUG (BaseJdbcLogger.java:159)- <==      Total: 60
2019-05-30 20:33:58,888 INFO (StartupInfoLogger.java:57)- Started RecruitApplication in 3.053 seconds (JVM running for 1012.301)
2019-05-30 20:34:10,119 INFO (StartupInfoLogger.java:48)- Starting RecruitApplication on Hsiao with PID 9028 (F:\pattime_job\target\classes started by Hsiao in F:\pattime_job)
2019-05-30 20:34:10,121 DEBUG (StartupInfoLogger.java:51)- Running with Spring Boot v1.5.4.RELEASE, Spring v4.3.9.RELEASE
2019-05-30 20:34:10,122 INFO (SpringApplication.java:597)- The following profiles are active: dev
2019-05-30 20:34:12,322 DEBUG (LoggingCache.java:62)- Cache Hit Ratio [com.yc.dao.JobMapper]: 0.0
2019-05-30 20:34:12,374 DEBUG (BaseJdbcLogger.java:159)- ==>  Preparing: select * from job 
2019-05-30 20:34:12,375 DEBUG (BaseJdbcLogger.java:159)- ==> Parameters: 
2019-05-30 20:34:12,380 DEBUG (BaseJdbcLogger.java:159)- <==      Total: 60
2019-05-30 20:34:13,734 INFO (StartupInfoLogger.java:57)- Started RecruitApplication in 3.682 seconds (JVM running for 1027.148)
2019-05-30 20:34:19,457 INFO (StartupInfoLogger.java:48)- Starting RecruitApplication on Hsiao with PID 9028 (F:\pattime_job\target\classes started by Hsiao in F:\pattime_job)
2019-05-30 20:34:19,458 DEBUG (StartupInfoLogger.java:51)- Running with Spring Boot v1.5.4.RELEASE, Spring v4.3.9.RELEASE
2019-05-30 20:34:19,458 INFO (SpringApplication.java:597)- The following profiles are active: dev
2019-05-30 20:34:20,904 DEBUG (LoggingCache.java:62)- Cache Hit Ratio [com.yc.dao.JobMapper]: 0.0
2019-05-30 20:34:20,948 DEBUG (BaseJdbcLogger.java:159)- ==>  Preparing: select * from job 
2019-05-30 20:34:20,949 DEBUG (BaseJdbcLogger.java:159)- ==> Parameters: 
2019-05-30 20:34:20,953 DEBUG (BaseJdbcLogger.java:159)- <==      Total: 60
2019-05-30 20:34:22,674 INFO (StartupInfoLogger.java:57)- Started RecruitApplication in 3.27 seconds (JVM running for 1036.087)
2019-05-30 20:34:35,827 INFO (StartupInfoLogger.java:48)- Starting RecruitApplication on Hsiao with PID 9028 (F:\pattime_job\target\classes started by Hsiao in F:\pattime_job)
2019-05-30 20:34:35,828 DEBUG (StartupInfoLogger.java:51)- Running with Spring Boot v1.5.4.RELEASE, Spring v4.3.9.RELEASE
2019-05-30 20:34:35,828 INFO (SpringApplication.java:597)- The following profiles are active: dev
2019-05-30 20:34:36,992 DEBUG (LoggingCache.java:62)- Cache Hit Ratio [com.yc.dao.JobMapper]: 0.0
2019-05-30 20:34:37,041 DEBUG (BaseJdbcLogger.java:159)- ==>  Preparing: select * from job 
2019-05-30 20:34:37,041 DEBUG (BaseJdbcLogger.java:159)- ==> Parameters: 
2019-05-30 20:34:37,046 DEBUG (BaseJdbcLogger.java:159)- <==      Total: 60
2019-05-30 20:34:38,253 INFO (StartupInfoLogger.java:57)- Started RecruitApplication in 2.474 seconds (JVM running for 1051.666)
2019-05-30 20:35:33,578 INFO (StartupInfoLogger.java:48)- Starting RecruitApplication on Hsiao with PID 9028 (F:\pattime_job\target\classes started by Hsiao in F:\pattime_job)
2019-05-30 20:35:33,579 DEBUG (StartupInfoLogger.java:51)- Running with Spring Boot v1.5.4.RELEASE, Spring v4.3.9.RELEASE
2019-05-30 20:35:33,579 INFO (SpringApplication.java:597)- The following profiles are active: dev
2019-05-30 20:35:34,904 DEBUG (LoggingCache.java:62)- Cache Hit Ratio [com.yc.dao.JobMapper]: 0.0
2019-05-30 20:35:34,942 DEBUG (BaseJdbcLogger.java:159)- ==>  Preparing: select * from job 
2019-05-30 20:35:34,942 DEBUG (BaseJdbcLogger.java:159)- ==> Parameters: 
2019-05-30 20:35:34,946 DEBUG (BaseJdbcLogger.java:159)- <==      Total: 60
2019-05-30 20:35:36,005 INFO (StartupInfoLogger.java:57)- Started RecruitApplication in 2.478 seconds (JVM running for 1109.419)
2019-05-30 20:36:43,910 INFO (StartupInfoLogger.java:48)- Starting RecruitApplication on Hsiao with PID 9028 (F:\pattime_job\target\classes started by Hsiao in F:\pattime_job)
2019-05-30 20:36:43,910 DEBUG (StartupInfoLogger.java:51)- Running with Spring Boot v1.5.4.RELEASE, Spring v4.3.9.RELEASE
2019-05-30 20:36:43,910 INFO (SpringApplication.java:597)- The following profiles are active: dev
2019-05-30 20:36:45,323 DEBUG (LoggingCache.java:62)- Cache Hit Ratio [com.yc.dao.JobMapper]: 0.0
2019-05-30 20:36:45,367 DEBUG (BaseJdbcLogger.java:159)- ==>  Preparing: select * from job 
2019-05-30 20:36:45,367 DEBUG (BaseJdbcLogger.java:159)- ==> Parameters: 
2019-05-30 20:36:45,371 DEBUG (BaseJdbcLogger.java:159)- <==      Total: 60
2019-05-30 20:36:47,046 INFO (StartupInfoLogger.java:57)- Started RecruitApplication in 3.195 seconds (JVM running for 1180.46)
2019-05-30 20:37:19,009 INFO (StartupInfoLogger.java:48)- Starting RecruitApplication on Hsiao with PID 9028 (F:\pattime_job\target\classes started by Hsiao in F:\pattime_job)
2019-05-30 20:37:19,010 DEBUG (StartupInfoLogger.java:51)- Running with Spring Boot v1.5.4.RELEASE, Spring v4.3.9.RELEASE
2019-05-30 20:37:19,010 INFO (SpringApplication.java:597)- The following profiles are active: dev
2019-05-30 20:37:20,432 DEBUG (LoggingCache.java:62)- Cache Hit Ratio [com.yc.dao.JobMapper]: 0.0
2019-05-30 20:37:20,470 DEBUG (BaseJdbcLogger.java:159)- ==>  Preparing: select * from job 
2019-05-30 20:37:20,470 DEBUG (BaseJdbcLogger.java:159)- ==> Parameters: 
2019-05-30 20:37:20,473 DEBUG (BaseJdbcLogger.java:159)- <==      Total: 60
2019-05-30 20:37:21,763 INFO (StartupInfoLogger.java:57)- Started RecruitApplication in 2.804 seconds (JVM running for 1215.177)
2019-05-30 20:37:26,406 INFO (StartupInfoLogger.java:48)- Starting RecruitApplication on Hsiao with PID 9028 (F:\pattime_job\target\classes started by Hsiao in F:\pattime_job)
2019-05-30 20:37:26,406 DEBUG (StartupInfoLogger.java:51)- Running with Spring Boot v1.5.4.RELEASE, Spring v4.3.9.RELEASE
2019-05-30 20:37:26,406 INFO (SpringApplication.java:597)- The following profiles are active: dev
2019-05-30 20:37:27,638 DEBUG (LoggingCache.java:62)- Cache Hit Ratio [com.yc.dao.JobMapper]: 0.0
2019-05-30 20:37:27,692 DEBUG (BaseJdbcLogger.java:159)- ==>  Preparing: select * from job 
2019-05-30 20:37:27,693 DEBUG (BaseJdbcLogger.java:159)- ==> Parameters: 
2019-05-30 20:37:27,698 DEBUG (BaseJdbcLogger.java:159)- <==      Total: 60
2019-05-30 20:37:28,950 INFO (StartupInfoLogger.java:57)- Started RecruitApplication in 2.586 seconds (JVM running for 1222.363)
2019-05-30 20:37:57,304 INFO (StartupInfoLogger.java:48)- Starting RecruitApplication on Hsiao with PID 9028 (F:\pattime_job\target\classes started by Hsiao in F:\pattime_job)
2019-05-30 20:37:57,304 DEBUG (StartupInfoLogger.java:51)- Running with Spring Boot v1.5.4.RELEASE, Spring v4.3.9.RELEASE
2019-05-30 20:37:57,305 INFO (SpringApplication.java:597)- The following profiles are active: dev
2019-05-30 20:37:58,498 DEBUG (LoggingCache.java:62)- Cache Hit Ratio [com.yc.dao.JobMapper]: 0.0
2019-05-30 20:37:58,542 DEBUG (BaseJdbcLogger.java:159)- ==>  Preparing: select * from job 
2019-05-30 20:37:58,542 DEBUG (BaseJdbcLogger.java:159)- ==> Parameters: 
2019-05-30 20:37:58,547 DEBUG (BaseJdbcLogger.java:159)- <==      Total: 60
2019-05-30 20:37:59,516 INFO (StartupInfoLogger.java:57)- Started RecruitApplication in 2.254 seconds (JVM running for 1252.93)
2019-05-30 20:39:45,049 INFO (StartupInfoLogger.java:48)- Starting RecruitApplication on Hsiao with PID 9028 (F:\pattime_job\target\classes started by Hsiao in F:\pattime_job)
2019-05-30 20:39:45,049 DEBUG (StartupInfoLogger.java:51)- Running with Spring Boot v1.5.4.RELEASE, Spring v4.3.9.RELEASE
2019-05-30 20:39:45,050 INFO (SpringApplication.java:597)- The following profiles are active: dev
2019-05-30 20:39:46,246 DEBUG (LoggingCache.java:62)- Cache Hit Ratio [com.yc.dao.JobMapper]: 0.0
2019-05-30 20:39:46,280 DEBUG (BaseJdbcLogger.java:159)- ==>  Preparing: select * from job 
2019-05-30 20:39:46,280 DEBUG (BaseJdbcLogger.java:159)- ==> Parameters: 
2019-05-30 20:39:46,283 DEBUG (BaseJdbcLogger.java:159)- <==      Total: 60
2019-05-30 20:39:47,325 INFO (StartupInfoLogger.java:57)- Started RecruitApplication in 2.317 seconds (JVM running for 1360.738)
2019-05-30 20:40:00,711 INFO (StartupInfoLogger.java:48)- Starting RecruitApplication on Hsiao with PID 9028 (F:\pattime_job\target\classes started by Hsiao in F:\pattime_job)
2019-05-30 20:40:00,711 DEBUG (StartupInfoLogger.java:51)- Running with Spring Boot v1.5.4.RELEASE, Spring v4.3.9.RELEASE
2019-05-30 20:40:00,711 INFO (SpringApplication.java:597)- The following profiles are active: dev
2019-05-30 20:40:01,926 DEBUG (LoggingCache.java:62)- Cache Hit Ratio [com.yc.dao.JobMapper]: 0.0
2019-05-30 20:40:01,964 DEBUG (BaseJdbcLogger.java:159)- ==>  Preparing: select * from job 
2019-05-30 20:40:01,965 DEBUG (BaseJdbcLogger.java:159)- ==> Parameters: 
2019-05-30 20:40:01,972 DEBUG (BaseJdbcLogger.java:159)- <==      Total: 60
2019-05-30 20:40:02,996 INFO (StartupInfoLogger.java:57)- Started RecruitApplication in 2.342 seconds (JVM running for 1376.41)
2019-05-30 20:41:09,988 DEBUG (LoggingCache.java:62)- Cache Hit Ratio [com.yc.dao.Merchant_wantedjobMapper]: 0.0
2019-05-30 20:41:09,989 DEBUG (BaseJdbcLogger.java:159)- ==>  Preparing: select count(1) from merchant_wantedjob 
2019-05-30 20:41:09,990 DEBUG (BaseJdbcLogger.java:159)- ==> Parameters: 
2019-05-30 20:41:09,991 DEBUG (BaseJdbcLogger.java:159)- <==      Total: 1
2019-05-30 20:41:09,993 DEBUG (LoggingCache.java:62)- Cache Hit Ratio [com.yc.dao.Merchant_wantedjobMapper]: 0.0
2019-05-30 20:41:09,994 DEBUG (BaseJdbcLogger.java:159)- ==>  Preparing: select * from merchant_wantedjob limit ?,? 
2019-05-30 20:41:09,995 DEBUG (BaseJdbcLogger.java:159)- ==> Parameters: 0(Integer), 3(Integer)
2019-05-30 20:41:09,996 DEBUG (BaseJdbcLogger.java:159)- <==      Total: 1
2019-05-30 20:41:11,199 DEBUG (LoggingCache.java:62)- Cache Hit Ratio [com.yc.dao.Merchant_wantedjobMapper]: 0.0
2019-05-30 20:41:11,200 DEBUG (BaseJdbcLogger.java:159)- ==>  Preparing: select merchant_wantedjob_id, title,posttime from merchant_wantedjob where merchant_id=? and power=1 
2019-05-30 20:41:11,201 DEBUG (BaseJdbcLogger.java:159)- ==> Parameters: 3(Integer)
2019-05-30 20:41:11,202 DEBUG (BaseJdbcLogger.java:159)- <==      Total: 1
2019-05-30 20:42:01,253 DEBUG (LoggingCache.java:62)- Cache Hit Ratio [com.yc.dao.Merchant_wantedjobMapper]: 0.25
2019-05-30 20:42:01,254 DEBUG (LoggingCache.java:62)- Cache Hit Ratio [com.yc.dao.Merchant_wantedjobMapper]: 0.4
2019-05-30 20:42:02,160 DEBUG (LoggingCache.java:62)- Cache Hit Ratio [com.yc.dao.Merchant_wantedjobMapper]: 0.5
2019-05-30 20:42:36,304 DEBUG (LoggingCache.java:62)- Cache Hit Ratio [com.yc.dao.Merchant_wantedjobMapper]: 0.42857142857142855
2019-05-30 20:42:36,305 DEBUG (BaseJdbcLogger.java:159)- ==>  Preparing: select count(1) from merchant_wantedjob 
2019-05-30 20:42:36,305 DEBUG (BaseJdbcLogger.java:159)- ==> Parameters: 
2019-05-30 20:42:36,307 DEBUG (BaseJdbcLogger.java:159)- <==      Total: 1
2019-05-30 20:42:36,308 DEBUG (LoggingCache.java:62)- Cache Hit Ratio [com.yc.dao.Merchant_wantedjobMapper]: 0.375
2019-05-30 20:42:36,309 DEBUG (BaseJdbcLogger.java:159)- ==>  Preparing: select * from merchant_wantedjob limit ?,? 
2019-05-30 20:42:36,309 DEBUG (BaseJdbcLogger.java:159)- ==> Parameters: 0(Integer), 3(Integer)
2019-05-30 20:42:36,311 DEBUG (BaseJdbcLogger.java:159)- <==      Total: 1
2019-05-30 20:42:37,112 DEBUG (LoggingCache.java:62)- Cache Hit Ratio [com.yc.dao.Merchant_wantedjobMapper]: 0.3333333333333333
2019-05-30 20:42:37,113 DEBUG (BaseJdbcLogger.java:159)- ==>  Preparing: select merchant_wantedjob_id, title,posttime from merchant_wantedjob where merchant_id=? and power=1 
2019-05-30 20:42:37,114 DEBUG (BaseJdbcLogger.java:159)- ==> Parameters: 3(Integer)
2019-05-30 20:42:37,116 DEBUG (BaseJdbcLogger.java:159)- <==      Total: 1
2019-05-30 20:42:37,816 DEBUG (BaseJdbcLogger.java:159)- ==>  Preparing: update merchant_wantedjob set power=0 where merchant_wantedjob_id=? 
2019-05-30 20:42:37,817 DEBUG (BaseJdbcLogger.java:159)- ==> Parameters: 7(Integer)
2019-05-30 20:42:37,819 DEBUG (BaseJdbcLogger.java:159)- <==    Updates: 1
2019-05-30 20:42:39,354 DEBUG (LoggingCache.java:62)- Cache Hit Ratio [com.yc.dao.Merchant_wantedjobMapper]: 0.3
2019-05-30 20:42:39,355 DEBUG (BaseJdbcLogger.java:159)- ==>  Preparing: select count(1) from merchant_wantedjob 
2019-05-30 20:42:39,355 DEBUG (BaseJdbcLogger.java:159)- ==> Parameters: 
2019-05-30 20:42:39,357 DEBUG (BaseJdbcLogger.java:159)- <==      Total: 1
2019-05-30 20:42:39,358 DEBUG (LoggingCache.java:62)- Cache Hit Ratio [com.yc.dao.Merchant_wantedjobMapper]: 0.2727272727272727
2019-05-30 20:42:39,358 DEBUG (BaseJdbcLogger.java:159)- ==>  Preparing: select * from merchant_wantedjob limit ?,? 
2019-05-30 20:42:39,359 DEBUG (BaseJdbcLogger.java:159)- ==> Parameters: 0(Integer), 3(Integer)
2019-05-30 20:42:39,360 DEBUG (BaseJdbcLogger.java:159)- <==      Total: 1
2019-05-30 20:42:40,223 DEBUG (LoggingCache.java:62)- Cache Hit Ratio [com.yc.dao.Merchant_wantedjobMapper]: 0.25
2019-05-30 20:42:40,224 DEBUG (BaseJdbcLogger.java:159)- ==>  Preparing: select merchant_wantedjob_id, title,posttime from merchant_wantedjob where merchant_id=? and power=1 
2019-05-30 20:42:40,225 DEBUG (BaseJdbcLogger.java:159)- ==> Parameters: 3(Integer)
2019-05-30 20:42:40,226 DEBUG (BaseJdbcLogger.java:159)- <==      Total: 0
2019-05-30 20:42:41,017 DEBUG (LoggingCache.java:62)- Cache Hit Ratio [com.yc.dao.Merchant_baseinfoMapper]: 0.0
2019-05-30 20:42:41,017 DEBUG (BaseJdbcLogger.java:159)- ==>  Preparing: select * from merchant_baseinfo where merchant_username=? 
2019-05-30 20:42:41,018 DEBUG (BaseJdbcLogger.java:159)- ==> Parameters: 18374720450(String)
2019-05-30 20:42:41,021 DEBUG (BaseJdbcLogger.java:159)- <==      Total: 1
2019-05-30 20:42:41,675 DEBUG (LoggingCache.java:62)- Cache Hit Ratio [com.yc.dao.Merchant_wantedjobMapper]: 0.3076923076923077
2019-05-30 21:02:19,341 INFO (StartupInfoLogger.java:48)- Starting RecruitApplication on Hsiao with PID 9028 (F:\pattime_job\target\classes started by Hsiao in F:\pattime_job)
2019-05-30 21:02:19,341 DEBUG (StartupInfoLogger.java:51)- Running with Spring Boot v1.5.4.RELEASE, Spring v4.3.9.RELEASE
2019-05-30 21:02:19,341 INFO (SpringApplication.java:597)- The following profiles are active: dev
2019-05-30 21:02:20,936 DEBUG (LoggingCache.java:62)- Cache Hit Ratio [com.yc.dao.JobMapper]: 0.0
2019-05-30 21:02:20,978 DEBUG (BaseJdbcLogger.java:159)- ==>  Preparing: select * from job 
2019-05-30 21:02:20,978 DEBUG (BaseJdbcLogger.java:159)- ==> Parameters: 
2019-05-30 21:02:20,983 DEBUG (BaseJdbcLogger.java:159)- <==      Total: 60
2019-05-30 21:02:22,388 INFO (StartupInfoLogger.java:57)- Started RecruitApplication in 3.096 seconds (JVM running for 2715.801)
2019-05-30 21:03:13,332 INFO (StartupInfoLogger.java:48)- Starting RecruitApplication on Hsiao with PID 9028 (F:\pattime_job\target\classes started by Hsiao in F:\pattime_job)
2019-05-30 21:03:13,333 DEBUG (StartupInfoLogger.java:51)- Running with Spring Boot v1.5.4.RELEASE, Spring v4.3.9.RELEASE
2019-05-30 21:03:13,333 INFO (SpringApplication.java:597)- The following profiles are active: dev
2019-05-30 21:03:15,014 DEBUG (LoggingCache.java:62)- Cache Hit Ratio [com.yc.dao.JobMapper]: 0.0
2019-05-30 21:03:15,047 DEBUG (BaseJdbcLogger.java:159)- ==>  Preparing: select * from job 
2019-05-30 21:03:15,048 DEBUG (BaseJdbcLogger.java:159)- ==> Parameters: 
2019-05-30 21:03:15,051 DEBUG (BaseJdbcLogger.java:159)- <==      Total: 60
2019-05-30 21:03:16,041 INFO (StartupInfoLogger.java:57)- Started RecruitApplication in 2.749 seconds (JVM running for 2769.454)
2019-05-30 21:04:32,980 INFO (StartupInfoLogger.java:48)- Starting RecruitApplication on Hsiao with PID 9028 (F:\pattime_job\target\classes started by Hsiao in F:\pattime_job)
2019-05-30 21:04:32,982 DEBUG (StartupInfoLogger.java:51)- Running with Spring Boot v1.5.4.RELEASE, Spring v4.3.9.RELEASE
2019-05-30 21:04:32,983 INFO (SpringApplication.java:597)- The following profiles are active: dev
2019-05-30 21:04:34,189 DEBUG (LoggingCache.java:62)- Cache Hit Ratio [com.yc.dao.JobMapper]: 0.0
2019-05-30 21:04:34,222 DEBUG (BaseJdbcLogger.java:159)- ==>  Preparing: select * from job 
2019-05-30 21:04:34,223 DEBUG (BaseJdbcLogger.java:159)- ==> Parameters: 
2019-05-30 21:04:34,226 DEBUG (BaseJdbcLogger.java:159)- <==      Total: 60
2019-05-30 21:04:35,206 INFO (StartupInfoLogger.java:57)- Started RecruitApplication in 2.286 seconds (JVM running for 2848.619)
2019-05-30 21:05:33,057 INFO (StartupInfoLogger.java:48)- Starting RecruitApplication on Hsiao with PID 9028 (F:\pattime_job\target\classes started by Hsiao in F:\pattime_job)
2019-05-30 21:05:33,057 DEBUG (StartupInfoLogger.java:51)- Running with Spring Boot v1.5.4.RELEASE, Spring v4.3.9.RELEASE
2019-05-30 21:05:33,057 INFO (SpringApplication.java:597)- The following profiles are active: dev
2019-05-30 21:05:34,246 DEBUG (LoggingCache.java:62)- Cache Hit Ratio [com.yc.dao.JobMapper]: 0.0
2019-05-30 21:05:34,287 DEBUG (BaseJdbcLogger.java:159)- ==>  Preparing: select * from job 
2019-05-30 21:05:34,288 DEBUG (BaseJdbcLogger.java:159)- ==> Parameters: 
2019-05-30 21:05:34,291 DEBUG (BaseJdbcLogger.java:159)- <==      Total: 60
2019-05-30 21:05:35,876 INFO (StartupInfoLogger.java:57)- Started RecruitApplication in 2.859 seconds (JVM running for 2909.289)
2019-05-30 21:05:36,883 INFO (StartupInfoLogger.java:48)- Starting RecruitApplication on Hsiao with PID 9028 (F:\pattime_job\target\classes started by Hsiao in F:\pattime_job)
2019-05-30 21:05:36,884 DEBUG (StartupInfoLogger.java:51)- Running with Spring Boot v1.5.4.RELEASE, Spring v4.3.9.RELEASE
2019-05-30 21:05:36,886 INFO (SpringApplication.java:597)- The following profiles are active: dev
2019-05-30 21:05:37,984 DEBUG (LoggingCache.java:62)- Cache Hit Ratio [com.yc.dao.JobMapper]: 0.0
2019-05-30 21:05:38,015 DEBUG (BaseJdbcLogger.java:159)- ==>  Preparing: select * from job 
2019-05-30 21:05:38,015 DEBUG (BaseJdbcLogger.java:159)- ==> Parameters: 
2019-05-30 21:05:38,019 DEBUG (BaseJdbcLogger.java:159)- <==      Total: 60
2019-05-30 21:05:39,585 INFO (StartupInfoLogger.java:57)- Started RecruitApplication in 2.752 seconds (JVM running for 2912.999)
2019-05-30 21:05:40,775 INFO (StartupInfoLogger.java:48)- Starting RecruitApplication on Hsiao with PID 9028 (F:\pattime_job\target\classes started by Hsiao in F:\pattime_job)
2019-05-30 21:05:40,776 DEBUG (StartupInfoLogger.java:51)- Running with Spring Boot v1.5.4.RELEASE, Spring v4.3.9.RELEASE
2019-05-30 21:05:40,776 INFO (SpringApplication.java:597)- The following profiles are active: dev
2019-05-30 21:05:41,925 DEBUG (LoggingCache.java:62)- Cache Hit Ratio [com.yc.dao.JobMapper]: 0.0
2019-05-30 21:05:41,984 DEBUG (BaseJdbcLogger.java:159)- ==>  Preparing: select * from job 
2019-05-30 21:05:41,984 DEBUG (BaseJdbcLogger.java:159)- ==> Parameters: 
2019-05-30 21:05:41,988 DEBUG (BaseJdbcLogger.java:159)- <==      Total: 60
2019-05-30 21:05:43,065 INFO (StartupInfoLogger.java:57)- Started RecruitApplication in 2.333 seconds (JVM running for 2916.478)
2019-05-30 21:07:23,705 INFO (StartupInfoLogger.java:48)- Starting RecruitApplication on Hsiao with PID 9028 (F:\pattime_job\target\classes started by Hsiao in F:\pattime_job)
2019-05-30 21:07:23,705 DEBUG (StartupInfoLogger.java:51)- Running with Spring Boot v1.5.4.RELEASE, Spring v4.3.9.RELEASE
2019-05-30 21:07:23,706 INFO (SpringApplication.java:597)- The following profiles are active: dev
2019-05-30 21:07:24,990 DEBUG (LoggingCache.java:62)- Cache Hit Ratio [com.yc.dao.JobMapper]: 0.0
2019-05-30 21:07:25,032 DEBUG (BaseJdbcLogger.java:159)- ==>  Preparing: select * from job 
2019-05-30 21:07:25,032 DEBUG (BaseJdbcLogger.java:159)- ==> Parameters: 
2019-05-30 21:07:25,036 DEBUG (BaseJdbcLogger.java:159)- <==      Total: 60
2019-05-30 21:07:26,250 INFO (StartupInfoLogger.java:57)- Started RecruitApplication in 2.589 seconds (JVM running for 3019.663)
2019-05-30 21:07:51,542 INFO (StartupInfoLogger.java:48)- Starting RecruitApplication on Hsiao with PID 9028 (F:\pattime_job\target\classes started by Hsiao in F:\pattime_job)
2019-05-30 21:07:51,543 DEBUG (StartupInfoLogger.java:51)- Running with Spring Boot v1.5.4.RELEASE, Spring v4.3.9.RELEASE
2019-05-30 21:07:51,543 INFO (SpringApplication.java:597)- The following profiles are active: dev
2019-05-30 21:07:53,054 DEBUG (LoggingCache.java:62)- Cache Hit Ratio [com.yc.dao.JobMapper]: 0.0
2019-05-30 21:07:53,084 DEBUG (BaseJdbcLogger.java:159)- ==>  Preparing: select * from job 
2019-05-30 21:07:53,084 DEBUG (BaseJdbcLogger.java:159)- ==> Parameters: 
2019-05-30 21:07:53,087 DEBUG (BaseJdbcLogger.java:159)- <==      Total: 60
2019-05-30 21:07:54,327 INFO (StartupInfoLogger.java:57)- Started RecruitApplication in 2.846 seconds (JVM running for 3047.741)
2019-05-30 21:08:48,565 INFO (StartupInfoLogger.java:48)- Starting RecruitApplication on Hsiao with PID 9028 (F:\pattime_job\target\classes started by Hsiao in F:\pattime_job)
2019-05-30 21:08:48,566 DEBUG (StartupInfoLogger.java:51)- Running with Spring Boot v1.5.4.RELEASE, Spring v4.3.9.RELEASE
2019-05-30 21:08:48,566 INFO (SpringApplication.java:597)- The following profiles are active: dev
2019-05-30 21:08:49,846 DEBUG (LoggingCache.java:62)- Cache Hit Ratio [com.yc.dao.JobMapper]: 0.0
2019-05-30 21:08:49,887 DEBUG (BaseJdbcLogger.java:159)- ==>  Preparing: select * from job 
2019-05-30 21:08:49,887 DEBUG (BaseJdbcLogger.java:159)- ==> Parameters: 
2019-05-30 21:08:49,891 DEBUG (BaseJdbcLogger.java:159)- <==      Total: 60
2019-05-30 21:08:50,861 INFO (StartupInfoLogger.java:57)- Started RecruitApplication in 2.344 seconds (JVM running for 3104.275)
2019-05-30 21:10:38,974 INFO (StartupInfoLogger.java:48)- Starting RecruitApplication on Hsiao with PID 9028 (F:\pattime_job\target\classes started by Hsiao in F:\pattime_job)
2019-05-30 21:10:38,974 DEBUG (StartupInfoLogger.java:51)- Running with Spring Boot v1.5.4.RELEASE, Spring v4.3.9.RELEASE
2019-05-30 21:10:38,975 INFO (SpringApplication.java:597)- The following profiles are active: dev
2019-05-30 21:10:40,191 DEBUG (LoggingCache.java:62)- Cache Hit Ratio [com.yc.dao.JobMapper]: 0.0
2019-05-30 21:10:40,269 DEBUG (BaseJdbcLogger.java:159)- ==>  Preparing: select * from job 
2019-05-30 21:10:40,270 DEBUG (BaseJdbcLogger.java:159)- ==> Parameters: 
2019-05-30 21:10:40,273 DEBUG (BaseJdbcLogger.java:159)- <==      Total: 60
2019-05-30 21:10:41,236 INFO (StartupInfoLogger.java:57)- Started RecruitApplication in 2.305 seconds (JVM running for 3214.649)
2019-05-30 21:10:57,755 INFO (StartupInfoLogger.java:48)- Starting RecruitApplication on Hsiao with PID 9028 (F:\pattime_job\target\classes started by Hsiao in F:\pattime_job)
2019-05-30 21:10:57,755 DEBUG (StartupInfoLogger.java:51)- Running with Spring Boot v1.5.4.RELEASE, Spring v4.3.9.RELEASE
2019-05-30 21:10:57,755 INFO (SpringApplication.java:597)- The following profiles are active: dev
2019-05-30 21:10:58,892 DEBUG (LoggingCache.java:62)- Cache Hit Ratio [com.yc.dao.JobMapper]: 0.0
2019-05-30 21:10:58,927 DEBUG (BaseJdbcLogger.java:159)- ==>  Preparing: select * from job 
2019-05-30 21:10:58,927 DEBUG (BaseJdbcLogger.java:159)- ==> Parameters: 
2019-05-30 21:10:58,932 DEBUG (BaseJdbcLogger.java:159)- <==      Total: 60
2019-05-30 21:10:59,839 INFO (StartupInfoLogger.java:57)- Started RecruitApplication in 2.126 seconds (JVM running for 3233.252)
2019-05-30 21:11:27,336 INFO (StartupInfoLogger.java:48)- Starting RecruitApplication on Hsiao with PID 9028 (F:\pattime_job\target\classes started by Hsiao in F:\pattime_job)
2019-05-30 21:11:27,337 DEBUG (StartupInfoLogger.java:51)- Running with Spring Boot v1.5.4.RELEASE, Spring v4.3.9.RELEASE
2019-05-30 21:11:27,337 INFO (SpringApplication.java:597)- The following profiles are active: dev
2019-05-30 21:11:28,467 DEBUG (LoggingCache.java:62)- Cache Hit Ratio [com.yc.dao.JobMapper]: 0.0
2019-05-30 21:11:28,505 DEBUG (BaseJdbcLogger.java:159)- ==>  Preparing: select * from job 
2019-05-30 21:11:28,506 DEBUG (BaseJdbcLogger.java:159)- ==> Parameters: 
2019-05-30 21:11:28,509 DEBUG (BaseJdbcLogger.java:159)- <==      Total: 60
2019-05-30 21:11:29,574 INFO (StartupInfoLogger.java:57)- Started RecruitApplication in 2.279 seconds (JVM running for 3262.988)
2019-05-30 21:11:35,190 INFO (StartupInfoLogger.java:48)- Starting RecruitApplication on Hsiao with PID 9028 (F:\pattime_job\target\classes started by Hsiao in F:\pattime_job)
2019-05-30 21:11:35,190 DEBUG (StartupInfoLogger.java:51)- Running with Spring Boot v1.5.4.RELEASE, Spring v4.3.9.RELEASE
2019-05-30 21:11:35,191 INFO (SpringApplication.java:597)- The following profiles are active: dev
2019-05-30 21:11:36,323 DEBUG (LoggingCache.java:62)- Cache Hit Ratio [com.yc.dao.JobMapper]: 0.0
2019-05-30 21:11:36,361 DEBUG (BaseJdbcLogger.java:159)- ==>  Preparing: select * from job 
2019-05-30 21:11:36,362 DEBUG (BaseJdbcLogger.java:159)- ==> Parameters: 
2019-05-30 21:11:36,366 DEBUG (BaseJdbcLogger.java:159)- <==      Total: 60
2019-05-30 21:11:37,369 INFO (StartupInfoLogger.java:57)- Started RecruitApplication in 2.218 seconds (JVM running for 3270.782)
2019-05-30 21:12:05,939 DEBUG (LoggingCache.java:62)- Cache Hit Ratio [com.yc.dao.Merchant_wantedjobMapper]: 0.0
2019-05-30 21:12:05,940 DEBUG (LoggingCache.java:62)- Cache Hit Ratio [com.yc.dao.Merchant_wantedjobMapper]: 0.0
2019-05-30 21:12:05,941 DEBUG (BaseJdbcLogger.java:159)- ==>  Preparing: select count(1) from merchant_wantedjob 
2019-05-30 21:12:05,942 DEBUG (BaseJdbcLogger.java:159)- ==> Parameters: 
2019-05-30 21:12:05,940 DEBUG (BaseJdbcLogger.java:159)- ==>  Preparing: select count(1) from merchant_wantedjob 
2019-05-30 21:12:05,944 DEBUG (BaseJdbcLogger.java:159)- ==> Parameters: 
2019-05-30 21:12:05,945 DEBUG (BaseJdbcLogger.java:159)- <==      Total: 1
2019-05-30 21:12:05,946 DEBUG (LoggingCache.java:62)- Cache Hit Ratio [com.yc.dao.Merchant_wantedjobMapper]: 0.0
2019-05-30 21:12:05,948 DEBUG (BaseJdbcLogger.java:159)- ==>  Preparing: select * from merchant_wantedjob limit ?,? 
2019-05-30 21:12:05,949 DEBUG (BaseJdbcLogger.java:159)- ==> Parameters: 0(Integer), 3(Integer)
2019-05-30 21:12:05,945 DEBUG (BaseJdbcLogger.java:159)- <==      Total: 1
2019-05-30 21:12:05,950 DEBUG (BaseJdbcLogger.java:159)- <==      Total: 1
2019-05-30 21:12:05,952 DEBUG (LoggingCache.java:62)- Cache Hit Ratio [com.yc.dao.Merchant_wantedjobMapper]: 0.25
2019-05-30 21:12:07,684 DEBUG (LoggingCache.java:62)- Cache Hit Ratio [com.yc.dao.Merchant_wantedjobMapper]: 0.4
2019-05-30 21:12:07,685 DEBUG (LoggingCache.java:62)- Cache Hit Ratio [com.yc.dao.Merchant_wantedjobMapper]: 0.5
2019-05-30 21:12:07,685 DEBUG (LoggingCache.java:62)- Cache Hit Ratio [com.yc.dao.Merchant_wantedjobMapper]: 0.5714285714285714
2019-05-30 21:12:07,687 DEBUG (LoggingCache.java:62)- Cache Hit Ratio [com.yc.dao.Merchant_wantedjobMapper]: 0.625
2019-05-30 21:12:08,777 DEBUG (LoggingCache.java:62)- Cache Hit Ratio [com.yc.dao.Merchant_wantedjobMapper]: 0.6666666666666666
2019-05-30 21:12:08,778 DEBUG (LoggingCache.java:62)- Cache Hit Ratio [com.yc.dao.Merchant_wantedjobMapper]: 0.7
2019-05-30 21:12:08,781 DEBUG (LoggingCache.java:62)- Cache Hit Ratio [com.yc.dao.Merchant_wantedjobMapper]: 0.7272727272727273
2019-05-30 21:12:08,783 DEBUG (LoggingCache.java:62)- Cache Hit Ratio [com.yc.dao.Merchant_wantedjobMapper]: 0.75
2019-05-30 21:36:31,646 INFO (StartupInfoLogger.java:48)- Starting RecruitApplication on Hsiao with PID 9028 (F:\pattime_job\target\classes started by Hsiao in F:\pattime_job)
2019-05-30 21:36:31,646 DEBUG (StartupInfoLogger.java:51)- Running with Spring Boot v1.5.4.RELEASE, Spring v4.3.9.RELEASE
2019-05-30 21:36:31,647 INFO (SpringApplication.java:597)- The following profiles are active: dev
2019-05-30 21:36:32,893 DEBUG (LoggingCache.java:62)- Cache Hit Ratio [com.yc.dao.JobMapper]: 0.0
2019-05-30 21:36:32,948 DEBUG (BaseJdbcLogger.java:159)- ==>  Preparing: select * from job 
2019-05-30 21:36:32,948 DEBUG (BaseJdbcLogger.java:159)- ==> Parameters: 
2019-05-30 21:36:32,954 DEBUG (BaseJdbcLogger.java:159)- <==      Total: 60
2019-05-30 21:37:09,553 INFO (StartupInfoLogger.java:48)- Starting RecruitApplication on Hsiao with PID 9028 (F:\pattime_job\target\classes started by Hsiao in F:\pattime_job)
2019-05-30 21:37:09,553 DEBUG (StartupInfoLogger.java:51)- Running with Spring Boot v1.5.4.RELEASE, Spring v4.3.9.RELEASE
2019-05-30 21:37:09,553 INFO (SpringApplication.java:597)- The following profiles are active: dev
2019-05-30 21:37:10,874 DEBUG (LoggingCache.java:62)- Cache Hit Ratio [com.yc.dao.JobMapper]: 0.0
2019-05-30 21:37:10,954 DEBUG (BaseJdbcLogger.java:159)- ==>  Preparing: select * from job 
2019-05-30 21:37:10,955 DEBUG (BaseJdbcLogger.java:159)- ==> Parameters: 
2019-05-30 21:37:10,959 DEBUG (BaseJdbcLogger.java:159)- <==      Total: 60
2019-05-30 21:37:13,202 INFO (StartupInfoLogger.java:48)- Starting RecruitApplication on Hsiao with PID 9028 (F:\pattime_job\target\classes started by Hsiao in F:\pattime_job)
2019-05-30 21:37:13,202 DEBUG (StartupInfoLogger.java:51)- Running with Spring Boot v1.5.4.RELEASE, Spring v4.3.9.RELEASE
2019-05-30 21:37:13,202 INFO (SpringApplication.java:597)- The following profiles are active: dev
2019-05-30 21:37:14,559 DEBUG (LoggingCache.java:62)- Cache Hit Ratio [com.yc.dao.JobMapper]: 0.0
2019-05-30 21:37:14,587 DEBUG (BaseJdbcLogger.java:159)- ==>  Preparing: select * from job 
2019-05-30 21:37:14,588 DEBUG (BaseJdbcLogger.java:159)- ==> Parameters: 
2019-05-30 21:37:14,593 DEBUG (BaseJdbcLogger.java:159)- <==      Total: 60
2019-05-30 21:37:28,350 INFO (StartupInfoLogger.java:48)- Starting RecruitApplication on Hsiao with PID 9028 (F:\pattime_job\target\classes started by Hsiao in F:\pattime_job)
2019-05-30 21:37:28,350 DEBUG (StartupInfoLogger.java:51)- Running with Spring Boot v1.5.4.RELEASE, Spring v4.3.9.RELEASE
2019-05-30 21:37:28,350 INFO (SpringApplication.java:597)- The following profiles are active: dev
2019-05-30 21:37:29,598 DEBUG (LoggingCache.java:62)- Cache Hit Ratio [com.yc.dao.JobMapper]: 0.0
2019-05-30 21:37:29,634 DEBUG (BaseJdbcLogger.java:159)- ==>  Preparing: select * from job 
2019-05-30 21:37:29,634 DEBUG (BaseJdbcLogger.java:159)- ==> Parameters: 
2019-05-30 21:37:29,637 DEBUG (BaseJdbcLogger.java:159)- <==      Total: 60
2019-05-30 21:37:40,477 INFO (StartupInfoLogger.java:48)- Starting RecruitApplication on Hsiao with PID 9028 (F:\pattime_job\target\classes started by Hsiao in F:\pattime_job)
2019-05-30 21:37:40,477 DEBUG (StartupInfoLogger.java:51)- Running with Spring Boot v1.5.4.RELEASE, Spring v4.3.9.RELEASE
2019-05-30 21:37:40,477 INFO (SpringApplication.java:597)- The following profiles are active: dev
2019-05-30 21:37:41,868 DEBUG (LoggingCache.java:62)- Cache Hit Ratio [com.yc.dao.JobMapper]: 0.0
2019-05-30 21:37:41,906 DEBUG (BaseJdbcLogger.java:159)- ==>  Preparing: select * from job 
2019-05-30 21:37:41,907 DEBUG (BaseJdbcLogger.java:159)- ==> Parameters: 
2019-05-30 21:37:41,911 DEBUG (BaseJdbcLogger.java:159)- <==      Total: 60
2019-05-30 21:38:08,851 INFO (StartupInfoLogger.java:48)- Starting RecruitApplication on Hsiao with PID 9028 (F:\pattime_job\target\classes started by Hsiao in F:\pattime_job)
2019-05-30 21:38:08,852 DEBUG (StartupInfoLogger.java:51)- Running with Spring Boot v1.5.4.RELEASE, Spring v4.3.9.RELEASE
2019-05-30 21:38:08,852 INFO (SpringApplication.java:597)- The following profiles are active: dev
2019-05-30 21:38:10,208 DEBUG (LoggingCache.java:62)- Cache Hit Ratio [com.yc.dao.JobMapper]: 0.0
2019-05-30 21:38:10,293 DEBUG (BaseJdbcLogger.java:159)- ==>  Preparing: select * from job 
2019-05-30 21:38:10,294 DEBUG (BaseJdbcLogger.java:159)- ==> Parameters: 
2019-05-30 21:38:10,298 DEBUG (BaseJdbcLogger.java:159)- <==      Total: 60
2019-05-30 21:38:38,058 INFO (StartupInfoLogger.java:48)- Starting RecruitApplication on Hsiao with PID 9028 (F:\pattime_job\target\classes started by Hsiao in F:\pattime_job)
2019-05-30 21:38:38,058 DEBUG (StartupInfoLogger.java:51)- Running with Spring Boot v1.5.4.RELEASE, Spring v4.3.9.RELEASE
2019-05-30 21:38:38,058 INFO (SpringApplication.java:597)- The following profiles are active: dev
2019-05-30 21:38:39,346 DEBUG (LoggingCache.java:62)- Cache Hit Ratio [com.yc.dao.JobMapper]: 0.0
2019-05-30 21:38:39,381 DEBUG (BaseJdbcLogger.java:159)- ==>  Preparing: select * from job 
2019-05-30 21:38:39,381 DEBUG (BaseJdbcLogger.java:159)- ==> Parameters: 
2019-05-30 21:38:39,385 DEBUG (BaseJdbcLogger.java:159)- <==      Total: 60
2019-05-30 21:38:47,656 INFO (StartupInfoLogger.java:48)- Starting RecruitApplication on Hsiao with PID 9028 (F:\pattime_job\target\classes started by Hsiao in F:\pattime_job)
2019-05-30 21:38:47,656 DEBUG (StartupInfoLogger.java:51)- Running with Spring Boot v1.5.4.RELEASE, Spring v4.3.9.RELEASE
2019-05-30 21:38:47,656 INFO (SpringApplication.java:597)- The following profiles are active: dev
2019-05-30 21:38:48,977 DEBUG (LoggingCache.java:62)- Cache Hit Ratio [com.yc.dao.JobMapper]: 0.0
2019-05-30 21:38:49,017 DEBUG (BaseJdbcLogger.java:159)- ==>  Preparing: select * from job 
2019-05-30 21:38:49,018 DEBUG (BaseJdbcLogger.java:159)- ==> Parameters: 
2019-05-30 21:38:49,021 DEBUG (BaseJdbcLogger.java:159)- <==      Total: 60
2019-05-30 21:38:57,891 INFO (StartupInfoLogger.java:48)- Starting RecruitApplication on Hsiao with PID 9028 (F:\pattime_job\target\classes started by Hsiao in F:\pattime_job)
2019-05-30 21:38:57,891 DEBUG (StartupInfoLogger.java:51)- Running with Spring Boot v1.5.4.RELEASE, Spring v4.3.9.RELEASE
2019-05-30 21:38:57,891 INFO (SpringApplication.java:597)- The following profiles are active: dev
2019-05-30 21:38:59,497 DEBUG (LoggingCache.java:62)- Cache Hit Ratio [com.yc.dao.JobMapper]: 0.0
2019-05-30 21:38:59,527 DEBUG (BaseJdbcLogger.java:159)- ==>  Preparing: select * from job 
2019-05-30 21:38:59,527 DEBUG (BaseJdbcLogger.java:159)- ==> Parameters: 
2019-05-30 21:38:59,530 DEBUG (BaseJdbcLogger.java:159)- <==      Total: 60
2019-05-30 21:40:44,595 INFO (StartupInfoLogger.java:48)- Starting RecruitApplication on Hsiao with PID 9028 (F:\pattime_job\target\classes started by Hsiao in F:\pattime_job)
2019-05-30 21:40:44,596 DEBUG (StartupInfoLogger.java:51)- Running with Spring Boot v1.5.4.RELEASE, Spring v4.3.9.RELEASE
2019-05-30 21:40:44,597 INFO (SpringApplication.java:597)- The following profiles are active: dev
2019-05-30 21:40:45,848 DEBUG (LoggingCache.java:62)- Cache Hit Ratio [com.yc.dao.JobMapper]: 0.0
2019-05-30 21:40:45,900 DEBUG (BaseJdbcLogger.java:159)- ==>  Preparing: select * from job 
2019-05-30 21:40:45,901 DEBUG (BaseJdbcLogger.java:159)- ==> Parameters: 
2019-05-30 21:40:45,905 DEBUG (BaseJdbcLogger.java:159)- <==      Total: 60
2019-05-30 21:41:13,341 INFO (StartupInfoLogger.java:48)- Starting RecruitApplication on Hsiao with PID 9028 (F:\pattime_job\target\classes started by Hsiao in F:\pattime_job)
2019-05-30 21:41:13,341 DEBUG (StartupInfoLogger.java:51)- Running with Spring Boot v1.5.4.RELEASE, Spring v4.3.9.RELEASE
2019-05-30 21:41:13,341 INFO (SpringApplication.java:597)- The following profiles are active: dev
2019-05-30 21:41:14,745 DEBUG (LoggingCache.java:62)- Cache Hit Ratio [com.yc.dao.JobMapper]: 0.0
2019-05-30 21:41:14,784 DEBUG (BaseJdbcLogger.java:159)- ==>  Preparing: select * from job 
2019-05-30 21:41:14,785 DEBUG (BaseJdbcLogger.java:159)- ==> Parameters: 
2019-05-30 21:41:14,788 DEBUG (BaseJdbcLogger.java:159)- <==      Total: 60
2019-05-30 21:41:34,269 INFO (StartupInfoLogger.java:48)- Starting RecruitApplication on Hsiao with PID 9028 (F:\pattime_job\target\classes started by Hsiao in F:\pattime_job)
2019-05-30 21:41:34,269 DEBUG (StartupInfoLogger.java:51)- Running with Spring Boot v1.5.4.RELEASE, Spring v4.3.9.RELEASE
2019-05-30 21:41:34,269 INFO (SpringApplication.java:597)- The following profiles are active: dev
2019-05-30 21:41:35,619 DEBUG (LoggingCache.java:62)- Cache Hit Ratio [com.yc.dao.JobMapper]: 0.0
2019-05-30 21:41:35,648 DEBUG (BaseJdbcLogger.java:159)- ==>  Preparing: select * from job 
2019-05-30 21:41:35,648 DEBUG (BaseJdbcLogger.java:159)- ==> Parameters: 
2019-05-30 21:41:35,651 DEBUG (BaseJdbcLogger.java:159)- <==      Total: 60
