2019-05-18 17:28:41,889 INFO (StartupInfoLogger.java:48)- Starting RecruitApplication on SKJ-PC with PID 10496 (E:\javawork\college_parttimejob\target\classes started by SKJ in E:\javawork\college_parttimejob)
2019-05-18 17:28:41,901 DEBUG (StartupInfoLogger.java:51)- Running with Spring Boot v1.5.4.RELEASE, Spring v4.3.9.RELEASE
2019-05-18 17:28:41,901 INFO (SpringApplication.java:597)- The following profiles are active: dev
2019-05-18 17:28:51,936 DEBUG (LoggingCache.java:62)- Cache Hit Ratio [com.yc.dao.JobMapper]: 0.0
2019-05-18 17:28:52,492 DEBUG (BaseJdbcLogger.java:159)- ==>  Preparing: select * from job 
2019-05-18 17:28:52,523 DEBUG (BaseJdbcLogger.java:159)- ==> Parameters: 
2019-05-18 17:28:52,637 DEBUG (BaseJdbcLogger.java:159)- <==      Total: 49
2019-05-18 17:28:52,786 INFO (InitListener.java:53)- [Job [id=1, keycode=行业, parameter=文员助理, fathernode=0], Job [id=2, keycode=行业, parameter=市场推广, fathernode=0], Job [id=3, keycode=行业, parameter=家教培训, fathernode=0], Job [id=4, keycode=行业, parameter=餐饮服务, fathernode=0], Job [id=5, keycode=行业, parameter=店员导购, fathernode=0], Job [id=6, keycode=行业, parameter=物流仓库, fathernode=0], Job [id=7, keycode=行业, parameter=展会演出, fathernode=0], Job [id=8, keycode=行业, parameter=线上兼职, fathernode=0], Job [id=9, keycode=行业, parameter=才艺技能, fathernode=0], Job [id=10, keycode=行业, parameter=客服话务, fathernode=0], Job [id=11, keycode=行业, parameter=其他, fathernode=0], Job [id=12, keycode=职业, parameter=运营助理, fathernode=1], Job [id=13, keycode=职业, parameter=资料录入, fathernode=1], Job [id=14, keycode=职业, parameter=信息标注, fathernode=1], Job [id=15, keycode=职业, parameter=行政/文员, fathernode=1], Job [id=16, keycode=职业, parameter=市场调查, fathernode=2], Job [id=17, keycode=职业, parameter=扫码推广, fathernode=2], Job [id=18, keycode=职业, parameter=派单/拉访, fathernode=2], Job [id=19, keycode=职业, parameter=校园代理, fathernode=2], Job [id=20, keycode=职业, parameter=销售, fathernode=2], Job [id=21, keycode=职业, parameter=促销, fathernode=2], Job [id=22, keycode=职业, parameter=其他推广, fathernode=2], Job [id=23, keycode=职业, parameter=辅导培训, fathernode=3], Job [id=24, keycode=职业, parameter=家教, fathernode=3], Job [id=25, keycode=职业, parameter=助教, fathernode=3], Job [id=26, keycode=职业, parameter=才艺老师, fathernode=3], Job [id=27, keycode=职业, parameter=服务生, fathernode=4], Job [id=28, keycode=职业, parameter=外卖配送, fathernode=4], Job [id=29, keycode=职业, parameter=见习经理, fathernode=4], Job [id=30, keycode=职业, parameter=店员/收银员, fathernode=5], Job [id=31, keycode=职业, parameter=导购, fathernode=5], Job [id=32, keycode=职业, parameter=打包分拣, fathernode=6], Job [id=33, keycode=职业, parameter=物流配送, fathernode=6], Job [id=34, keycode=职业, parameter=活动协助/执行, fathernode=7], Job [id=35, keycode=职业, parameter=节目观众, fathernode=7], Job [id=36, keycode=职业, parameter=社群运营, fathernode=8], Job [id=37, keycode=职业, parameter=信息标注, fathernode=8], Job [id=38, keycode=职业, parameter=资料录入, fathernode=8], Job [id=39, keycode=职业, parameter=在线主播, fathernode=8], Job [id=40, keycode=职业, parameter=线下主播, fathernode=9], Job [id=41, keycode=职业, parameter=美工设计, fathernode=9], Job [id=42, keycode=职业, parameter=资料录入, fathernode=9], Job [id=43, keycode=职业, parameter=在线主播, fathernode=9], Job [id=44, keycode=职业, parameter=客服, fathernode=10], Job [id=45, keycode=职业, parameter=话务员, fathernode=10], Job [id=46, keycode=职业, parameter=新奇兼职, fathernode=11], Job [id=47, keycode=职业, parameter=义工旅行, fathernode=11], Job [id=48, keycode=职业, parameter=志愿者, fathernode=11], Job [id=49, keycode=职业, parameter=体验测评, fathernode=11]]
2019-05-18 17:28:59,228 INFO (StartupInfoLogger.java:57)- Started RecruitApplication in 18.629 seconds (JVM running for 19.914)
2019-05-18 17:34:51,337 INFO (StartupInfoLogger.java:48)- Starting RecruitApplication on SKJ-PC with PID 10496 (E:\javawork\college_parttimejob\target\classes started by SKJ in E:\javawork\college_parttimejob)
2019-05-18 17:34:51,338 DEBUG (StartupInfoLogger.java:51)- Running with Spring Boot v1.5.4.RELEASE, Spring v4.3.9.RELEASE
2019-05-18 17:34:51,338 INFO (SpringApplication.java:597)- The following profiles are active: dev
2019-05-18 17:34:53,806 DEBUG (LoggingCache.java:62)- Cache Hit Ratio [com.yc.dao.JobMapper]: 0.0
2019-05-18 17:34:53,925 DEBUG (BaseJdbcLogger.java:159)- ==>  Preparing: select * from job 
2019-05-18 17:34:53,926 DEBUG (BaseJdbcLogger.java:159)- ==> Parameters: 
2019-05-18 17:34:53,941 DEBUG (BaseJdbcLogger.java:159)- <==      Total: 49
2019-05-18 17:34:53,957 INFO (InitListener.java:53)- [Job [id=1, keycode=行业, parameter=文员助理, fathernode=0], Job [id=2, keycode=行业, parameter=市场推广, fathernode=0], Job [id=3, keycode=行业, parameter=家教培训, fathernode=0], Job [id=4, keycode=行业, parameter=餐饮服务, fathernode=0], Job [id=5, keycode=行业, parameter=店员导购, fathernode=0], Job [id=6, keycode=行业, parameter=物流仓库, fathernode=0], Job [id=7, keycode=行业, parameter=展会演出, fathernode=0], Job [id=8, keycode=行业, parameter=线上兼职, fathernode=0], Job [id=9, keycode=行业, parameter=才艺技能, fathernode=0], Job [id=10, keycode=行业, parameter=客服话务, fathernode=0], Job [id=11, keycode=行业, parameter=其他, fathernode=0], Job [id=12, keycode=职业, parameter=运营助理, fathernode=1], Job [id=13, keycode=职业, parameter=资料录入, fathernode=1], Job [id=14, keycode=职业, parameter=信息标注, fathernode=1], Job [id=15, keycode=职业, parameter=行政/文员, fathernode=1], Job [id=16, keycode=职业, parameter=市场调查, fathernode=2], Job [id=17, keycode=职业, parameter=扫码推广, fathernode=2], Job [id=18, keycode=职业, parameter=派单/拉访, fathernode=2], Job [id=19, keycode=职业, parameter=校园代理, fathernode=2], Job [id=20, keycode=职业, parameter=销售, fathernode=2], Job [id=21, keycode=职业, parameter=促销, fathernode=2], Job [id=22, keycode=职业, parameter=其他推广, fathernode=2], Job [id=23, keycode=职业, parameter=辅导培训, fathernode=3], Job [id=24, keycode=职业, parameter=家教, fathernode=3], Job [id=25, keycode=职业, parameter=助教, fathernode=3], Job [id=26, keycode=职业, parameter=才艺老师, fathernode=3], Job [id=27, keycode=职业, parameter=服务生, fathernode=4], Job [id=28, keycode=职业, parameter=外卖配送, fathernode=4], Job [id=29, keycode=职业, parameter=见习经理, fathernode=4], Job [id=30, keycode=职业, parameter=店员/收银员, fathernode=5], Job [id=31, keycode=职业, parameter=导购, fathernode=5], Job [id=32, keycode=职业, parameter=打包分拣, fathernode=6], Job [id=33, keycode=职业, parameter=物流配送, fathernode=6], Job [id=34, keycode=职业, parameter=活动协助/执行, fathernode=7], Job [id=35, keycode=职业, parameter=节目观众, fathernode=7], Job [id=36, keycode=职业, parameter=社群运营, fathernode=8], Job [id=37, keycode=职业, parameter=信息标注, fathernode=8], Job [id=38, keycode=职业, parameter=资料录入, fathernode=8], Job [id=39, keycode=职业, parameter=在线主播, fathernode=8], Job [id=40, keycode=职业, parameter=线下主播, fathernode=9], Job [id=41, keycode=职业, parameter=美工设计, fathernode=9], Job [id=42, keycode=职业, parameter=资料录入, fathernode=9], Job [id=43, keycode=职业, parameter=在线主播, fathernode=9], Job [id=44, keycode=职业, parameter=客服, fathernode=10], Job [id=45, keycode=职业, parameter=话务员, fathernode=10], Job [id=46, keycode=职业, parameter=新奇兼职, fathernode=11], Job [id=47, keycode=职业, parameter=义工旅行, fathernode=11], Job [id=48, keycode=职业, parameter=志愿者, fathernode=11], Job [id=49, keycode=职业, parameter=体验测评, fathernode=11]]
2019-05-18 17:34:56,209 INFO (StartupInfoLogger.java:57)- Started RecruitApplication in 4.985 seconds (JVM running for 376.886)
2019-05-18 17:35:25,557 INFO (StartupInfoLogger.java:48)- Starting RecruitApplication on SKJ-PC with PID 10496 (E:\javawork\college_parttimejob\target\classes started by SKJ in E:\javawork\college_parttimejob)
2019-05-18 17:35:25,558 DEBUG (StartupInfoLogger.java:51)- Running with Spring Boot v1.5.4.RELEASE, Spring v4.3.9.RELEASE
2019-05-18 17:35:25,558 INFO (SpringApplication.java:597)- The following profiles are active: dev
2019-05-18 17:35:27,887 DEBUG (LoggingCache.java:62)- Cache Hit Ratio [com.yc.dao.JobMapper]: 0.0
2019-05-18 17:35:27,972 DEBUG (BaseJdbcLogger.java:159)- ==>  Preparing: select * from job 
2019-05-18 17:35:27,972 DEBUG (BaseJdbcLogger.java:159)- ==> Parameters: 
2019-05-18 17:35:27,988 DEBUG (BaseJdbcLogger.java:159)- <==      Total: 49
2019-05-18 17:35:28,008 INFO (InitListener.java:53)- [Job [id=1, keycode=行业, parameter=文员助理, fathernode=0], Job [id=2, keycode=行业, parameter=市场推广, fathernode=0], Job [id=3, keycode=行业, parameter=家教培训, fathernode=0], Job [id=4, keycode=行业, parameter=餐饮服务, fathernode=0], Job [id=5, keycode=行业, parameter=店员导购, fathernode=0], Job [id=6, keycode=行业, parameter=物流仓库, fathernode=0], Job [id=7, keycode=行业, parameter=展会演出, fathernode=0], Job [id=8, keycode=行业, parameter=线上兼职, fathernode=0], Job [id=9, keycode=行业, parameter=才艺技能, fathernode=0], Job [id=10, keycode=行业, parameter=客服话务, fathernode=0], Job [id=11, keycode=行业, parameter=其他, fathernode=0], Job [id=12, keycode=职业, parameter=运营助理, fathernode=1], Job [id=13, keycode=职业, parameter=资料录入, fathernode=1], Job [id=14, keycode=职业, parameter=信息标注, fathernode=1], Job [id=15, keycode=职业, parameter=行政/文员, fathernode=1], Job [id=16, keycode=职业, parameter=市场调查, fathernode=2], Job [id=17, keycode=职业, parameter=扫码推广, fathernode=2], Job [id=18, keycode=职业, parameter=派单/拉访, fathernode=2], Job [id=19, keycode=职业, parameter=校园代理, fathernode=2], Job [id=20, keycode=职业, parameter=销售, fathernode=2], Job [id=21, keycode=职业, parameter=促销, fathernode=2], Job [id=22, keycode=职业, parameter=其他推广, fathernode=2], Job [id=23, keycode=职业, parameter=辅导培训, fathernode=3], Job [id=24, keycode=职业, parameter=家教, fathernode=3], Job [id=25, keycode=职业, parameter=助教, fathernode=3], Job [id=26, keycode=职业, parameter=才艺老师, fathernode=3], Job [id=27, keycode=职业, parameter=服务生, fathernode=4], Job [id=28, keycode=职业, parameter=外卖配送, fathernode=4], Job [id=29, keycode=职业, parameter=见习经理, fathernode=4], Job [id=30, keycode=职业, parameter=店员/收银员, fathernode=5], Job [id=31, keycode=职业, parameter=导购, fathernode=5], Job [id=32, keycode=职业, parameter=打包分拣, fathernode=6], Job [id=33, keycode=职业, parameter=物流配送, fathernode=6], Job [id=34, keycode=职业, parameter=活动协助/执行, fathernode=7], Job [id=35, keycode=职业, parameter=节目观众, fathernode=7], Job [id=36, keycode=职业, parameter=社群运营, fathernode=8], Job [id=37, keycode=职业, parameter=信息标注, fathernode=8], Job [id=38, keycode=职业, parameter=资料录入, fathernode=8], Job [id=39, keycode=职业, parameter=在线主播, fathernode=8], Job [id=40, keycode=职业, parameter=线下主播, fathernode=9], Job [id=41, keycode=职业, parameter=美工设计, fathernode=9], Job [id=42, keycode=职业, parameter=资料录入, fathernode=9], Job [id=43, keycode=职业, parameter=在线主播, fathernode=9], Job [id=44, keycode=职业, parameter=客服, fathernode=10], Job [id=45, keycode=职业, parameter=话务员, fathernode=10], Job [id=46, keycode=职业, parameter=新奇兼职, fathernode=11], Job [id=47, keycode=职业, parameter=义工旅行, fathernode=11], Job [id=48, keycode=职业, parameter=志愿者, fathernode=11], Job [id=49, keycode=职业, parameter=体验测评, fathernode=11]]
2019-05-18 17:35:29,999 INFO (StartupInfoLogger.java:57)- Started RecruitApplication in 4.529 seconds (JVM running for 410.675)
2019-05-18 17:35:45,052 INFO (StartupInfoLogger.java:48)- Starting RecruitApplication on SKJ-PC with PID 11044 (E:\javawork\college_parttimejob\target\classes started by SKJ in E:\javawork\college_parttimejob)
2019-05-18 17:35:45,054 DEBUG (StartupInfoLogger.java:51)- Running with Spring Boot v1.5.4.RELEASE, Spring v4.3.9.RELEASE
2019-05-18 17:35:45,055 INFO (SpringApplication.java:597)- The following profiles are active: dev
2019-05-18 17:35:52,180 DEBUG (LoggingCache.java:62)- Cache Hit Ratio [com.yc.dao.JobMapper]: 0.0
2019-05-18 17:35:52,558 DEBUG (BaseJdbcLogger.java:159)- ==>  Preparing: select * from job 
2019-05-18 17:35:52,592 DEBUG (BaseJdbcLogger.java:159)- ==> Parameters: 
2019-05-18 17:35:52,616 DEBUG (BaseJdbcLogger.java:159)- <==      Total: 49
2019-05-18 17:35:52,697 INFO (InitListener.java:53)- [Job [id=1, keycode=行业, parameter=文员助理, fathernode=0], Job [id=2, keycode=行业, parameter=市场推广, fathernode=0], Job [id=3, keycode=行业, parameter=家教培训, fathernode=0], Job [id=4, keycode=行业, parameter=餐饮服务, fathernode=0], Job [id=5, keycode=行业, parameter=店员导购, fathernode=0], Job [id=6, keycode=行业, parameter=物流仓库, fathernode=0], Job [id=7, keycode=行业, parameter=展会演出, fathernode=0], Job [id=8, keycode=行业, parameter=线上兼职, fathernode=0], Job [id=9, keycode=行业, parameter=才艺技能, fathernode=0], Job [id=10, keycode=行业, parameter=客服话务, fathernode=0], Job [id=11, keycode=行业, parameter=其他, fathernode=0], Job [id=12, keycode=职业, parameter=运营助理, fathernode=1], Job [id=13, keycode=职业, parameter=资料录入, fathernode=1], Job [id=14, keycode=职业, parameter=信息标注, fathernode=1], Job [id=15, keycode=职业, parameter=行政/文员, fathernode=1], Job [id=16, keycode=职业, parameter=市场调查, fathernode=2], Job [id=17, keycode=职业, parameter=扫码推广, fathernode=2], Job [id=18, keycode=职业, parameter=派单/拉访, fathernode=2], Job [id=19, keycode=职业, parameter=校园代理, fathernode=2], Job [id=20, keycode=职业, parameter=销售, fathernode=2], Job [id=21, keycode=职业, parameter=促销, fathernode=2], Job [id=22, keycode=职业, parameter=其他推广, fathernode=2], Job [id=23, keycode=职业, parameter=辅导培训, fathernode=3], Job [id=24, keycode=职业, parameter=家教, fathernode=3], Job [id=25, keycode=职业, parameter=助教, fathernode=3], Job [id=26, keycode=职业, parameter=才艺老师, fathernode=3], Job [id=27, keycode=职业, parameter=服务生, fathernode=4], Job [id=28, keycode=职业, parameter=外卖配送, fathernode=4], Job [id=29, keycode=职业, parameter=见习经理, fathernode=4], Job [id=30, keycode=职业, parameter=店员/收银员, fathernode=5], Job [id=31, keycode=职业, parameter=导购, fathernode=5], Job [id=32, keycode=职业, parameter=打包分拣, fathernode=6], Job [id=33, keycode=职业, parameter=物流配送, fathernode=6], Job [id=34, keycode=职业, parameter=活动协助/执行, fathernode=7], Job [id=35, keycode=职业, parameter=节目观众, fathernode=7], Job [id=36, keycode=职业, parameter=社群运营, fathernode=8], Job [id=37, keycode=职业, parameter=信息标注, fathernode=8], Job [id=38, keycode=职业, parameter=资料录入, fathernode=8], Job [id=39, keycode=职业, parameter=在线主播, fathernode=8], Job [id=40, keycode=职业, parameter=线下主播, fathernode=9], Job [id=41, keycode=职业, parameter=美工设计, fathernode=9], Job [id=42, keycode=职业, parameter=资料录入, fathernode=9], Job [id=43, keycode=职业, parameter=在线主播, fathernode=9], Job [id=44, keycode=职业, parameter=客服, fathernode=10], Job [id=45, keycode=职业, parameter=话务员, fathernode=10], Job [id=46, keycode=职业, parameter=新奇兼职, fathernode=11], Job [id=47, keycode=职业, parameter=义工旅行, fathernode=11], Job [id=48, keycode=职业, parameter=志愿者, fathernode=11], Job [id=49, keycode=职业, parameter=体验测评, fathernode=11]]
2019-05-18 17:35:57,045 INFO (StartupInfoLogger.java:57)- Started RecruitApplication in 12.618 seconds (JVM running for 13.518)
2019-05-18 17:36:24,669 INFO (StartupInfoLogger.java:48)- Starting RecruitApplication on SKJ-PC with PID 10604 (E:\javawork\college_parttimejob\target\classes started by SKJ in E:\javawork\college_parttimejob)
2019-05-18 17:36:24,671 DEBUG (StartupInfoLogger.java:51)- Running with Spring Boot v1.5.4.RELEASE, Spring v4.3.9.RELEASE
2019-05-18 17:36:24,672 INFO (SpringApplication.java:597)- The following profiles are active: dev
2019-05-18 17:36:34,320 DEBUG (LoggingCache.java:62)- Cache Hit Ratio [com.yc.dao.JobMapper]: 0.0
2019-05-18 17:36:34,854 DEBUG (BaseJdbcLogger.java:159)- ==>  Preparing: select * from job 
2019-05-18 17:36:34,902 DEBUG (BaseJdbcLogger.java:159)- ==> Parameters: 
2019-05-18 17:36:34,931 DEBUG (BaseJdbcLogger.java:159)- <==      Total: 49
2019-05-18 17:36:35,024 INFO (InitListener.java:53)- [Job [id=1, keycode=行业, parameter=文员助理, fathernode=0], Job [id=2, keycode=行业, parameter=市场推广, fathernode=0], Job [id=3, keycode=行业, parameter=家教培训, fathernode=0], Job [id=4, keycode=行业, parameter=餐饮服务, fathernode=0], Job [id=5, keycode=行业, parameter=店员导购, fathernode=0], Job [id=6, keycode=行业, parameter=物流仓库, fathernode=0], Job [id=7, keycode=行业, parameter=展会演出, fathernode=0], Job [id=8, keycode=行业, parameter=线上兼职, fathernode=0], Job [id=9, keycode=行业, parameter=才艺技能, fathernode=0], Job [id=10, keycode=行业, parameter=客服话务, fathernode=0], Job [id=11, keycode=行业, parameter=其他, fathernode=0], Job [id=12, keycode=职业, parameter=运营助理, fathernode=1], Job [id=13, keycode=职业, parameter=资料录入, fathernode=1], Job [id=14, keycode=职业, parameter=信息标注, fathernode=1], Job [id=15, keycode=职业, parameter=行政/文员, fathernode=1], Job [id=16, keycode=职业, parameter=市场调查, fathernode=2], Job [id=17, keycode=职业, parameter=扫码推广, fathernode=2], Job [id=18, keycode=职业, parameter=派单/拉访, fathernode=2], Job [id=19, keycode=职业, parameter=校园代理, fathernode=2], Job [id=20, keycode=职业, parameter=销售, fathernode=2], Job [id=21, keycode=职业, parameter=促销, fathernode=2], Job [id=22, keycode=职业, parameter=其他推广, fathernode=2], Job [id=23, keycode=职业, parameter=辅导培训, fathernode=3], Job [id=24, keycode=职业, parameter=家教, fathernode=3], Job [id=25, keycode=职业, parameter=助教, fathernode=3], Job [id=26, keycode=职业, parameter=才艺老师, fathernode=3], Job [id=27, keycode=职业, parameter=服务生, fathernode=4], Job [id=28, keycode=职业, parameter=外卖配送, fathernode=4], Job [id=29, keycode=职业, parameter=见习经理, fathernode=4], Job [id=30, keycode=职业, parameter=店员/收银员, fathernode=5], Job [id=31, keycode=职业, parameter=导购, fathernode=5], Job [id=32, keycode=职业, parameter=打包分拣, fathernode=6], Job [id=33, keycode=职业, parameter=物流配送, fathernode=6], Job [id=34, keycode=职业, parameter=活动协助/执行, fathernode=7], Job [id=35, keycode=职业, parameter=节目观众, fathernode=7], Job [id=36, keycode=职业, parameter=社群运营, fathernode=8], Job [id=37, keycode=职业, parameter=信息标注, fathernode=8], Job [id=38, keycode=职业, parameter=资料录入, fathernode=8], Job [id=39, keycode=职业, parameter=在线主播, fathernode=8], Job [id=40, keycode=职业, parameter=线下主播, fathernode=9], Job [id=41, keycode=职业, parameter=美工设计, fathernode=9], Job [id=42, keycode=职业, parameter=资料录入, fathernode=9], Job [id=43, keycode=职业, parameter=在线主播, fathernode=9], Job [id=44, keycode=职业, parameter=客服, fathernode=10], Job [id=45, keycode=职业, parameter=话务员, fathernode=10], Job [id=46, keycode=职业, parameter=新奇兼职, fathernode=11], Job [id=47, keycode=职业, parameter=义工旅行, fathernode=11], Job [id=48, keycode=职业, parameter=志愿者, fathernode=11], Job [id=49, keycode=职业, parameter=体验测评, fathernode=11]]
2019-05-18 17:36:41,659 INFO (StartupInfoLogger.java:57)- Started RecruitApplication in 18.098 seconds (JVM running for 23.43)
2019-05-18 17:37:23,689 DEBUG (BaseJdbcLogger.java:159)- ==>  Preparing: select * from Student_baseinfo where stu_password=? and stu_name=? 
2019-05-18 17:37:23,693 DEBUG (BaseJdbcLogger.java:159)- ==> Parameters: a(String), a(String)
2019-05-18 17:37:23,746 DEBUG (BaseJdbcLogger.java:159)- <==      Total: 1
2019-05-18 17:37:26,794 DEBUG (LoggingCache.java:62)- Cache Hit Ratio [com.yc.dao.Merchant_wantedjobMapper]: 0.0
2019-05-18 17:37:26,796 DEBUG (BaseJdbcLogger.java:159)- ==>  Preparing: select count(1) from merchant_wantedjob 
2019-05-18 17:37:26,797 DEBUG (BaseJdbcLogger.java:159)- ==> Parameters: 
2019-05-18 17:37:26,855 DEBUG (BaseJdbcLogger.java:159)- <==      Total: 1
2019-05-18 17:37:26,858 DEBUG (LoggingCache.java:62)- Cache Hit Ratio [com.yc.dao.Merchant_wantedjobMapper]: 0.0
2019-05-18 17:37:26,859 DEBUG (BaseJdbcLogger.java:159)- ==>  Preparing: select * from merchant_wantedjob limit ?,? 
2019-05-18 17:37:26,860 DEBUG (BaseJdbcLogger.java:159)- ==> Parameters: 0(Integer), 3(Integer)
2019-05-18 17:37:26,868 DEBUG (BaseJdbcLogger.java:159)- <==      Total: 3
2019-05-18 17:56:25,294 INFO (StartupInfoLogger.java:48)- Starting RecruitApplication on SKJ-PC with PID 10604 (E:\javawork\college_parttimejob\target\classes started by SKJ in E:\javawork\college_parttimejob)
2019-05-18 17:56:25,295 DEBUG (StartupInfoLogger.java:51)- Running with Spring Boot v1.5.4.RELEASE, Spring v4.3.9.RELEASE
2019-05-18 17:56:25,295 INFO (SpringApplication.java:597)- The following profiles are active: dev
2019-05-18 17:56:28,499 DEBUG (LoggingCache.java:62)- Cache Hit Ratio [com.yc.dao.JobMapper]: 0.0
2019-05-18 17:56:28,591 DEBUG (BaseJdbcLogger.java:159)- ==>  Preparing: select * from job 
2019-05-18 17:56:28,592 DEBUG (BaseJdbcLogger.java:159)- ==> Parameters: 
2019-05-18 17:56:28,605 DEBUG (BaseJdbcLogger.java:159)- <==      Total: 49
2019-05-18 17:56:28,621 INFO (InitListener.java:53)- [Job [id=1, keycode=行业, parameter=文员助理, fathernode=0], Job [id=2, keycode=行业, parameter=市场推广, fathernode=0], Job [id=3, keycode=行业, parameter=家教培训, fathernode=0], Job [id=4, keycode=行业, parameter=餐饮服务, fathernode=0], Job [id=5, keycode=行业, parameter=店员导购, fathernode=0], Job [id=6, keycode=行业, parameter=物流仓库, fathernode=0], Job [id=7, keycode=行业, parameter=展会演出, fathernode=0], Job [id=8, keycode=行业, parameter=线上兼职, fathernode=0], Job [id=9, keycode=行业, parameter=才艺技能, fathernode=0], Job [id=10, keycode=行业, parameter=客服话务, fathernode=0], Job [id=11, keycode=行业, parameter=其他, fathernode=0], Job [id=12, keycode=职业, parameter=运营助理, fathernode=1], Job [id=13, keycode=职业, parameter=资料录入, fathernode=1], Job [id=14, keycode=职业, parameter=信息标注, fathernode=1], Job [id=15, keycode=职业, parameter=行政/文员, fathernode=1], Job [id=16, keycode=职业, parameter=市场调查, fathernode=2], Job [id=17, keycode=职业, parameter=扫码推广, fathernode=2], Job [id=18, keycode=职业, parameter=派单/拉访, fathernode=2], Job [id=19, keycode=职业, parameter=校园代理, fathernode=2], Job [id=20, keycode=职业, parameter=销售, fathernode=2], Job [id=21, keycode=职业, parameter=促销, fathernode=2], Job [id=22, keycode=职业, parameter=其他推广, fathernode=2], Job [id=23, keycode=职业, parameter=辅导培训, fathernode=3], Job [id=24, keycode=职业, parameter=家教, fathernode=3], Job [id=25, keycode=职业, parameter=助教, fathernode=3], Job [id=26, keycode=职业, parameter=才艺老师, fathernode=3], Job [id=27, keycode=职业, parameter=服务生, fathernode=4], Job [id=28, keycode=职业, parameter=外卖配送, fathernode=4], Job [id=29, keycode=职业, parameter=见习经理, fathernode=4], Job [id=30, keycode=职业, parameter=店员/收银员, fathernode=5], Job [id=31, keycode=职业, parameter=导购, fathernode=5], Job [id=32, keycode=职业, parameter=打包分拣, fathernode=6], Job [id=33, keycode=职业, parameter=物流配送, fathernode=6], Job [id=34, keycode=职业, parameter=活动协助/执行, fathernode=7], Job [id=35, keycode=职业, parameter=节目观众, fathernode=7], Job [id=36, keycode=职业, parameter=社群运营, fathernode=8], Job [id=37, keycode=职业, parameter=信息标注, fathernode=8], Job [id=38, keycode=职业, parameter=资料录入, fathernode=8], Job [id=39, keycode=职业, parameter=在线主播, fathernode=8], Job [id=40, keycode=职业, parameter=线下主播, fathernode=9], Job [id=41, keycode=职业, parameter=美工设计, fathernode=9], Job [id=42, keycode=职业, parameter=资料录入, fathernode=9], Job [id=43, keycode=职业, parameter=在线主播, fathernode=9], Job [id=44, keycode=职业, parameter=客服, fathernode=10], Job [id=45, keycode=职业, parameter=话务员, fathernode=10], Job [id=46, keycode=职业, parameter=新奇兼职, fathernode=11], Job [id=47, keycode=职业, parameter=义工旅行, fathernode=11], Job [id=48, keycode=职业, parameter=志愿者, fathernode=11], Job [id=49, keycode=职业, parameter=体验测评, fathernode=11]]
2019-05-18 17:56:31,335 INFO (StartupInfoLogger.java:57)- Started RecruitApplication in 6.376 seconds (JVM running for 1213.081)
2019-05-18 17:59:34,992 DEBUG (LoggingCache.java:62)- Cache Hit Ratio [com.yc.dao.Merchant_wantedjobMapper]: 0.0
2019-05-18 17:59:34,993 DEBUG (BaseJdbcLogger.java:159)- ==>  Preparing: select count(1) from merchant_wantedjob 
2019-05-18 17:59:34,994 DEBUG (BaseJdbcLogger.java:159)- ==> Parameters: 
2019-05-18 17:59:34,997 DEBUG (BaseJdbcLogger.java:159)- <==      Total: 1
2019-05-18 17:59:34,999 DEBUG (LoggingCache.java:62)- Cache Hit Ratio [com.yc.dao.Merchant_wantedjobMapper]: 0.0
2019-05-18 17:59:35,000 DEBUG (BaseJdbcLogger.java:159)- ==>  Preparing: select * from merchant_wantedjob limit ?,? 
2019-05-18 17:59:35,001 DEBUG (BaseJdbcLogger.java:159)- ==> Parameters: 0(Integer), 3(Integer)
2019-05-18 17:59:35,004 DEBUG (BaseJdbcLogger.java:159)- <==      Total: 3
2019-05-18 17:59:42,393 DEBUG (LoggingCache.java:62)- Cache Hit Ratio [com.yc.dao.ApplyinfoMapper]: 0.0
2019-05-18 17:59:42,395 DEBUG (BaseJdbcLogger.java:159)- ==>  Preparing: select * from applyinfo app left join student_baseinfo stu on app.stu_id=stu.stu_id where app.merchant_wantedjob_id = ? 
2019-05-18 17:59:42,396 DEBUG (BaseJdbcLogger.java:159)- ==> Parameters: 11(Integer)
2019-05-18 17:59:42,512 DEBUG (BaseJdbcLogger.java:159)- <==      Total: 0
2019-05-18 17:59:42,514 DEBUG (BaseJdbcLogger.java:159)- ==>  Preparing: insert into applyinfo(stu_id,merchant_wantedjob_id) values(?,?) 
2019-05-18 17:59:42,515 DEBUG (BaseJdbcLogger.java:159)- ==> Parameters: 1(Integer), 11(Integer)
2019-05-18 17:59:42,603 DEBUG (BaseJdbcLogger.java:159)- <==    Updates: 1
2019-05-18 18:09:58,468 DEBUG (LoggingCache.java:62)- Cache Hit Ratio [com.yc.dao.Merchant_wantedjobMapper]: 0.0
2019-05-18 18:09:58,469 DEBUG (BaseJdbcLogger.java:159)- ==>  Preparing: select count(1) from merchant_wantedjob 
2019-05-18 18:09:58,470 DEBUG (BaseJdbcLogger.java:159)- ==> Parameters: 
2019-05-18 18:09:58,472 DEBUG (BaseJdbcLogger.java:159)- <==      Total: 1
2019-05-18 18:09:58,474 DEBUG (LoggingCache.java:62)- Cache Hit Ratio [com.yc.dao.Merchant_wantedjobMapper]: 0.0
2019-05-18 18:09:58,475 DEBUG (BaseJdbcLogger.java:159)- ==>  Preparing: select * from merchant_wantedjob limit ?,? 
2019-05-18 18:09:58,479 DEBUG (BaseJdbcLogger.java:159)- ==> Parameters: 0(Integer), 3(Integer)
2019-05-18 18:09:58,483 DEBUG (BaseJdbcLogger.java:159)- <==      Total: 3
2019-05-18 18:12:01,662 DEBUG (LoggingCache.java:62)- Cache Hit Ratio [com.yc.dao.Merchant_wantedjobMapper]: 0.0
2019-05-18 18:12:01,662 DEBUG (BaseJdbcLogger.java:159)- ==>  Preparing: select count(1) from merchant_wantedjob 
2019-05-18 18:12:01,663 DEBUG (BaseJdbcLogger.java:159)- ==> Parameters: 
2019-05-18 18:12:01,665 DEBUG (BaseJdbcLogger.java:159)- <==      Total: 1
2019-05-18 18:12:01,666 DEBUG (LoggingCache.java:62)- Cache Hit Ratio [com.yc.dao.Merchant_wantedjobMapper]: 0.0
2019-05-18 18:12:01,667 DEBUG (BaseJdbcLogger.java:159)- ==>  Preparing: select * from merchant_wantedjob limit ?,? 
2019-05-18 18:12:01,669 DEBUG (BaseJdbcLogger.java:159)- ==> Parameters: 3(Integer), 3(Integer)
2019-05-18 18:12:01,671 DEBUG (BaseJdbcLogger.java:159)- <==      Total: 3
2019-05-18 18:12:05,442 DEBUG (LoggingCache.java:62)- Cache Hit Ratio [com.yc.dao.Merchant_wantedjobMapper]: 0.14285714285714285
2019-05-18 18:12:05,443 DEBUG (LoggingCache.java:62)- Cache Hit Ratio [com.yc.dao.Merchant_wantedjobMapper]: 0.125
2019-05-18 18:12:05,444 DEBUG (BaseJdbcLogger.java:159)- ==>  Preparing: select * from merchant_wantedjob limit ?,? 
2019-05-18 18:12:05,445 DEBUG (BaseJdbcLogger.java:159)- ==> Parameters: 0(Integer), 3(Integer)
2019-05-18 18:12:05,452 DEBUG (BaseJdbcLogger.java:159)- <==      Total: 3
2019-05-18 18:12:47,375 DEBUG (LoggingCache.java:62)- Cache Hit Ratio [com.yc.dao.Merchant_wantedjobMapper]: 0.2222222222222222
2019-05-18 18:12:47,376 DEBUG (LoggingCache.java:62)- Cache Hit Ratio [com.yc.dao.Merchant_wantedjobMapper]: 0.3
2019-05-18 18:12:57,270 DEBUG (LoggingCache.java:62)- Cache Hit Ratio [com.yc.dao.Merchant_wantedjobMapper]: 0.36363636363636365
2019-05-18 18:12:57,272 DEBUG (LoggingCache.java:62)- Cache Hit Ratio [com.yc.dao.Merchant_wantedjobMapper]: 0.4166666666666667
2019-05-18 18:12:58,461 DEBUG (LoggingCache.java:62)- Cache Hit Ratio [com.yc.dao.Merchant_wantedjobMapper]: 0.46153846153846156
2019-05-18 18:12:58,462 DEBUG (LoggingCache.java:62)- Cache Hit Ratio [com.yc.dao.Merchant_wantedjobMapper]: 0.5
2019-05-18 18:13:01,616 DEBUG (LoggingCache.java:62)- Cache Hit Ratio [com.yc.dao.Merchant_wantedjobMapper]: 0.5333333333333333
2019-05-18 18:13:01,617 DEBUG (LoggingCache.java:62)- Cache Hit Ratio [com.yc.dao.Merchant_wantedjobMapper]: 0.5625
2019-05-18 18:13:03,712 DEBUG (LoggingCache.java:62)- Cache Hit Ratio [com.yc.dao.Merchant_wantedjobMapper]: 0.5294117647058824
2019-05-18 18:13:03,712 DEBUG (BaseJdbcLogger.java:159)- ==>  Preparing: select count(1) from merchant_wantedjob 
2019-05-18 18:13:03,714 DEBUG (BaseJdbcLogger.java:159)- ==> Parameters: 
2019-05-18 18:13:03,715 DEBUG (BaseJdbcLogger.java:159)- <==      Total: 1
2019-05-18 18:13:03,717 DEBUG (LoggingCache.java:62)- Cache Hit Ratio [com.yc.dao.Merchant_wantedjobMapper]: 0.5
2019-05-18 18:13:03,718 DEBUG (BaseJdbcLogger.java:159)- ==>  Preparing: select * from merchant_wantedjob limit ?,? 
2019-05-18 18:13:03,720 DEBUG (BaseJdbcLogger.java:159)- ==> Parameters: 6(Integer), 3(Integer)
2019-05-18 18:13:03,725 DEBUG (BaseJdbcLogger.java:159)- <==      Total: 1
2019-05-18 18:13:05,282 DEBUG (LoggingCache.java:62)- Cache Hit Ratio [com.yc.dao.Merchant_wantedjobMapper]: 0.5263157894736842
2019-05-18 18:13:05,283 DEBUG (LoggingCache.java:62)- Cache Hit Ratio [com.yc.dao.Merchant_wantedjobMapper]: 0.5
2019-05-18 18:13:05,283 DEBUG (BaseJdbcLogger.java:159)- ==>  Preparing: select * from merchant_wantedjob limit ?,? 
2019-05-18 18:13:05,285 DEBUG (BaseJdbcLogger.java:159)- ==> Parameters: 3(Integer), 3(Integer)
2019-05-18 18:13:05,295 DEBUG (BaseJdbcLogger.java:159)- <==      Total: 3
2019-05-18 18:13:07,258 DEBUG (LoggingCache.java:62)- Cache Hit Ratio [com.yc.dao.Merchant_wantedjobMapper]: 0.5238095238095238
2019-05-18 18:13:07,260 DEBUG (LoggingCache.java:62)- Cache Hit Ratio [com.yc.dao.Merchant_wantedjobMapper]: 0.5
2019-05-18 18:13:07,260 DEBUG (BaseJdbcLogger.java:159)- ==>  Preparing: select * from merchant_wantedjob limit ?,? 
2019-05-18 18:13:07,261 DEBUG (BaseJdbcLogger.java:159)- ==> Parameters: 0(Integer), 3(Integer)
2019-05-18 18:13:07,265 DEBUG (BaseJdbcLogger.java:159)- <==      Total: 3
2019-05-18 18:13:08,515 DEBUG (LoggingCache.java:62)- Cache Hit Ratio [com.yc.dao.Merchant_wantedjobMapper]: 0.5217391304347826
2019-05-18 18:13:08,516 DEBUG (LoggingCache.java:62)- Cache Hit Ratio [com.yc.dao.Merchant_wantedjobMapper]: 0.5416666666666666
2019-05-18 18:13:10,165 DEBUG (LoggingCache.java:62)- Cache Hit Ratio [com.yc.dao.Merchant_wantedjobMapper]: 0.56
2019-05-18 18:13:10,166 DEBUG (LoggingCache.java:62)- Cache Hit Ratio [com.yc.dao.Merchant_wantedjobMapper]: 0.5769230769230769
2019-05-18 18:51:22,483 INFO (StartupInfoLogger.java:48)- Starting RecruitApplication on SKJ-PC with PID 7328 (E:\javawork\college_parttimejob\target\classes started by SKJ in E:\javawork\college_parttimejob)
2019-05-18 18:51:22,501 DEBUG (StartupInfoLogger.java:51)- Running with Spring Boot v1.5.4.RELEASE, Spring v4.3.9.RELEASE
2019-05-18 18:51:22,502 INFO (SpringApplication.java:597)- The following profiles are active: dev
2019-05-18 18:51:31,542 DEBUG (LoggingCache.java:62)- Cache Hit Ratio [com.yc.dao.JobMapper]: 0.0
2019-05-18 18:51:32,052 DEBUG (BaseJdbcLogger.java:159)- ==>  Preparing: select * from job 
2019-05-18 18:51:32,084 DEBUG (BaseJdbcLogger.java:159)- ==> Parameters: 
2019-05-18 18:51:32,201 DEBUG (BaseJdbcLogger.java:159)- <==      Total: 49
2019-05-18 18:51:32,329 INFO (InitListener.java:53)- [Job [id=1, keycode=行业, parameter=文员助理, fathernode=0], Job [id=2, keycode=行业, parameter=市场推广, fathernode=0], Job [id=3, keycode=行业, parameter=家教培训, fathernode=0], Job [id=4, keycode=行业, parameter=餐饮服务, fathernode=0], Job [id=5, keycode=行业, parameter=店员导购, fathernode=0], Job [id=6, keycode=行业, parameter=物流仓库, fathernode=0], Job [id=7, keycode=行业, parameter=展会演出, fathernode=0], Job [id=8, keycode=行业, parameter=线上兼职, fathernode=0], Job [id=9, keycode=行业, parameter=才艺技能, fathernode=0], Job [id=10, keycode=行业, parameter=客服话务, fathernode=0], Job [id=11, keycode=行业, parameter=其他, fathernode=0], Job [id=12, keycode=职业, parameter=运营助理, fathernode=1], Job [id=13, keycode=职业, parameter=资料录入, fathernode=1], Job [id=14, keycode=职业, parameter=信息标注, fathernode=1], Job [id=15, keycode=职业, parameter=行政/文员, fathernode=1], Job [id=16, keycode=职业, parameter=市场调查, fathernode=2], Job [id=17, keycode=职业, parameter=扫码推广, fathernode=2], Job [id=18, keycode=职业, parameter=派单/拉访, fathernode=2], Job [id=19, keycode=职业, parameter=校园代理, fathernode=2], Job [id=20, keycode=职业, parameter=销售, fathernode=2], Job [id=21, keycode=职业, parameter=促销, fathernode=2], Job [id=22, keycode=职业, parameter=其他推广, fathernode=2], Job [id=23, keycode=职业, parameter=辅导培训, fathernode=3], Job [id=24, keycode=职业, parameter=家教, fathernode=3], Job [id=25, keycode=职业, parameter=助教, fathernode=3], Job [id=26, keycode=职业, parameter=才艺老师, fathernode=3], Job [id=27, keycode=职业, parameter=服务生, fathernode=4], Job [id=28, keycode=职业, parameter=外卖配送, fathernode=4], Job [id=29, keycode=职业, parameter=见习经理, fathernode=4], Job [id=30, keycode=职业, parameter=店员/收银员, fathernode=5], Job [id=31, keycode=职业, parameter=导购, fathernode=5], Job [id=32, keycode=职业, parameter=打包分拣, fathernode=6], Job [id=33, keycode=职业, parameter=物流配送, fathernode=6], Job [id=34, keycode=职业, parameter=活动协助/执行, fathernode=7], Job [id=35, keycode=职业, parameter=节目观众, fathernode=7], Job [id=36, keycode=职业, parameter=社群运营, fathernode=8], Job [id=37, keycode=职业, parameter=信息标注, fathernode=8], Job [id=38, keycode=职业, parameter=资料录入, fathernode=8], Job [id=39, keycode=职业, parameter=在线主播, fathernode=8], Job [id=40, keycode=职业, parameter=线下主播, fathernode=9], Job [id=41, keycode=职业, parameter=美工设计, fathernode=9], Job [id=42, keycode=职业, parameter=资料录入, fathernode=9], Job [id=43, keycode=职业, parameter=在线主播, fathernode=9], Job [id=44, keycode=职业, parameter=客服, fathernode=10], Job [id=45, keycode=职业, parameter=话务员, fathernode=10], Job [id=46, keycode=职业, parameter=新奇兼职, fathernode=11], Job [id=47, keycode=职业, parameter=义工旅行, fathernode=11], Job [id=48, keycode=职业, parameter=志愿者, fathernode=11], Job [id=49, keycode=职业, parameter=体验测评, fathernode=11]]
2019-05-18 18:51:38,300 INFO (StartupInfoLogger.java:57)- Started RecruitApplication in 17.185 seconds (JVM running for 20.225)
2019-05-18 18:55:34,619 DEBUG (LoggingCache.java:62)- Cache Hit Ratio [com.yc.dao.Merchant_baseinfoMapper]: 0.0
2019-05-18 18:55:34,620 DEBUG (BaseJdbcLogger.java:159)- ==>  Preparing: select count(1) from merchant_baseinfo where merchant_username=? 
2019-05-18 18:55:34,621 DEBUG (BaseJdbcLogger.java:159)- ==> Parameters: a(String)
2019-05-18 18:55:34,699 DEBUG (BaseJdbcLogger.java:159)- <==      Total: 1
2019-05-18 18:55:41,460 DEBUG (BaseJdbcLogger.java:159)- ==>  Preparing: select * from Student_baseinfo where stu_password=? and stu_name=? 
2019-05-18 18:55:41,462 DEBUG (BaseJdbcLogger.java:159)- ==> Parameters: a(String), a(String)
2019-05-18 18:55:41,518 DEBUG (BaseJdbcLogger.java:159)- <==      Total: 1
2019-05-18 18:55:44,449 DEBUG (LoggingCache.java:62)- Cache Hit Ratio [com.yc.dao.Merchant_wantedjobMapper]: 0.0
2019-05-18 18:55:44,450 DEBUG (BaseJdbcLogger.java:159)- ==>  Preparing: select count(1) from merchant_wantedjob 
2019-05-18 18:55:44,451 DEBUG (BaseJdbcLogger.java:159)- ==> Parameters: 
2019-05-18 18:55:44,474 DEBUG (BaseJdbcLogger.java:159)- <==      Total: 1
2019-05-18 18:55:44,478 DEBUG (LoggingCache.java:62)- Cache Hit Ratio [com.yc.dao.Merchant_wantedjobMapper]: 0.0
2019-05-18 18:55:44,479 DEBUG (BaseJdbcLogger.java:159)- ==>  Preparing: select * from merchant_wantedjob limit ?,? 
2019-05-18 18:55:44,480 DEBUG (BaseJdbcLogger.java:159)- ==> Parameters: 0(Integer), 3(Integer)
2019-05-18 18:55:44,484 DEBUG (BaseJdbcLogger.java:159)- <==      Total: 3
2019-05-18 19:01:24,559 DEBUG (BaseJdbcLogger.java:159)- ==>  Preparing: select * from student_wantedjob where stu_id=? 
2019-05-18 19:01:24,560 DEBUG (BaseJdbcLogger.java:159)- ==> Parameters: 1(Integer)
2019-05-18 19:01:24,667 DEBUG (BaseJdbcLogger.java:159)- <==      Total: 1
2019-05-18 19:01:24,669 DEBUG (BaseJdbcLogger.java:159)- ==>  Preparing: update Student_wantedjob set workplace=?,salary=?,job_id=?,workcleanform=? where stu_id=? 
2019-05-18 19:01:24,671 DEBUG (BaseJdbcLogger.java:159)- ==> Parameters: null, 0.0(Double), null, null, 1(Integer)
2019-05-18 19:03:28,713 INFO (StartupInfoLogger.java:48)- Starting RecruitApplication on SKJ-PC with PID 7328 (E:\javawork\college_parttimejob\target\classes started by SKJ in E:\javawork\college_parttimejob)
2019-05-18 19:03:28,714 DEBUG (StartupInfoLogger.java:51)- Running with Spring Boot v1.5.4.RELEASE, Spring v4.3.9.RELEASE
2019-05-18 19:03:28,714 INFO (SpringApplication.java:597)- The following profiles are active: dev
2019-05-18 19:03:30,944 DEBUG (LoggingCache.java:62)- Cache Hit Ratio [com.yc.dao.JobMapper]: 0.0
2019-05-18 19:03:31,023 DEBUG (BaseJdbcLogger.java:159)- ==>  Preparing: select * from job 
2019-05-18 19:03:31,024 DEBUG (BaseJdbcLogger.java:159)- ==> Parameters: 
2019-05-18 19:03:31,039 DEBUG (BaseJdbcLogger.java:159)- <==      Total: 49
2019-05-18 19:03:31,056 INFO (InitListener.java:53)- [Job [id=1, keycode=行业, parameter=文员助理, fathernode=0], Job [id=2, keycode=行业, parameter=市场推广, fathernode=0], Job [id=3, keycode=行业, parameter=家教培训, fathernode=0], Job [id=4, keycode=行业, parameter=餐饮服务, fathernode=0], Job [id=5, keycode=行业, parameter=店员导购, fathernode=0], Job [id=6, keycode=行业, parameter=物流仓库, fathernode=0], Job [id=7, keycode=行业, parameter=展会演出, fathernode=0], Job [id=8, keycode=行业, parameter=线上兼职, fathernode=0], Job [id=9, keycode=行业, parameter=才艺技能, fathernode=0], Job [id=10, keycode=行业, parameter=客服话务, fathernode=0], Job [id=11, keycode=行业, parameter=其他, fathernode=0], Job [id=12, keycode=职业, parameter=运营助理, fathernode=1], Job [id=13, keycode=职业, parameter=资料录入, fathernode=1], Job [id=14, keycode=职业, parameter=信息标注, fathernode=1], Job [id=15, keycode=职业, parameter=行政/文员, fathernode=1], Job [id=16, keycode=职业, parameter=市场调查, fathernode=2], Job [id=17, keycode=职业, parameter=扫码推广, fathernode=2], Job [id=18, keycode=职业, parameter=派单/拉访, fathernode=2], Job [id=19, keycode=职业, parameter=校园代理, fathernode=2], Job [id=20, keycode=职业, parameter=销售, fathernode=2], Job [id=21, keycode=职业, parameter=促销, fathernode=2], Job [id=22, keycode=职业, parameter=其他推广, fathernode=2], Job [id=23, keycode=职业, parameter=辅导培训, fathernode=3], Job [id=24, keycode=职业, parameter=家教, fathernode=3], Job [id=25, keycode=职业, parameter=助教, fathernode=3], Job [id=26, keycode=职业, parameter=才艺老师, fathernode=3], Job [id=27, keycode=职业, parameter=服务生, fathernode=4], Job [id=28, keycode=职业, parameter=外卖配送, fathernode=4], Job [id=29, keycode=职业, parameter=见习经理, fathernode=4], Job [id=30, keycode=职业, parameter=店员/收银员, fathernode=5], Job [id=31, keycode=职业, parameter=导购, fathernode=5], Job [id=32, keycode=职业, parameter=打包分拣, fathernode=6], Job [id=33, keycode=职业, parameter=物流配送, fathernode=6], Job [id=34, keycode=职业, parameter=活动协助/执行, fathernode=7], Job [id=35, keycode=职业, parameter=节目观众, fathernode=7], Job [id=36, keycode=职业, parameter=社群运营, fathernode=8], Job [id=37, keycode=职业, parameter=信息标注, fathernode=8], Job [id=38, keycode=职业, parameter=资料录入, fathernode=8], Job [id=39, keycode=职业, parameter=在线主播, fathernode=8], Job [id=40, keycode=职业, parameter=线下主播, fathernode=9], Job [id=41, keycode=职业, parameter=美工设计, fathernode=9], Job [id=42, keycode=职业, parameter=资料录入, fathernode=9], Job [id=43, keycode=职业, parameter=在线主播, fathernode=9], Job [id=44, keycode=职业, parameter=客服, fathernode=10], Job [id=45, keycode=职业, parameter=话务员, fathernode=10], Job [id=46, keycode=职业, parameter=新奇兼职, fathernode=11], Job [id=47, keycode=职业, parameter=义工旅行, fathernode=11], Job [id=48, keycode=职业, parameter=志愿者, fathernode=11], Job [id=49, keycode=职业, parameter=体验测评, fathernode=11]]
2019-05-18 19:04:55,388 INFO (StartupInfoLogger.java:48)- Starting RecruitApplication on SKJ-PC with PID 7328 (E:\javawork\college_parttimejob\target\classes started by SKJ in E:\javawork\college_parttimejob)
2019-05-18 19:04:55,389 DEBUG (StartupInfoLogger.java:51)- Running with Spring Boot v1.5.4.RELEASE, Spring v4.3.9.RELEASE
2019-05-18 19:04:55,389 INFO (SpringApplication.java:597)- The following profiles are active: dev
2019-05-18 19:04:57,658 DEBUG (LoggingCache.java:62)- Cache Hit Ratio [com.yc.dao.JobMapper]: 0.0
2019-05-18 19:04:57,721 DEBUG (BaseJdbcLogger.java:159)- ==>  Preparing: select * from job 
2019-05-18 19:04:57,722 DEBUG (BaseJdbcLogger.java:159)- ==> Parameters: 
2019-05-18 19:04:57,727 DEBUG (BaseJdbcLogger.java:159)- <==      Total: 49
2019-05-18 19:04:57,742 INFO (InitListener.java:53)- [Job [id=1, keycode=行业, parameter=文员助理, fathernode=0], Job [id=2, keycode=行业, parameter=市场推广, fathernode=0], Job [id=3, keycode=行业, parameter=家教培训, fathernode=0], Job [id=4, keycode=行业, parameter=餐饮服务, fathernode=0], Job [id=5, keycode=行业, parameter=店员导购, fathernode=0], Job [id=6, keycode=行业, parameter=物流仓库, fathernode=0], Job [id=7, keycode=行业, parameter=展会演出, fathernode=0], Job [id=8, keycode=行业, parameter=线上兼职, fathernode=0], Job [id=9, keycode=行业, parameter=才艺技能, fathernode=0], Job [id=10, keycode=行业, parameter=客服话务, fathernode=0], Job [id=11, keycode=行业, parameter=其他, fathernode=0], Job [id=12, keycode=职业, parameter=运营助理, fathernode=1], Job [id=13, keycode=职业, parameter=资料录入, fathernode=1], Job [id=14, keycode=职业, parameter=信息标注, fathernode=1], Job [id=15, keycode=职业, parameter=行政/文员, fathernode=1], Job [id=16, keycode=职业, parameter=市场调查, fathernode=2], Job [id=17, keycode=职业, parameter=扫码推广, fathernode=2], Job [id=18, keycode=职业, parameter=派单/拉访, fathernode=2], Job [id=19, keycode=职业, parameter=校园代理, fathernode=2], Job [id=20, keycode=职业, parameter=销售, fathernode=2], Job [id=21, keycode=职业, parameter=促销, fathernode=2], Job [id=22, keycode=职业, parameter=其他推广, fathernode=2], Job [id=23, keycode=职业, parameter=辅导培训, fathernode=3], Job [id=24, keycode=职业, parameter=家教, fathernode=3], Job [id=25, keycode=职业, parameter=助教, fathernode=3], Job [id=26, keycode=职业, parameter=才艺老师, fathernode=3], Job [id=27, keycode=职业, parameter=服务生, fathernode=4], Job [id=28, keycode=职业, parameter=外卖配送, fathernode=4], Job [id=29, keycode=职业, parameter=见习经理, fathernode=4], Job [id=30, keycode=职业, parameter=店员/收银员, fathernode=5], Job [id=31, keycode=职业, parameter=导购, fathernode=5], Job [id=32, keycode=职业, parameter=打包分拣, fathernode=6], Job [id=33, keycode=职业, parameter=物流配送, fathernode=6], Job [id=34, keycode=职业, parameter=活动协助/执行, fathernode=7], Job [id=35, keycode=职业, parameter=节目观众, fathernode=7], Job [id=36, keycode=职业, parameter=社群运营, fathernode=8], Job [id=37, keycode=职业, parameter=信息标注, fathernode=8], Job [id=38, keycode=职业, parameter=资料录入, fathernode=8], Job [id=39, keycode=职业, parameter=在线主播, fathernode=8], Job [id=40, keycode=职业, parameter=线下主播, fathernode=9], Job [id=41, keycode=职业, parameter=美工设计, fathernode=9], Job [id=42, keycode=职业, parameter=资料录入, fathernode=9], Job [id=43, keycode=职业, parameter=在线主播, fathernode=9], Job [id=44, keycode=职业, parameter=客服, fathernode=10], Job [id=45, keycode=职业, parameter=话务员, fathernode=10], Job [id=46, keycode=职业, parameter=新奇兼职, fathernode=11], Job [id=47, keycode=职业, parameter=义工旅行, fathernode=11], Job [id=48, keycode=职业, parameter=志愿者, fathernode=11], Job [id=49, keycode=职业, parameter=体验测评, fathernode=11]]
2019-05-18 19:05:17,710 INFO (StartupInfoLogger.java:48)- Starting RecruitApplication on SKJ-PC with PID 7328 (E:\javawork\college_parttimejob\target\classes started by SKJ in E:\javawork\college_parttimejob)
2019-05-18 19:05:17,711 DEBUG (StartupInfoLogger.java:51)- Running with Spring Boot v1.5.4.RELEASE, Spring v4.3.9.RELEASE
2019-05-18 19:05:17,711 INFO (SpringApplication.java:597)- The following profiles are active: dev
2019-05-18 19:05:20,223 DEBUG (LoggingCache.java:62)- Cache Hit Ratio [com.yc.dao.JobMapper]: 0.0
2019-05-18 19:05:20,282 DEBUG (BaseJdbcLogger.java:159)- ==>  Preparing: select * from job 
2019-05-18 19:05:20,283 DEBUG (BaseJdbcLogger.java:159)- ==> Parameters: 
2019-05-18 19:05:20,292 DEBUG (BaseJdbcLogger.java:159)- <==      Total: 49
2019-05-18 19:05:20,306 INFO (InitListener.java:53)- [Job [id=1, keycode=行业, parameter=文员助理, fathernode=0], Job [id=2, keycode=行业, parameter=市场推广, fathernode=0], Job [id=3, keycode=行业, parameter=家教培训, fathernode=0], Job [id=4, keycode=行业, parameter=餐饮服务, fathernode=0], Job [id=5, keycode=行业, parameter=店员导购, fathernode=0], Job [id=6, keycode=行业, parameter=物流仓库, fathernode=0], Job [id=7, keycode=行业, parameter=展会演出, fathernode=0], Job [id=8, keycode=行业, parameter=线上兼职, fathernode=0], Job [id=9, keycode=行业, parameter=才艺技能, fathernode=0], Job [id=10, keycode=行业, parameter=客服话务, fathernode=0], Job [id=11, keycode=行业, parameter=其他, fathernode=0], Job [id=12, keycode=职业, parameter=运营助理, fathernode=1], Job [id=13, keycode=职业, parameter=资料录入, fathernode=1], Job [id=14, keycode=职业, parameter=信息标注, fathernode=1], Job [id=15, keycode=职业, parameter=行政/文员, fathernode=1], Job [id=16, keycode=职业, parameter=市场调查, fathernode=2], Job [id=17, keycode=职业, parameter=扫码推广, fathernode=2], Job [id=18, keycode=职业, parameter=派单/拉访, fathernode=2], Job [id=19, keycode=职业, parameter=校园代理, fathernode=2], Job [id=20, keycode=职业, parameter=销售, fathernode=2], Job [id=21, keycode=职业, parameter=促销, fathernode=2], Job [id=22, keycode=职业, parameter=其他推广, fathernode=2], Job [id=23, keycode=职业, parameter=辅导培训, fathernode=3], Job [id=24, keycode=职业, parameter=家教, fathernode=3], Job [id=25, keycode=职业, parameter=助教, fathernode=3], Job [id=26, keycode=职业, parameter=才艺老师, fathernode=3], Job [id=27, keycode=职业, parameter=服务生, fathernode=4], Job [id=28, keycode=职业, parameter=外卖配送, fathernode=4], Job [id=29, keycode=职业, parameter=见习经理, fathernode=4], Job [id=30, keycode=职业, parameter=店员/收银员, fathernode=5], Job [id=31, keycode=职业, parameter=导购, fathernode=5], Job [id=32, keycode=职业, parameter=打包分拣, fathernode=6], Job [id=33, keycode=职业, parameter=物流配送, fathernode=6], Job [id=34, keycode=职业, parameter=活动协助/执行, fathernode=7], Job [id=35, keycode=职业, parameter=节目观众, fathernode=7], Job [id=36, keycode=职业, parameter=社群运营, fathernode=8], Job [id=37, keycode=职业, parameter=信息标注, fathernode=8], Job [id=38, keycode=职业, parameter=资料录入, fathernode=8], Job [id=39, keycode=职业, parameter=在线主播, fathernode=8], Job [id=40, keycode=职业, parameter=线下主播, fathernode=9], Job [id=41, keycode=职业, parameter=美工设计, fathernode=9], Job [id=42, keycode=职业, parameter=资料录入, fathernode=9], Job [id=43, keycode=职业, parameter=在线主播, fathernode=9], Job [id=44, keycode=职业, parameter=客服, fathernode=10], Job [id=45, keycode=职业, parameter=话务员, fathernode=10], Job [id=46, keycode=职业, parameter=新奇兼职, fathernode=11], Job [id=47, keycode=职业, parameter=义工旅行, fathernode=11], Job [id=48, keycode=职业, parameter=志愿者, fathernode=11], Job [id=49, keycode=职业, parameter=体验测评, fathernode=11]]
2019-05-18 19:05:23,876 INFO (StartupInfoLogger.java:48)- Starting RecruitApplication on SKJ-PC with PID 7328 (E:\javawork\college_parttimejob\target\classes started by SKJ in E:\javawork\college_parttimejob)
2019-05-18 19:05:23,876 DEBUG (StartupInfoLogger.java:51)- Running with Spring Boot v1.5.4.RELEASE, Spring v4.3.9.RELEASE
2019-05-18 19:05:23,876 INFO (SpringApplication.java:597)- The following profiles are active: dev
2019-05-18 19:05:26,176 DEBUG (LoggingCache.java:62)- Cache Hit Ratio [com.yc.dao.JobMapper]: 0.0
2019-05-18 19:05:26,242 DEBUG (BaseJdbcLogger.java:159)- ==>  Preparing: select * from job 
2019-05-18 19:05:26,242 DEBUG (BaseJdbcLogger.java:159)- ==> Parameters: 
2019-05-18 19:05:26,249 DEBUG (BaseJdbcLogger.java:159)- <==      Total: 49
2019-05-18 19:05:26,265 INFO (InitListener.java:53)- [Job [id=1, keycode=行业, parameter=文员助理, fathernode=0], Job [id=2, keycode=行业, parameter=市场推广, fathernode=0], Job [id=3, keycode=行业, parameter=家教培训, fathernode=0], Job [id=4, keycode=行业, parameter=餐饮服务, fathernode=0], Job [id=5, keycode=行业, parameter=店员导购, fathernode=0], Job [id=6, keycode=行业, parameter=物流仓库, fathernode=0], Job [id=7, keycode=行业, parameter=展会演出, fathernode=0], Job [id=8, keycode=行业, parameter=线上兼职, fathernode=0], Job [id=9, keycode=行业, parameter=才艺技能, fathernode=0], Job [id=10, keycode=行业, parameter=客服话务, fathernode=0], Job [id=11, keycode=行业, parameter=其他, fathernode=0], Job [id=12, keycode=职业, parameter=运营助理, fathernode=1], Job [id=13, keycode=职业, parameter=资料录入, fathernode=1], Job [id=14, keycode=职业, parameter=信息标注, fathernode=1], Job [id=15, keycode=职业, parameter=行政/文员, fathernode=1], Job [id=16, keycode=职业, parameter=市场调查, fathernode=2], Job [id=17, keycode=职业, parameter=扫码推广, fathernode=2], Job [id=18, keycode=职业, parameter=派单/拉访, fathernode=2], Job [id=19, keycode=职业, parameter=校园代理, fathernode=2], Job [id=20, keycode=职业, parameter=销售, fathernode=2], Job [id=21, keycode=职业, parameter=促销, fathernode=2], Job [id=22, keycode=职业, parameter=其他推广, fathernode=2], Job [id=23, keycode=职业, parameter=辅导培训, fathernode=3], Job [id=24, keycode=职业, parameter=家教, fathernode=3], Job [id=25, keycode=职业, parameter=助教, fathernode=3], Job [id=26, keycode=职业, parameter=才艺老师, fathernode=3], Job [id=27, keycode=职业, parameter=服务生, fathernode=4], Job [id=28, keycode=职业, parameter=外卖配送, fathernode=4], Job [id=29, keycode=职业, parameter=见习经理, fathernode=4], Job [id=30, keycode=职业, parameter=店员/收银员, fathernode=5], Job [id=31, keycode=职业, parameter=导购, fathernode=5], Job [id=32, keycode=职业, parameter=打包分拣, fathernode=6], Job [id=33, keycode=职业, parameter=物流配送, fathernode=6], Job [id=34, keycode=职业, parameter=活动协助/执行, fathernode=7], Job [id=35, keycode=职业, parameter=节目观众, fathernode=7], Job [id=36, keycode=职业, parameter=社群运营, fathernode=8], Job [id=37, keycode=职业, parameter=信息标注, fathernode=8], Job [id=38, keycode=职业, parameter=资料录入, fathernode=8], Job [id=39, keycode=职业, parameter=在线主播, fathernode=8], Job [id=40, keycode=职业, parameter=线下主播, fathernode=9], Job [id=41, keycode=职业, parameter=美工设计, fathernode=9], Job [id=42, keycode=职业, parameter=资料录入, fathernode=9], Job [id=43, keycode=职业, parameter=在线主播, fathernode=9], Job [id=44, keycode=职业, parameter=客服, fathernode=10], Job [id=45, keycode=职业, parameter=话务员, fathernode=10], Job [id=46, keycode=职业, parameter=新奇兼职, fathernode=11], Job [id=47, keycode=职业, parameter=义工旅行, fathernode=11], Job [id=48, keycode=职业, parameter=志愿者, fathernode=11], Job [id=49, keycode=职业, parameter=体验测评, fathernode=11]]
2019-05-18 19:05:35,739 INFO (StartupInfoLogger.java:48)- Starting RecruitApplication on SKJ-PC with PID 7328 (E:\javawork\college_parttimejob\target\classes started by SKJ in E:\javawork\college_parttimejob)
2019-05-18 19:05:35,739 DEBUG (StartupInfoLogger.java:51)- Running with Spring Boot v1.5.4.RELEASE, Spring v4.3.9.RELEASE
2019-05-18 19:05:35,740 INFO (SpringApplication.java:597)- The following profiles are active: dev
2019-05-18 19:05:37,846 DEBUG (LoggingCache.java:62)- Cache Hit Ratio [com.yc.dao.JobMapper]: 0.0
2019-05-18 19:05:37,909 DEBUG (BaseJdbcLogger.java:159)- ==>  Preparing: select * from job 
2019-05-18 19:05:37,910 DEBUG (BaseJdbcLogger.java:159)- ==> Parameters: 
2019-05-18 19:05:37,917 DEBUG (BaseJdbcLogger.java:159)- <==      Total: 49
2019-05-18 19:05:37,930 INFO (InitListener.java:53)- [Job [id=1, keycode=行业, parameter=文员助理, fathernode=0], Job [id=2, keycode=行业, parameter=市场推广, fathernode=0], Job [id=3, keycode=行业, parameter=家教培训, fathernode=0], Job [id=4, keycode=行业, parameter=餐饮服务, fathernode=0], Job [id=5, keycode=行业, parameter=店员导购, fathernode=0], Job [id=6, keycode=行业, parameter=物流仓库, fathernode=0], Job [id=7, keycode=行业, parameter=展会演出, fathernode=0], Job [id=8, keycode=行业, parameter=线上兼职, fathernode=0], Job [id=9, keycode=行业, parameter=才艺技能, fathernode=0], Job [id=10, keycode=行业, parameter=客服话务, fathernode=0], Job [id=11, keycode=行业, parameter=其他, fathernode=0], Job [id=12, keycode=职业, parameter=运营助理, fathernode=1], Job [id=13, keycode=职业, parameter=资料录入, fathernode=1], Job [id=14, keycode=职业, parameter=信息标注, fathernode=1], Job [id=15, keycode=职业, parameter=行政/文员, fathernode=1], Job [id=16, keycode=职业, parameter=市场调查, fathernode=2], Job [id=17, keycode=职业, parameter=扫码推广, fathernode=2], Job [id=18, keycode=职业, parameter=派单/拉访, fathernode=2], Job [id=19, keycode=职业, parameter=校园代理, fathernode=2], Job [id=20, keycode=职业, parameter=销售, fathernode=2], Job [id=21, keycode=职业, parameter=促销, fathernode=2], Job [id=22, keycode=职业, parameter=其他推广, fathernode=2], Job [id=23, keycode=职业, parameter=辅导培训, fathernode=3], Job [id=24, keycode=职业, parameter=家教, fathernode=3], Job [id=25, keycode=职业, parameter=助教, fathernode=3], Job [id=26, keycode=职业, parameter=才艺老师, fathernode=3], Job [id=27, keycode=职业, parameter=服务生, fathernode=4], Job [id=28, keycode=职业, parameter=外卖配送, fathernode=4], Job [id=29, keycode=职业, parameter=见习经理, fathernode=4], Job [id=30, keycode=职业, parameter=店员/收银员, fathernode=5], Job [id=31, keycode=职业, parameter=导购, fathernode=5], Job [id=32, keycode=职业, parameter=打包分拣, fathernode=6], Job [id=33, keycode=职业, parameter=物流配送, fathernode=6], Job [id=34, keycode=职业, parameter=活动协助/执行, fathernode=7], Job [id=35, keycode=职业, parameter=节目观众, fathernode=7], Job [id=36, keycode=职业, parameter=社群运营, fathernode=8], Job [id=37, keycode=职业, parameter=信息标注, fathernode=8], Job [id=38, keycode=职业, parameter=资料录入, fathernode=8], Job [id=39, keycode=职业, parameter=在线主播, fathernode=8], Job [id=40, keycode=职业, parameter=线下主播, fathernode=9], Job [id=41, keycode=职业, parameter=美工设计, fathernode=9], Job [id=42, keycode=职业, parameter=资料录入, fathernode=9], Job [id=43, keycode=职业, parameter=在线主播, fathernode=9], Job [id=44, keycode=职业, parameter=客服, fathernode=10], Job [id=45, keycode=职业, parameter=话务员, fathernode=10], Job [id=46, keycode=职业, parameter=新奇兼职, fathernode=11], Job [id=47, keycode=职业, parameter=义工旅行, fathernode=11], Job [id=48, keycode=职业, parameter=志愿者, fathernode=11], Job [id=49, keycode=职业, parameter=体验测评, fathernode=11]]
2019-05-18 19:06:09,557 INFO (StartupInfoLogger.java:48)- Starting RecruitApplication on SKJ-PC with PID 7328 (E:\javawork\college_parttimejob\target\classes started by SKJ in E:\javawork\college_parttimejob)
2019-05-18 19:06:09,558 DEBUG (StartupInfoLogger.java:51)- Running with Spring Boot v1.5.4.RELEASE, Spring v4.3.9.RELEASE
2019-05-18 19:06:09,558 INFO (SpringApplication.java:597)- The following profiles are active: dev
2019-05-18 19:06:11,424 DEBUG (LoggingCache.java:62)- Cache Hit Ratio [com.yc.dao.JobMapper]: 0.0
2019-05-18 19:06:11,493 DEBUG (BaseJdbcLogger.java:159)- ==>  Preparing: select * from job 
2019-05-18 19:06:11,494 DEBUG (BaseJdbcLogger.java:159)- ==> Parameters: 
2019-05-18 19:06:11,506 DEBUG (BaseJdbcLogger.java:159)- <==      Total: 49
2019-05-18 19:06:11,520 INFO (InitListener.java:53)- [Job [id=1, keycode=行业, parameter=文员助理, fathernode=0], Job [id=2, keycode=行业, parameter=市场推广, fathernode=0], Job [id=3, keycode=行业, parameter=家教培训, fathernode=0], Job [id=4, keycode=行业, parameter=餐饮服务, fathernode=0], Job [id=5, keycode=行业, parameter=店员导购, fathernode=0], Job [id=6, keycode=行业, parameter=物流仓库, fathernode=0], Job [id=7, keycode=行业, parameter=展会演出, fathernode=0], Job [id=8, keycode=行业, parameter=线上兼职, fathernode=0], Job [id=9, keycode=行业, parameter=才艺技能, fathernode=0], Job [id=10, keycode=行业, parameter=客服话务, fathernode=0], Job [id=11, keycode=行业, parameter=其他, fathernode=0], Job [id=12, keycode=职业, parameter=运营助理, fathernode=1], Job [id=13, keycode=职业, parameter=资料录入, fathernode=1], Job [id=14, keycode=职业, parameter=信息标注, fathernode=1], Job [id=15, keycode=职业, parameter=行政/文员, fathernode=1], Job [id=16, keycode=职业, parameter=市场调查, fathernode=2], Job [id=17, keycode=职业, parameter=扫码推广, fathernode=2], Job [id=18, keycode=职业, parameter=派单/拉访, fathernode=2], Job [id=19, keycode=职业, parameter=校园代理, fathernode=2], Job [id=20, keycode=职业, parameter=销售, fathernode=2], Job [id=21, keycode=职业, parameter=促销, fathernode=2], Job [id=22, keycode=职业, parameter=其他推广, fathernode=2], Job [id=23, keycode=职业, parameter=辅导培训, fathernode=3], Job [id=24, keycode=职业, parameter=家教, fathernode=3], Job [id=25, keycode=职业, parameter=助教, fathernode=3], Job [id=26, keycode=职业, parameter=才艺老师, fathernode=3], Job [id=27, keycode=职业, parameter=服务生, fathernode=4], Job [id=28, keycode=职业, parameter=外卖配送, fathernode=4], Job [id=29, keycode=职业, parameter=见习经理, fathernode=4], Job [id=30, keycode=职业, parameter=店员/收银员, fathernode=5], Job [id=31, keycode=职业, parameter=导购, fathernode=5], Job [id=32, keycode=职业, parameter=打包分拣, fathernode=6], Job [id=33, keycode=职业, parameter=物流配送, fathernode=6], Job [id=34, keycode=职业, parameter=活动协助/执行, fathernode=7], Job [id=35, keycode=职业, parameter=节目观众, fathernode=7], Job [id=36, keycode=职业, parameter=社群运营, fathernode=8], Job [id=37, keycode=职业, parameter=信息标注, fathernode=8], Job [id=38, keycode=职业, parameter=资料录入, fathernode=8], Job [id=39, keycode=职业, parameter=在线主播, fathernode=8], Job [id=40, keycode=职业, parameter=线下主播, fathernode=9], Job [id=41, keycode=职业, parameter=美工设计, fathernode=9], Job [id=42, keycode=职业, parameter=资料录入, fathernode=9], Job [id=43, keycode=职业, parameter=在线主播, fathernode=9], Job [id=44, keycode=职业, parameter=客服, fathernode=10], Job [id=45, keycode=职业, parameter=话务员, fathernode=10], Job [id=46, keycode=职业, parameter=新奇兼职, fathernode=11], Job [id=47, keycode=职业, parameter=义工旅行, fathernode=11], Job [id=48, keycode=职业, parameter=志愿者, fathernode=11], Job [id=49, keycode=职业, parameter=体验测评, fathernode=11]]
2019-05-18 19:06:46,121 INFO (StartupInfoLogger.java:48)- Starting RecruitApplication on SKJ-PC with PID 7328 (E:\javawork\college_parttimejob\target\classes started by SKJ in E:\javawork\college_parttimejob)
2019-05-18 19:06:46,123 DEBUG (StartupInfoLogger.java:51)- Running with Spring Boot v1.5.4.RELEASE, Spring v4.3.9.RELEASE
2019-05-18 19:06:46,123 INFO (SpringApplication.java:597)- The following profiles are active: dev
2019-05-18 19:06:47,839 DEBUG (LoggingCache.java:62)- Cache Hit Ratio [com.yc.dao.JobMapper]: 0.0
2019-05-18 19:06:48,002 DEBUG (BaseJdbcLogger.java:159)- ==>  Preparing: select * from job 
2019-05-18 19:06:48,002 DEBUG (BaseJdbcLogger.java:159)- ==> Parameters: 
2019-05-18 19:06:48,008 DEBUG (BaseJdbcLogger.java:159)- <==      Total: 49
2019-05-18 19:06:48,024 INFO (InitListener.java:53)- [Job [id=1, keycode=行业, parameter=文员助理, fathernode=0], Job [id=2, keycode=行业, parameter=市场推广, fathernode=0], Job [id=3, keycode=行业, parameter=家教培训, fathernode=0], Job [id=4, keycode=行业, parameter=餐饮服务, fathernode=0], Job [id=5, keycode=行业, parameter=店员导购, fathernode=0], Job [id=6, keycode=行业, parameter=物流仓库, fathernode=0], Job [id=7, keycode=行业, parameter=展会演出, fathernode=0], Job [id=8, keycode=行业, parameter=线上兼职, fathernode=0], Job [id=9, keycode=行业, parameter=才艺技能, fathernode=0], Job [id=10, keycode=行业, parameter=客服话务, fathernode=0], Job [id=11, keycode=行业, parameter=其他, fathernode=0], Job [id=12, keycode=职业, parameter=运营助理, fathernode=1], Job [id=13, keycode=职业, parameter=资料录入, fathernode=1], Job [id=14, keycode=职业, parameter=信息标注, fathernode=1], Job [id=15, keycode=职业, parameter=行政/文员, fathernode=1], Job [id=16, keycode=职业, parameter=市场调查, fathernode=2], Job [id=17, keycode=职业, parameter=扫码推广, fathernode=2], Job [id=18, keycode=职业, parameter=派单/拉访, fathernode=2], Job [id=19, keycode=职业, parameter=校园代理, fathernode=2], Job [id=20, keycode=职业, parameter=销售, fathernode=2], Job [id=21, keycode=职业, parameter=促销, fathernode=2], Job [id=22, keycode=职业, parameter=其他推广, fathernode=2], Job [id=23, keycode=职业, parameter=辅导培训, fathernode=3], Job [id=24, keycode=职业, parameter=家教, fathernode=3], Job [id=25, keycode=职业, parameter=助教, fathernode=3], Job [id=26, keycode=职业, parameter=才艺老师, fathernode=3], Job [id=27, keycode=职业, parameter=服务生, fathernode=4], Job [id=28, keycode=职业, parameter=外卖配送, fathernode=4], Job [id=29, keycode=职业, parameter=见习经理, fathernode=4], Job [id=30, keycode=职业, parameter=店员/收银员, fathernode=5], Job [id=31, keycode=职业, parameter=导购, fathernode=5], Job [id=32, keycode=职业, parameter=打包分拣, fathernode=6], Job [id=33, keycode=职业, parameter=物流配送, fathernode=6], Job [id=34, keycode=职业, parameter=活动协助/执行, fathernode=7], Job [id=35, keycode=职业, parameter=节目观众, fathernode=7], Job [id=36, keycode=职业, parameter=社群运营, fathernode=8], Job [id=37, keycode=职业, parameter=信息标注, fathernode=8], Job [id=38, keycode=职业, parameter=资料录入, fathernode=8], Job [id=39, keycode=职业, parameter=在线主播, fathernode=8], Job [id=40, keycode=职业, parameter=线下主播, fathernode=9], Job [id=41, keycode=职业, parameter=美工设计, fathernode=9], Job [id=42, keycode=职业, parameter=资料录入, fathernode=9], Job [id=43, keycode=职业, parameter=在线主播, fathernode=9], Job [id=44, keycode=职业, parameter=客服, fathernode=10], Job [id=45, keycode=职业, parameter=话务员, fathernode=10], Job [id=46, keycode=职业, parameter=新奇兼职, fathernode=11], Job [id=47, keycode=职业, parameter=义工旅行, fathernode=11], Job [id=48, keycode=职业, parameter=志愿者, fathernode=11], Job [id=49, keycode=职业, parameter=体验测评, fathernode=11]]
2019-05-18 19:07:08,996 INFO (StartupInfoLogger.java:48)- Starting RecruitApplication on SKJ-PC with PID 7328 (E:\javawork\college_parttimejob\target\classes started by SKJ in E:\javawork\college_parttimejob)
2019-05-18 19:07:08,997 DEBUG (StartupInfoLogger.java:51)- Running with Spring Boot v1.5.4.RELEASE, Spring v4.3.9.RELEASE
2019-05-18 19:07:08,997 INFO (SpringApplication.java:597)- The following profiles are active: dev
2019-05-18 19:07:10,582 DEBUG (LoggingCache.java:62)- Cache Hit Ratio [com.yc.dao.JobMapper]: 0.0
2019-05-18 19:07:10,705 DEBUG (BaseJdbcLogger.java:159)- ==>  Preparing: select * from job 
2019-05-18 19:07:10,706 DEBUG (BaseJdbcLogger.java:159)- ==> Parameters: 
2019-05-18 19:07:10,711 DEBUG (BaseJdbcLogger.java:159)- <==      Total: 49
2019-05-18 19:07:10,739 INFO (InitListener.java:53)- [Job [id=1, keycode=行业, parameter=文员助理, fathernode=0], Job [id=2, keycode=行业, parameter=市场推广, fathernode=0], Job [id=3, keycode=行业, parameter=家教培训, fathernode=0], Job [id=4, keycode=行业, parameter=餐饮服务, fathernode=0], Job [id=5, keycode=行业, parameter=店员导购, fathernode=0], Job [id=6, keycode=行业, parameter=物流仓库, fathernode=0], Job [id=7, keycode=行业, parameter=展会演出, fathernode=0], Job [id=8, keycode=行业, parameter=线上兼职, fathernode=0], Job [id=9, keycode=行业, parameter=才艺技能, fathernode=0], Job [id=10, keycode=行业, parameter=客服话务, fathernode=0], Job [id=11, keycode=行业, parameter=其他, fathernode=0], Job [id=12, keycode=职业, parameter=运营助理, fathernode=1], Job [id=13, keycode=职业, parameter=资料录入, fathernode=1], Job [id=14, keycode=职业, parameter=信息标注, fathernode=1], Job [id=15, keycode=职业, parameter=行政/文员, fathernode=1], Job [id=16, keycode=职业, parameter=市场调查, fathernode=2], Job [id=17, keycode=职业, parameter=扫码推广, fathernode=2], Job [id=18, keycode=职业, parameter=派单/拉访, fathernode=2], Job [id=19, keycode=职业, parameter=校园代理, fathernode=2], Job [id=20, keycode=职业, parameter=销售, fathernode=2], Job [id=21, keycode=职业, parameter=促销, fathernode=2], Job [id=22, keycode=职业, parameter=其他推广, fathernode=2], Job [id=23, keycode=职业, parameter=辅导培训, fathernode=3], Job [id=24, keycode=职业, parameter=家教, fathernode=3], Job [id=25, keycode=职业, parameter=助教, fathernode=3], Job [id=26, keycode=职业, parameter=才艺老师, fathernode=3], Job [id=27, keycode=职业, parameter=服务生, fathernode=4], Job [id=28, keycode=职业, parameter=外卖配送, fathernode=4], Job [id=29, keycode=职业, parameter=见习经理, fathernode=4], Job [id=30, keycode=职业, parameter=店员/收银员, fathernode=5], Job [id=31, keycode=职业, parameter=导购, fathernode=5], Job [id=32, keycode=职业, parameter=打包分拣, fathernode=6], Job [id=33, keycode=职业, parameter=物流配送, fathernode=6], Job [id=34, keycode=职业, parameter=活动协助/执行, fathernode=7], Job [id=35, keycode=职业, parameter=节目观众, fathernode=7], Job [id=36, keycode=职业, parameter=社群运营, fathernode=8], Job [id=37, keycode=职业, parameter=信息标注, fathernode=8], Job [id=38, keycode=职业, parameter=资料录入, fathernode=8], Job [id=39, keycode=职业, parameter=在线主播, fathernode=8], Job [id=40, keycode=职业, parameter=线下主播, fathernode=9], Job [id=41, keycode=职业, parameter=美工设计, fathernode=9], Job [id=42, keycode=职业, parameter=资料录入, fathernode=9], Job [id=43, keycode=职业, parameter=在线主播, fathernode=9], Job [id=44, keycode=职业, parameter=客服, fathernode=10], Job [id=45, keycode=职业, parameter=话务员, fathernode=10], Job [id=46, keycode=职业, parameter=新奇兼职, fathernode=11], Job [id=47, keycode=职业, parameter=义工旅行, fathernode=11], Job [id=48, keycode=职业, parameter=志愿者, fathernode=11], Job [id=49, keycode=职业, parameter=体验测评, fathernode=11]]
2019-05-18 19:07:14,729 INFO (StartupInfoLogger.java:48)- Starting RecruitApplication on SKJ-PC with PID 7328 (E:\javawork\college_parttimejob\target\classes started by SKJ in E:\javawork\college_parttimejob)
2019-05-18 19:07:14,729 DEBUG (StartupInfoLogger.java:51)- Running with Spring Boot v1.5.4.RELEASE, Spring v4.3.9.RELEASE
2019-05-18 19:07:14,730 INFO (SpringApplication.java:597)- The following profiles are active: dev
2019-05-18 19:07:16,201 DEBUG (LoggingCache.java:62)- Cache Hit Ratio [com.yc.dao.JobMapper]: 0.0
2019-05-18 19:07:16,446 DEBUG (BaseJdbcLogger.java:159)- ==>  Preparing: select * from job 
2019-05-18 19:07:16,447 DEBUG (BaseJdbcLogger.java:159)- ==> Parameters: 
2019-05-18 19:07:16,453 DEBUG (BaseJdbcLogger.java:159)- <==      Total: 49
2019-05-18 19:07:16,488 INFO (InitListener.java:53)- [Job [id=1, keycode=行业, parameter=文员助理, fathernode=0], Job [id=2, keycode=行业, parameter=市场推广, fathernode=0], Job [id=3, keycode=行业, parameter=家教培训, fathernode=0], Job [id=4, keycode=行业, parameter=餐饮服务, fathernode=0], Job [id=5, keycode=行业, parameter=店员导购, fathernode=0], Job [id=6, keycode=行业, parameter=物流仓库, fathernode=0], Job [id=7, keycode=行业, parameter=展会演出, fathernode=0], Job [id=8, keycode=行业, parameter=线上兼职, fathernode=0], Job [id=9, keycode=行业, parameter=才艺技能, fathernode=0], Job [id=10, keycode=行业, parameter=客服话务, fathernode=0], Job [id=11, keycode=行业, parameter=其他, fathernode=0], Job [id=12, keycode=职业, parameter=运营助理, fathernode=1], Job [id=13, keycode=职业, parameter=资料录入, fathernode=1], Job [id=14, keycode=职业, parameter=信息标注, fathernode=1], Job [id=15, keycode=职业, parameter=行政/文员, fathernode=1], Job [id=16, keycode=职业, parameter=市场调查, fathernode=2], Job [id=17, keycode=职业, parameter=扫码推广, fathernode=2], Job [id=18, keycode=职业, parameter=派单/拉访, fathernode=2], Job [id=19, keycode=职业, parameter=校园代理, fathernode=2], Job [id=20, keycode=职业, parameter=销售, fathernode=2], Job [id=21, keycode=职业, parameter=促销, fathernode=2], Job [id=22, keycode=职业, parameter=其他推广, fathernode=2], Job [id=23, keycode=职业, parameter=辅导培训, fathernode=3], Job [id=24, keycode=职业, parameter=家教, fathernode=3], Job [id=25, keycode=职业, parameter=助教, fathernode=3], Job [id=26, keycode=职业, parameter=才艺老师, fathernode=3], Job [id=27, keycode=职业, parameter=服务生, fathernode=4], Job [id=28, keycode=职业, parameter=外卖配送, fathernode=4], Job [id=29, keycode=职业, parameter=见习经理, fathernode=4], Job [id=30, keycode=职业, parameter=店员/收银员, fathernode=5], Job [id=31, keycode=职业, parameter=导购, fathernode=5], Job [id=32, keycode=职业, parameter=打包分拣, fathernode=6], Job [id=33, keycode=职业, parameter=物流配送, fathernode=6], Job [id=34, keycode=职业, parameter=活动协助/执行, fathernode=7], Job [id=35, keycode=职业, parameter=节目观众, fathernode=7], Job [id=36, keycode=职业, parameter=社群运营, fathernode=8], Job [id=37, keycode=职业, parameter=信息标注, fathernode=8], Job [id=38, keycode=职业, parameter=资料录入, fathernode=8], Job [id=39, keycode=职业, parameter=在线主播, fathernode=8], Job [id=40, keycode=职业, parameter=线下主播, fathernode=9], Job [id=41, keycode=职业, parameter=美工设计, fathernode=9], Job [id=42, keycode=职业, parameter=资料录入, fathernode=9], Job [id=43, keycode=职业, parameter=在线主播, fathernode=9], Job [id=44, keycode=职业, parameter=客服, fathernode=10], Job [id=45, keycode=职业, parameter=话务员, fathernode=10], Job [id=46, keycode=职业, parameter=新奇兼职, fathernode=11], Job [id=47, keycode=职业, parameter=义工旅行, fathernode=11], Job [id=48, keycode=职业, parameter=志愿者, fathernode=11], Job [id=49, keycode=职业, parameter=体验测评, fathernode=11]]
2019-05-18 20:20:43,450 INFO (StartupInfoLogger.java:48)- Starting RecruitApplication on SKJ-PC with PID 3896 (E:\javawork\college_parttimejob\target\classes started by SKJ in E:\javawork\college_parttimejob)
2019-05-18 20:20:43,452 DEBUG (StartupInfoLogger.java:51)- Running with Spring Boot v1.5.4.RELEASE, Spring v4.3.9.RELEASE
2019-05-18 20:20:43,452 INFO (SpringApplication.java:597)- The following profiles are active: dev
2019-05-18 20:20:49,784 DEBUG (LoggingCache.java:62)- Cache Hit Ratio [com.yc.dao.JobMapper]: 0.0
2019-05-18 20:20:50,195 DEBUG (BaseJdbcLogger.java:159)- ==>  Preparing: select * from job 
2019-05-18 20:20:50,233 DEBUG (BaseJdbcLogger.java:159)- ==> Parameters: 
2019-05-18 20:20:50,256 DEBUG (BaseJdbcLogger.java:159)- <==      Total: 49
2019-05-18 20:20:50,331 INFO (InitListener.java:53)- [Job [id=1, keycode=行业, parameter=文员助理, fathernode=0], Job [id=2, keycode=行业, parameter=市场推广, fathernode=0], Job [id=3, keycode=行业, parameter=家教培训, fathernode=0], Job [id=4, keycode=行业, parameter=餐饮服务, fathernode=0], Job [id=5, keycode=行业, parameter=店员导购, fathernode=0], Job [id=6, keycode=行业, parameter=物流仓库, fathernode=0], Job [id=7, keycode=行业, parameter=展会演出, fathernode=0], Job [id=8, keycode=行业, parameter=线上兼职, fathernode=0], Job [id=9, keycode=行业, parameter=才艺技能, fathernode=0], Job [id=10, keycode=行业, parameter=客服话务, fathernode=0], Job [id=11, keycode=行业, parameter=其他, fathernode=0], Job [id=12, keycode=职业, parameter=运营助理, fathernode=1], Job [id=13, keycode=职业, parameter=资料录入, fathernode=1], Job [id=14, keycode=职业, parameter=信息标注, fathernode=1], Job [id=15, keycode=职业, parameter=行政/文员, fathernode=1], Job [id=16, keycode=职业, parameter=市场调查, fathernode=2], Job [id=17, keycode=职业, parameter=扫码推广, fathernode=2], Job [id=18, keycode=职业, parameter=派单/拉访, fathernode=2], Job [id=19, keycode=职业, parameter=校园代理, fathernode=2], Job [id=20, keycode=职业, parameter=销售, fathernode=2], Job [id=21, keycode=职业, parameter=促销, fathernode=2], Job [id=22, keycode=职业, parameter=其他推广, fathernode=2], Job [id=23, keycode=职业, parameter=辅导培训, fathernode=3], Job [id=24, keycode=职业, parameter=家教, fathernode=3], Job [id=25, keycode=职业, parameter=助教, fathernode=3], Job [id=26, keycode=职业, parameter=才艺老师, fathernode=3], Job [id=27, keycode=职业, parameter=服务生, fathernode=4], Job [id=28, keycode=职业, parameter=外卖配送, fathernode=4], Job [id=29, keycode=职业, parameter=见习经理, fathernode=4], Job [id=30, keycode=职业, parameter=店员/收银员, fathernode=5], Job [id=31, keycode=职业, parameter=导购, fathernode=5], Job [id=32, keycode=职业, parameter=打包分拣, fathernode=6], Job [id=33, keycode=职业, parameter=物流配送, fathernode=6], Job [id=34, keycode=职业, parameter=活动协助/执行, fathernode=7], Job [id=35, keycode=职业, parameter=节目观众, fathernode=7], Job [id=36, keycode=职业, parameter=社群运营, fathernode=8], Job [id=37, keycode=职业, parameter=信息标注, fathernode=8], Job [id=38, keycode=职业, parameter=资料录入, fathernode=8], Job [id=39, keycode=职业, parameter=在线主播, fathernode=8], Job [id=40, keycode=职业, parameter=线下主播, fathernode=9], Job [id=41, keycode=职业, parameter=美工设计, fathernode=9], Job [id=42, keycode=职业, parameter=资料录入, fathernode=9], Job [id=43, keycode=职业, parameter=在线主播, fathernode=9], Job [id=44, keycode=职业, parameter=客服, fathernode=10], Job [id=45, keycode=职业, parameter=话务员, fathernode=10], Job [id=46, keycode=职业, parameter=新奇兼职, fathernode=11], Job [id=47, keycode=职业, parameter=义工旅行, fathernode=11], Job [id=48, keycode=职业, parameter=志愿者, fathernode=11], Job [id=49, keycode=职业, parameter=体验测评, fathernode=11]]
2019-05-18 20:21:19,522 INFO (StartupInfoLogger.java:48)- Starting RecruitApplication on SKJ-PC with PID 2100 (E:\javawork\college_parttimejob\target\classes started by SKJ in E:\javawork\college_parttimejob)
2019-05-18 20:21:19,524 DEBUG (StartupInfoLogger.java:51)- Running with Spring Boot v1.5.4.RELEASE, Spring v4.3.9.RELEASE
2019-05-18 20:21:19,524 INFO (SpringApplication.java:597)- The following profiles are active: dev
2019-05-18 20:21:27,176 DEBUG (LoggingCache.java:62)- Cache Hit Ratio [com.yc.dao.JobMapper]: 0.0
2019-05-18 20:21:27,602 DEBUG (BaseJdbcLogger.java:159)- ==>  Preparing: select * from job 
2019-05-18 20:21:27,635 DEBUG (BaseJdbcLogger.java:159)- ==> Parameters: 
2019-05-18 20:21:27,658 DEBUG (BaseJdbcLogger.java:159)- <==      Total: 49
2019-05-18 20:21:27,733 INFO (InitListener.java:53)- [Job [id=1, keycode=行业, parameter=文员助理, fathernode=0], Job [id=2, keycode=行业, parameter=市场推广, fathernode=0], Job [id=3, keycode=行业, parameter=家教培训, fathernode=0], Job [id=4, keycode=行业, parameter=餐饮服务, fathernode=0], Job [id=5, keycode=行业, parameter=店员导购, fathernode=0], Job [id=6, keycode=行业, parameter=物流仓库, fathernode=0], Job [id=7, keycode=行业, parameter=展会演出, fathernode=0], Job [id=8, keycode=行业, parameter=线上兼职, fathernode=0], Job [id=9, keycode=行业, parameter=才艺技能, fathernode=0], Job [id=10, keycode=行业, parameter=客服话务, fathernode=0], Job [id=11, keycode=行业, parameter=其他, fathernode=0], Job [id=12, keycode=职业, parameter=运营助理, fathernode=1], Job [id=13, keycode=职业, parameter=资料录入, fathernode=1], Job [id=14, keycode=职业, parameter=信息标注, fathernode=1], Job [id=15, keycode=职业, parameter=行政/文员, fathernode=1], Job [id=16, keycode=职业, parameter=市场调查, fathernode=2], Job [id=17, keycode=职业, parameter=扫码推广, fathernode=2], Job [id=18, keycode=职业, parameter=派单/拉访, fathernode=2], Job [id=19, keycode=职业, parameter=校园代理, fathernode=2], Job [id=20, keycode=职业, parameter=销售, fathernode=2], Job [id=21, keycode=职业, parameter=促销, fathernode=2], Job [id=22, keycode=职业, parameter=其他推广, fathernode=2], Job [id=23, keycode=职业, parameter=辅导培训, fathernode=3], Job [id=24, keycode=职业, parameter=家教, fathernode=3], Job [id=25, keycode=职业, parameter=助教, fathernode=3], Job [id=26, keycode=职业, parameter=才艺老师, fathernode=3], Job [id=27, keycode=职业, parameter=服务生, fathernode=4], Job [id=28, keycode=职业, parameter=外卖配送, fathernode=4], Job [id=29, keycode=职业, parameter=见习经理, fathernode=4], Job [id=30, keycode=职业, parameter=店员/收银员, fathernode=5], Job [id=31, keycode=职业, parameter=导购, fathernode=5], Job [id=32, keycode=职业, parameter=打包分拣, fathernode=6], Job [id=33, keycode=职业, parameter=物流配送, fathernode=6], Job [id=34, keycode=职业, parameter=活动协助/执行, fathernode=7], Job [id=35, keycode=职业, parameter=节目观众, fathernode=7], Job [id=36, keycode=职业, parameter=社群运营, fathernode=8], Job [id=37, keycode=职业, parameter=信息标注, fathernode=8], Job [id=38, keycode=职业, parameter=资料录入, fathernode=8], Job [id=39, keycode=职业, parameter=在线主播, fathernode=8], Job [id=40, keycode=职业, parameter=线下主播, fathernode=9], Job [id=41, keycode=职业, parameter=美工设计, fathernode=9], Job [id=42, keycode=职业, parameter=资料录入, fathernode=9], Job [id=43, keycode=职业, parameter=在线主播, fathernode=9], Job [id=44, keycode=职业, parameter=客服, fathernode=10], Job [id=45, keycode=职业, parameter=话务员, fathernode=10], Job [id=46, keycode=职业, parameter=新奇兼职, fathernode=11], Job [id=47, keycode=职业, parameter=义工旅行, fathernode=11], Job [id=48, keycode=职业, parameter=志愿者, fathernode=11], Job [id=49, keycode=职业, parameter=体验测评, fathernode=11]]
2019-05-18 20:22:39,559 INFO (StartupInfoLogger.java:48)- Starting RecruitApplication on SKJ-PC with PID 876 (E:\javawork\college_parttimejob\target\classes started by SKJ in E:\javawork\college_parttimejob)
2019-05-18 20:22:39,561 DEBUG (StartupInfoLogger.java:51)- Running with Spring Boot v1.5.4.RELEASE, Spring v4.3.9.RELEASE
2019-05-18 20:22:39,562 INFO (SpringApplication.java:597)- The following profiles are active: dev
2019-05-18 20:22:46,187 DEBUG (LoggingCache.java:62)- Cache Hit Ratio [com.yc.dao.JobMapper]: 0.0
2019-05-18 20:22:46,647 DEBUG (BaseJdbcLogger.java:159)- ==>  Preparing: select * from job 
2019-05-18 20:22:46,679 DEBUG (BaseJdbcLogger.java:159)- ==> Parameters: 
2019-05-18 20:22:46,701 DEBUG (BaseJdbcLogger.java:159)- <==      Total: 49
2019-05-18 20:22:46,780 INFO (InitListener.java:53)- [Job [id=1, keycode=行业, parameter=文员助理, fathernode=0], Job [id=2, keycode=行业, parameter=市场推广, fathernode=0], Job [id=3, keycode=行业, parameter=家教培训, fathernode=0], Job [id=4, keycode=行业, parameter=餐饮服务, fathernode=0], Job [id=5, keycode=行业, parameter=店员导购, fathernode=0], Job [id=6, keycode=行业, parameter=物流仓库, fathernode=0], Job [id=7, keycode=行业, parameter=展会演出, fathernode=0], Job [id=8, keycode=行业, parameter=线上兼职, fathernode=0], Job [id=9, keycode=行业, parameter=才艺技能, fathernode=0], Job [id=10, keycode=行业, parameter=客服话务, fathernode=0], Job [id=11, keycode=行业, parameter=其他, fathernode=0], Job [id=12, keycode=职业, parameter=运营助理, fathernode=1], Job [id=13, keycode=职业, parameter=资料录入, fathernode=1], Job [id=14, keycode=职业, parameter=信息标注, fathernode=1], Job [id=15, keycode=职业, parameter=行政/文员, fathernode=1], Job [id=16, keycode=职业, parameter=市场调查, fathernode=2], Job [id=17, keycode=职业, parameter=扫码推广, fathernode=2], Job [id=18, keycode=职业, parameter=派单/拉访, fathernode=2], Job [id=19, keycode=职业, parameter=校园代理, fathernode=2], Job [id=20, keycode=职业, parameter=销售, fathernode=2], Job [id=21, keycode=职业, parameter=促销, fathernode=2], Job [id=22, keycode=职业, parameter=其他推广, fathernode=2], Job [id=23, keycode=职业, parameter=辅导培训, fathernode=3], Job [id=24, keycode=职业, parameter=家教, fathernode=3], Job [id=25, keycode=职业, parameter=助教, fathernode=3], Job [id=26, keycode=职业, parameter=才艺老师, fathernode=3], Job [id=27, keycode=职业, parameter=服务生, fathernode=4], Job [id=28, keycode=职业, parameter=外卖配送, fathernode=4], Job [id=29, keycode=职业, parameter=见习经理, fathernode=4], Job [id=30, keycode=职业, parameter=店员/收银员, fathernode=5], Job [id=31, keycode=职业, parameter=导购, fathernode=5], Job [id=32, keycode=职业, parameter=打包分拣, fathernode=6], Job [id=33, keycode=职业, parameter=物流配送, fathernode=6], Job [id=34, keycode=职业, parameter=活动协助/执行, fathernode=7], Job [id=35, keycode=职业, parameter=节目观众, fathernode=7], Job [id=36, keycode=职业, parameter=社群运营, fathernode=8], Job [id=37, keycode=职业, parameter=信息标注, fathernode=8], Job [id=38, keycode=职业, parameter=资料录入, fathernode=8], Job [id=39, keycode=职业, parameter=在线主播, fathernode=8], Job [id=40, keycode=职业, parameter=线下主播, fathernode=9], Job [id=41, keycode=职业, parameter=美工设计, fathernode=9], Job [id=42, keycode=职业, parameter=资料录入, fathernode=9], Job [id=43, keycode=职业, parameter=在线主播, fathernode=9], Job [id=44, keycode=职业, parameter=客服, fathernode=10], Job [id=45, keycode=职业, parameter=话务员, fathernode=10], Job [id=46, keycode=职业, parameter=新奇兼职, fathernode=11], Job [id=47, keycode=职业, parameter=义工旅行, fathernode=11], Job [id=48, keycode=职业, parameter=志愿者, fathernode=11], Job [id=49, keycode=职业, parameter=体验测评, fathernode=11]]
2019-05-18 20:24:03,571 INFO (StartupInfoLogger.java:48)- Starting RecruitApplication on SKJ-PC with PID 7580 (E:\javawork\college_parttimejob\target\classes started by SKJ in E:\javawork\college_parttimejob)
2019-05-18 20:24:03,573 DEBUG (StartupInfoLogger.java:51)- Running with Spring Boot v1.5.4.RELEASE, Spring v4.3.9.RELEASE
2019-05-18 20:24:03,573 INFO (SpringApplication.java:597)- The following profiles are active: dev
2019-05-18 20:24:09,958 DEBUG (LoggingCache.java:62)- Cache Hit Ratio [com.yc.dao.JobMapper]: 0.0
2019-05-18 20:24:10,374 DEBUG (BaseJdbcLogger.java:159)- ==>  Preparing: select * from job 
2019-05-18 20:24:10,412 DEBUG (BaseJdbcLogger.java:159)- ==> Parameters: 
2019-05-18 20:24:10,438 DEBUG (BaseJdbcLogger.java:159)- <==      Total: 49
2019-05-18 20:24:10,521 INFO (InitListener.java:53)- [Job [id=1, keycode=行业, parameter=文员助理, fathernode=0], Job [id=2, keycode=行业, parameter=市场推广, fathernode=0], Job [id=3, keycode=行业, parameter=家教培训, fathernode=0], Job [id=4, keycode=行业, parameter=餐饮服务, fathernode=0], Job [id=5, keycode=行业, parameter=店员导购, fathernode=0], Job [id=6, keycode=行业, parameter=物流仓库, fathernode=0], Job [id=7, keycode=行业, parameter=展会演出, fathernode=0], Job [id=8, keycode=行业, parameter=线上兼职, fathernode=0], Job [id=9, keycode=行业, parameter=才艺技能, fathernode=0], Job [id=10, keycode=行业, parameter=客服话务, fathernode=0], Job [id=11, keycode=行业, parameter=其他, fathernode=0], Job [id=12, keycode=职业, parameter=运营助理, fathernode=1], Job [id=13, keycode=职业, parameter=资料录入, fathernode=1], Job [id=14, keycode=职业, parameter=信息标注, fathernode=1], Job [id=15, keycode=职业, parameter=行政/文员, fathernode=1], Job [id=16, keycode=职业, parameter=市场调查, fathernode=2], Job [id=17, keycode=职业, parameter=扫码推广, fathernode=2], Job [id=18, keycode=职业, parameter=派单/拉访, fathernode=2], Job [id=19, keycode=职业, parameter=校园代理, fathernode=2], Job [id=20, keycode=职业, parameter=销售, fathernode=2], Job [id=21, keycode=职业, parameter=促销, fathernode=2], Job [id=22, keycode=职业, parameter=其他推广, fathernode=2], Job [id=23, keycode=职业, parameter=辅导培训, fathernode=3], Job [id=24, keycode=职业, parameter=家教, fathernode=3], Job [id=25, keycode=职业, parameter=助教, fathernode=3], Job [id=26, keycode=职业, parameter=才艺老师, fathernode=3], Job [id=27, keycode=职业, parameter=服务生, fathernode=4], Job [id=28, keycode=职业, parameter=外卖配送, fathernode=4], Job [id=29, keycode=职业, parameter=见习经理, fathernode=4], Job [id=30, keycode=职业, parameter=店员/收银员, fathernode=5], Job [id=31, keycode=职业, parameter=导购, fathernode=5], Job [id=32, keycode=职业, parameter=打包分拣, fathernode=6], Job [id=33, keycode=职业, parameter=物流配送, fathernode=6], Job [id=34, keycode=职业, parameter=活动协助/执行, fathernode=7], Job [id=35, keycode=职业, parameter=节目观众, fathernode=7], Job [id=36, keycode=职业, parameter=社群运营, fathernode=8], Job [id=37, keycode=职业, parameter=信息标注, fathernode=8], Job [id=38, keycode=职业, parameter=资料录入, fathernode=8], Job [id=39, keycode=职业, parameter=在线主播, fathernode=8], Job [id=40, keycode=职业, parameter=线下主播, fathernode=9], Job [id=41, keycode=职业, parameter=美工设计, fathernode=9], Job [id=42, keycode=职业, parameter=资料录入, fathernode=9], Job [id=43, keycode=职业, parameter=在线主播, fathernode=9], Job [id=44, keycode=职业, parameter=客服, fathernode=10], Job [id=45, keycode=职业, parameter=话务员, fathernode=10], Job [id=46, keycode=职业, parameter=新奇兼职, fathernode=11], Job [id=47, keycode=职业, parameter=义工旅行, fathernode=11], Job [id=48, keycode=职业, parameter=志愿者, fathernode=11], Job [id=49, keycode=职业, parameter=体验测评, fathernode=11]]
2019-05-18 20:24:14,611 INFO (StartupInfoLogger.java:57)- Started RecruitApplication in 11.6 seconds (JVM running for 12.331)
2019-05-18 20:24:23,245 DEBUG (LoggingCache.java:62)- Cache Hit Ratio [com.yc.dao.Merchant_wantedjobMapper]: 0.0
2019-05-18 20:24:23,246 DEBUG (BaseJdbcLogger.java:159)- ==>  Preparing: select count(1) from merchant_wantedjob 
2019-05-18 20:24:23,247 DEBUG (BaseJdbcLogger.java:159)- ==> Parameters: 
2019-05-18 20:24:23,252 DEBUG (BaseJdbcLogger.java:159)- <==      Total: 1
2019-05-18 20:24:23,255 DEBUG (LoggingCache.java:62)- Cache Hit Ratio [com.yc.dao.Merchant_wantedjobMapper]: 0.0
2019-05-18 20:24:23,255 DEBUG (BaseJdbcLogger.java:159)- ==>  Preparing: select * from merchant_wantedjob limit ?,? 
2019-05-18 20:24:23,257 DEBUG (BaseJdbcLogger.java:159)- ==> Parameters: 0(Integer), 3(Integer)
2019-05-18 20:24:23,263 DEBUG (BaseJdbcLogger.java:159)- <==      Total: 3
2019-05-18 20:25:36,561 DEBUG (BaseJdbcLogger.java:159)- ==>  Preparing: select * from Student_baseinfo where stu_password=? and stu_name=? 
2019-05-18 20:25:36,563 DEBUG (BaseJdbcLogger.java:159)- ==> Parameters: a(String), a(String)
2019-05-18 20:25:36,568 DEBUG (BaseJdbcLogger.java:159)- <==      Total: 1
2019-05-18 20:25:38,181 DEBUG (LoggingCache.java:62)- Cache Hit Ratio [com.yc.dao.Merchant_wantedjobMapper]: 0.0
2019-05-18 20:25:38,184 DEBUG (BaseJdbcLogger.java:159)- ==>  Preparing: select count(1) from merchant_wantedjob 
2019-05-18 20:25:38,186 DEBUG (BaseJdbcLogger.java:159)- ==> Parameters: 
2019-05-18 20:25:38,188 DEBUG (BaseJdbcLogger.java:159)- <==      Total: 1
2019-05-18 20:25:38,190 DEBUG (LoggingCache.java:62)- Cache Hit Ratio [com.yc.dao.Merchant_wantedjobMapper]: 0.0
2019-05-18 20:25:38,191 DEBUG (BaseJdbcLogger.java:159)- ==>  Preparing: select * from merchant_wantedjob limit ?,? 
2019-05-18 20:25:38,198 DEBUG (BaseJdbcLogger.java:159)- ==> Parameters: 0(Integer), 3(Integer)
2019-05-18 20:25:38,203 DEBUG (BaseJdbcLogger.java:159)- <==      Total: 3
